Copyright 1986-2020 Xilinx, Inc. All Rights Reserved.
---------------------------------------------------------------------------------------
| Tool Version : Vivado v.2020.2 (lin64) Build 3064766 Wed Nov 18 09:12:47 MST 2020
| Date         : Sun Oct 29 13:15:36 2023
| Host         : big11.seas.upenn.edu running 64-bit openSUSE Leap 15.5
| Command      : report_utilization -file full_util_placed.rpt -pb full_util_placed.pb
| Design       : u96v2_sbc_base_wrapper
| Device       : xczu3egsbva484-1
| Design State : Fully Placed
---------------------------------------------------------------------------------------

Utilization Design Information

Table of Contents
-----------------
1. CLB Logic
1.1 Summary of Registers by Type
2. CLB Logic Distribution
3. BLOCKRAM
4. ARITHMETIC
5. I/O
6. CLOCK
7. ADVANCED
8. CONFIGURATION
9. Primitives
10. Black Boxes
11. Instantiated Netlists

1. CLB Logic
------------

+----------------------------+-------+-------+-----------+-------+
|          Site Type         |  Used | Fixed | Available | Util% |
+----------------------------+-------+-------+-----------+-------+
| CLB LUTs                   | 20028 |     0 |     70560 | 28.38 |
|   LUT as Logic             | 17741 |     0 |     70560 | 25.14 |
|   LUT as Memory            |  2287 |     0 |     28800 |  7.94 |
|     LUT as Distributed RAM |  1462 |     0 |           |       |
|     LUT as Shift Register  |   825 |     0 |           |       |
| CLB Registers              | 25138 |     0 |    141120 | 17.81 |
|   Register as Flip Flop    | 25138 |     0 |    141120 | 17.81 |
|   Register as Latch        |     0 |     0 |    141120 |  0.00 |
| CARRY8                     |   111 |     0 |      8820 |  1.26 |
| F7 Muxes                   |   469 |     0 |     35280 |  1.33 |
| F8 Muxes                   |   104 |     0 |     17640 |  0.59 |
| F9 Muxes                   |     0 |     0 |      8820 |  0.00 |
+----------------------------+-------+-------+-----------+-------+


1.1 Summary of Registers by Type
--------------------------------

+-------+--------------+-------------+--------------+
| Total | Clock Enable | Synchronous | Asynchronous |
+-------+--------------+-------------+--------------+
| 0     |            _ |           - |            - |
| 0     |            _ |           - |          Set |
| 0     |            _ |           - |        Reset |
| 0     |            _ |         Set |            - |
| 0     |            _ |       Reset |            - |
| 0     |          Yes |           - |            - |
| 363   |          Yes |           - |          Set |
| 759   |          Yes |           - |        Reset |
| 417   |          Yes |         Set |            - |
| 23599 |          Yes |       Reset |            - |
+-------+--------------+-------------+--------------+


2. CLB Logic Distribution
-------------------------

+--------------------------------------------+-------+-------+-----------+-------+
|                  Site Type                 |  Used | Fixed | Available | Util% |
+--------------------------------------------+-------+-------+-----------+-------+
| CLB                                        |  4386 |     0 |      8820 | 49.73 |
|   CLBL                                     |  2790 |     0 |           |       |
|   CLBM                                     |  1596 |     0 |           |       |
| LUT as Logic                               | 17741 |     0 |     70560 | 25.14 |
|   using O5 output only                     |   598 |       |           |       |
|   using O6 output only                     | 12170 |       |           |       |
|   using O5 and O6                          |  4973 |       |           |       |
| LUT as Memory                              |  2287 |     0 |     28800 |  7.94 |
|   LUT as Distributed RAM                   |  1462 |     0 |           |       |
|     using O5 output only                   |     0 |       |           |       |
|     using O6 output only                   |   756 |       |           |       |
|     using O5 and O6                        |   706 |       |           |       |
|   LUT as Shift Register                    |   825 |     0 |           |       |
|     using O5 output only                   |     0 |       |           |       |
|     using O6 output only                   |   779 |       |           |       |
|     using O5 and O6                        |    46 |       |           |       |
| CLB Registers                              | 25138 |     0 |    141120 | 17.81 |
|   Register driven from within the CLB      | 12311 |       |           |       |
|   Register driven from outside the CLB     | 12827 |       |           |       |
|     LUT in front of the register is unused |  8166 |       |           |       |
|     LUT in front of the register is used   |  4661 |       |           |       |
| Unique Control Sets                        |  1154 |       |     17640 |  6.54 |
+--------------------------------------------+-------+-------+-----------+-------+
* * Note: Available Control Sets calculated as Slices * 2, Review the Control Sets Report for more information regarding control sets.


3. BLOCKRAM
-----------

+-------------------+------+-------+-----------+-------+
|     Site Type     | Used | Fixed | Available | Util% |
+-------------------+------+-------+-----------+-------+
| Block RAM Tile    | 19.5 |     0 |       216 |  9.03 |
|   RAMB36/FIFO*    |   19 |     0 |       216 |  8.80 |
|     RAMB36E2 only |   19 |       |           |       |
|   RAMB18          |    1 |     0 |       432 |  0.23 |
|     RAMB18E2 only |    1 |       |           |       |
+-------------------+------+-------+-----------+-------+
* Note: Each Block RAM Tile only has one FIFO logic available and therefore can accommodate only one FIFO36E2 or one FIFO18E2. However, if a FIFO18E2 occupies a Block RAM Tile, that tile can still accommodate a RAMB18E2


4. ARITHMETIC
-------------

+----------------+------+-------+-----------+-------+
|    Site Type   | Used | Fixed | Available | Util% |
+----------------+------+-------+-----------+-------+
| DSPs           |    2 |     0 |       360 |  0.56 |
|   DSP48E2 only |    2 |       |           |       |
+----------------+------+-------+-----------+-------+


5. I/O
------

+------------------+------+-------+-----------+-------+
|     Site Type    | Used | Fixed | Available | Util% |
+------------------+------+-------+-----------+-------+
| Bonded IOB       |   45 |    45 |        82 | 54.88 |
| HPIOB_M          |   13 |    13 |        26 | 50.00 |
|   INPUT          |    0 |       |           |       |
|   OUTPUT         |   13 |       |           |       |
|   BIDIR          |    0 |       |           |       |
| HPIOB_S          |   14 |    14 |        26 | 53.85 |
|   INPUT          |    0 |       |           |       |
|   OUTPUT         |   14 |       |           |       |
|   BIDIR          |    0 |       |           |       |
| HDIOB_M          |    6 |     6 |        12 | 50.00 |
|   INPUT          |    3 |       |           |       |
|   OUTPUT         |    3 |       |           |       |
|   BIDIR          |    0 |       |           |       |
| HDIOB_S          |   10 |    10 |        12 | 83.33 |
|   INPUT          |    2 |       |           |       |
|   OUTPUT         |    8 |       |           |       |
|   BIDIR          |    0 |       |           |       |
| HPIOB_SNGL       |    2 |     2 |         6 | 33.33 |
|   INPUT          |    0 |       |           |       |
|   OUTPUT         |    2 |       |           |       |
|   BIDIR          |    0 |       |           |       |
| HPIOBDIFFINBUF   |    0 |     0 |        72 |  0.00 |
| HPIOBDIFFOUTBUF  |    0 |     0 |        72 |  0.00 |
| HDIOBDIFFINBUF   |    0 |     0 |        48 |  0.00 |
| BITSLICE_CONTROL |    0 |     0 |        24 |  0.00 |
| BITSLICE_RX_TX   |    0 |     0 |       156 |  0.00 |
| BITSLICE_TX      |    0 |     0 |        24 |  0.00 |
| RIU_OR           |    0 |     0 |        12 |  0.00 |
+------------------+------+-------+-----------+-------+


6. CLOCK
--------

+----------------------+------+-------+-----------+-------+
|       Site Type      | Used | Fixed | Available | Util% |
+----------------------+------+-------+-----------+-------+
| GLOBAL CLOCK BUFFERs |    4 |     0 |       196 |  2.04 |
|   BUFGCE             |    3 |     0 |        88 |  3.41 |
|   BUFGCE_DIV         |    0 |     0 |        12 |  0.00 |
|   BUFG_PS            |    1 |     0 |        72 |  1.39 |
|   BUFGCTRL*          |    0 |     0 |        24 |  0.00 |
| PLL                  |    0 |     0 |         6 |  0.00 |
| MMCM                 |    1 |     0 |         3 | 33.33 |
+----------------------+------+-------+-----------+-------+
* Note: Each used BUFGCTRL counts as two GLOBAL CLOCK BUFFERs. This table does not include global clocking resources, only buffer cell usage. See the Clock Utilization Report (report_clock_utilization) for detailed accounting of global clocking resource availability.


7. ADVANCED
-----------

+-----------+------+-------+-----------+--------+
| Site Type | Used | Fixed | Available |  Util% |
+-----------+------+-------+-----------+--------+
| PS8       |    1 |     0 |         1 | 100.00 |
| SYSMONE4  |    1 |     1 |         1 | 100.00 |
+-----------+------+-------+-----------+--------+


8. CONFIGURATION
----------------

+-------------+------+-------+-----------+-------+
|  Site Type  | Used | Fixed | Available | Util% |
+-------------+------+-------+-----------+-------+
| BSCANE2     |    0 |     0 |         4 |  0.00 |
| DNA_PORTE2  |    0 |     0 |         1 |  0.00 |
| EFUSE_USR   |    0 |     0 |         1 |  0.00 |
| FRAME_ECCE4 |    0 |     0 |         1 |  0.00 |
| ICAPE3      |    0 |     0 |         2 |  0.00 |
| MASTER_JTAG |    0 |     0 |         1 |  0.00 |
| STARTUPE3   |    0 |     0 |         1 |  0.00 |
+-------------+------+-------+-----------+-------+


9. Primitives
-------------

+------------+-------+---------------------+
|  Ref Name  |  Used | Functional Category |
+------------+-------+---------------------+
| FDRE       | 23599 |            Register |
| LUT6       |  6364 |                 CLB |
| LUT3       |  5857 |                 CLB |
| LUT5       |  4651 |                 CLB |
| LUT4       |  3266 |                 CLB |
| LUT2       |  1808 |                 CLB |
| RAMD32     |  1270 |                 CLB |
| LUT1       |   768 |                 CLB |
| FDCE       |   759 |            Register |
| RAMD64E    |   672 |                 CLB |
| SRLC32E    |   664 |                 CLB |
| MUXF7      |   469 |                 CLB |
| FDSE       |   417 |            Register |
| FDPE       |   363 |            Register |
| SRL16E     |   207 |                 CLB |
| RAMS32     |   170 |                 CLB |
| CARRY8     |   111 |                 CLB |
| MUXF8      |   104 |                 CLB |
| RAMS64E    |    56 |                 CLB |
| OBUF       |    40 |                 I/O |
| RAMB36E2   |    19 |            BLOCKRAM |
| INBUF      |     5 |                 I/O |
| IBUFCTRL   |     5 |              Others |
| BUFGCE     |     3 |               Clock |
| DSP48E2    |     2 |          Arithmetic |
| SYSMONE4   |     1 |            Advanced |
| RAMB18E2   |     1 |            BLOCKRAM |
| PS8        |     1 |            Advanced |
| MMCME4_ADV |     1 |               Clock |
| BUFG_PS    |     1 |               Clock |
+------------+-------+---------------------+


10. Black Boxes
---------------

+----------+------+
| Ref Name | Used |
+----------+------+


11. Instantiated Netlists
-------------------------

+------------------------------------------+------+
|                 Ref Name                 | Used |
+------------------------------------------+------+
| u96v2_sbc_base_zynq_ultra_ps_e_0_0       |    1 |
| u96v2_sbc_base_xbar_0                    |    1 |
| u96v2_sbc_base_system_management_wiz_0_0 |    1 |
| u96v2_sbc_base_proc_sys_reset_0_1        |    1 |
| u96v2_sbc_base_proc_sys_reset_0_0        |    1 |
| u96v2_sbc_base_clk_wiz_0_0               |    1 |
| u96v2_sbc_base_blk_mem_gen_0_0           |    1 |
| u96v2_sbc_base_axi_uart16550_1_0         |    1 |
| u96v2_sbc_base_axi_uart16550_0_0         |    1 |
| u96v2_sbc_base_axi_intc_0_0              |    1 |
| u96v2_sbc_base_axi_gpio_2_0              |    1 |
| u96v2_sbc_base_axi_gpio_1_0              |    1 |
| u96v2_sbc_base_axi_gpio_0_0              |    1 |
| u96v2_sbc_base_axi_bram_ctrl_0_0         |    1 |
| u96v2_sbc_base_auto_pc_9                 |    1 |
| u96v2_sbc_base_auto_pc_8                 |    1 |
| u96v2_sbc_base_auto_pc_7                 |    1 |
| u96v2_sbc_base_auto_pc_6                 |    1 |
| u96v2_sbc_base_auto_pc_5                 |    1 |
| u96v2_sbc_base_auto_pc_4                 |    1 |
| u96v2_sbc_base_auto_pc_3                 |    1 |
| u96v2_sbc_base_auto_pc_2                 |    1 |
| u96v2_sbc_base_auto_pc_1                 |    1 |
| u96v2_sbc_base_auto_pc_0                 |    1 |
| u96v2_sbc_base_auto_ds_9                 |    1 |
| u96v2_sbc_base_auto_ds_8                 |    1 |
| u96v2_sbc_base_auto_ds_7                 |    1 |
| u96v2_sbc_base_auto_ds_6                 |    1 |
| u96v2_sbc_base_auto_ds_5                 |    1 |
| u96v2_sbc_base_auto_ds_4                 |    1 |
| u96v2_sbc_base_auto_ds_3                 |    1 |
| u96v2_sbc_base_auto_ds_2                 |    1 |
| u96v2_sbc_base_auto_ds_10                |    1 |
| u96v2_sbc_base_auto_ds_1                 |    1 |
| u96v2_sbc_base_auto_ds_0                 |    1 |
| u96v2_sbc_base_PWM_w_Int_1_0             |    1 |
| u96v2_sbc_base_PWM_w_Int_0_0             |    1 |
| u96v2_sbc_base_Filter_HW_1_0             |    1 |
+------------------------------------------+------+


