

================================================================
== Vitis HLS Report for 'compute_filter_1'
================================================================
* Date:           Fri Oct 27 15:51:14 2023

* Version:        2020.2 (Build 3064766 on Wed Nov 18 09:12:47 MST 2020)
* Project:        ese532_hw7
* Solution:       P4 (Vitis Kernel Flow Target)
* Product family: zynquplus
* Target device:  xczu3eg-sbva484-1-i


================================================================
== Performance Estimates
================================================================
+ Timing: 
    * Summary: 
    +--------+---------+----------+------------+
    |  Clock |  Target | Estimated| Uncertainty|
    +--------+---------+----------+------------+
    |ap_clk  |  6.67 ns|  4.223 ns|     1.80 ns|
    +--------+---------+----------+------------+

+ Latency: 
    * Summary: 
    +---------+---------+----------+----------+--------+--------+----------+
    |  Latency (cycles) |  Latency (absolute) |     Interval    | Pipeline |
    |   min   |   max   |    min   |    max   |   min  |   max  |   Type   |
    +---------+---------+----------+----------+--------+--------+----------+
    |   134747|   386178|  0.898 ms|  2.575 ms|  130952|  255709|  dataflow|
    +---------+---------+----------+----------+--------+--------+----------+

    + Detail: 
        * Instance: 
        +---------------------------+------------------------+---------+---------+-----------+----------+--------+--------+---------+
        |                           |                        |  Latency (cycles) |  Latency (absolute)  |     Interval    | Pipeline|
        |          Instance         |         Module         |   min   |   max   |    min    |    max   |   min  |   max  |   Type  |
        +---------------------------+------------------------+---------+---------+-----------+----------+--------+--------+---------+
        |Filter_vertical_HW_1_U0    |Filter_vertical_HW_1    |     4277|   255708|  28.515 us|  1.705 ms|    4277|  255708|     none|
        |Filter_horizontal_HW_1_U0  |Filter_horizontal_HW_1  |   130951|   130951|   0.873 ms|  0.873 ms|  130951|  130951|     none|
        +---------------------------+------------------------+---------+---------+-----------+----------+--------+--------+---------+

        * Loop: 
        N/A



================================================================
== Utilization Estimates
================================================================
* Summary: 
+-----------------+---------+-----+--------+-------+-----+
|       Name      | BRAM_18K| DSP |   FF   |  LUT  | URAM|
+-----------------+---------+-----+--------+-------+-----+
|DSP              |        -|    -|       -|      -|    -|
|Expression       |        -|    -|       0|      2|    -|
|FIFO             |        -|    -|      99|     67|    -|
|Instance         |        7|    2|     555|   1276|    -|
|Memory           |        -|    -|       -|      -|    -|
|Multiplexer      |        -|    -|       -|      -|    -|
|Register         |        -|    -|       -|      -|    -|
+-----------------+---------+-----+--------+-------+-----+
|Total            |        7|    2|     654|   1345|    0|
+-----------------+---------+-----+--------+-------+-----+
|Available        |      432|  360|  141120|  70560|    0|
+-----------------+---------+-----+--------+-------+-----+
|Utilization (%)  |        1|   ~0|      ~0|      1|    0|
+-----------------+---------+-----+--------+-------+-----+

+ Detail: 
    * Instance: 
    +---------------------------+------------------------+---------+----+-----+-----+-----+
    |          Instance         |         Module         | BRAM_18K| DSP|  FF | LUT | URAM|
    +---------------------------+------------------------+---------+----+-----+-----+-----+
    |Filter_horizontal_HW_1_U0  |Filter_horizontal_HW_1  |        0|   1|  301|  501|    0|
    |Filter_vertical_HW_1_U0    |Filter_vertical_HW_1    |        7|   1|  254|  775|    0|
    +---------------------------+------------------------+---------+----+-----+-----+-----+
    |Total                      |                        |        7|   2|  555| 1276|    0|
    +---------------------------+------------------------+---------+----+-----+-----+-----+

    * DSP: 
    N/A

    * Memory: 
    N/A

    * FIFO: 
    +--------------+---------+----+----+-----+------+-----+---------+
    |     Name     | BRAM_18K| FF | LUT| URAM| Depth| Bits| Size:D*B|
    +--------------+---------+----+----+-----+------+-----+---------+
    |tempStream_U  |        0|  99|   0|    -|     2|    8|       16|
    +--------------+---------+----+----+-----+------+-----+---------+
    |Total         |        0|  99|   0|    0|     2|    8|       16|
    +--------------+---------+----+----+-----+------+-----+---------+

    * Expression: 
    +--------------+----------+----+---+----+------------+------------+
    | Variable Name| Operation| DSP| FF| LUT| Bitwidth P0| Bitwidth P1|
    +--------------+----------+----+---+----+------------+------------+
    |ap_idle       |       and|   0|  0|   2|           1|           1|
    +--------------+----------+----+---+----+------------+------------+
    |Total         |          |   0|  0|   2|           1|           1|
    +--------------+----------+----+---+----+------------+------------+

    * Multiplexer: 
    N/A

    * Register: 
    N/A



================================================================
== Interface
================================================================
* Summary: 
+------------------+-----+-----+------------+------------------+--------------+
|     RTL Ports    | Dir | Bits|  Protocol  |   Source Object  |    C Type    |
+------------------+-----+-----+------------+------------------+--------------+
|inStream_dout     |   in|    8|     ap_fifo|          inStream|       pointer|
|inStream_empty_n  |   in|    1|     ap_fifo|          inStream|       pointer|
|inStream_read     |  out|    1|     ap_fifo|          inStream|       pointer|
|outStream_din     |  out|    8|     ap_fifo|         outStream|       pointer|
|outStream_full_n  |   in|    1|     ap_fifo|         outStream|       pointer|
|outStream_write   |  out|    1|     ap_fifo|         outStream|       pointer|
|ap_clk            |   in|    1|  ap_ctrl_hs|  compute_filter.1|  return value|
|ap_rst            |   in|    1|  ap_ctrl_hs|  compute_filter.1|  return value|
|ap_start          |   in|    1|  ap_ctrl_hs|  compute_filter.1|  return value|
|ap_done           |  out|    1|  ap_ctrl_hs|  compute_filter.1|  return value|
|ap_ready          |  out|    1|  ap_ctrl_hs|  compute_filter.1|  return value|
|ap_idle           |  out|    1|  ap_ctrl_hs|  compute_filter.1|  return value|
|ap_continue       |   in|    1|  ap_ctrl_hs|  compute_filter.1|  return value|
+------------------+-----+-----+------------+------------------+--------------+

