Copyright 1986-2020 Xilinx, Inc. All Rights Reserved.
------------------------------------------------------------------------------------------------------------------------------------------------------------------------------
| Tool Version : Vivado v.2020.2 (lin64) Build 3064766 Wed Nov 18 09:12:47 MST 2020
| Date         : Sun Oct 29 13:16:59 2023
| Host         : big11.seas.upenn.edu running 64-bit openSUSE Leap 15.5
| Command      : report_accelerator_utilization -kernels { Filter_HW:u96v2_sbc_base_i/Filter_HW_1/U0:Filter_HW_1} -file kernel_util_routed.rpt -name kernel_util_routed -json
| Design       : u96v2_sbc_base_wrapper
| Device       : xczu3eg
| Design State : Routed
------------------------------------------------------------------------------------------------------------------------------------------------------------------------------

Accelerator Utilization Design Information

Table of Contents
-----------------
1. System Utilization

1. System Utilization
---------------------

+---------------------+-----------------+-----------------+------------------+---------------+---------------+
| Name                | LUT             | LUTAsMem        | REG              | BRAM          | DSP           |
+---------------------+-----------------+-----------------+------------------+---------------+---------------+
| Platform            | 14930 [ 21.16%] |  1017 [  3.53%] |  16584 [ 11.75%] |   4 [  1.85%] |   0 [  0.00%] |
| User Budget         | 55630 [100.00%] | 27783 [100.00%] | 124536 [100.00%] | 212 [100.00%] | 360 [100.00%] |
|    Used Resources   |  5099 [  9.17%] |  1270 [  4.57%] |   8554 [  6.87%] |  15 [  7.08%] |   2 [  0.56%] |
|    Unused Resources | 50531 [ 90.83%] | 26513 [ 95.43%] | 115982 [ 93.13%] | 197 [ 92.92%] | 358 [ 99.44%] |
| Filter_HW           |  5099 [  9.17%] |  1270 [  4.57%] |   8554 [  6.87%] |  15 [  7.08%] |   2 [  0.56%] |
|    Filter_HW_1      |  5099 [  9.17%] |  1270 [  4.57%] |   8554 [  6.87%] |  15 [  7.08%] |   2 [  0.56%] |
+---------------------+-----------------+-----------------+------------------+---------------+---------------+


