

================================================================
== Vitis HLS Report for 'write_result_1'
================================================================
* Date:           Fri Oct 27 15:51:13 2023

* Version:        2020.2 (Build 3064766 on Wed Nov 18 09:12:47 MST 2020)
* Project:        ese532_hw7
* Solution:       P4 (Vitis Kernel Flow Target)
* Product family: zynquplus
* Target device:  xczu3eg-sbva484-1-i


================================================================
== Performance Estimates
================================================================
+ Timing: 
    * Summary: 
    +--------+---------+----------+------------+
    |  Clock |  Target | Estimated| Uncertainty|
    +--------+---------+----------+------------+
    |ap_clk  |  6.67 ns|  4.867 ns|     1.80 ns|
    +--------+---------+----------+------------+

+ Latency: 
    * Summary: 
    +---------+---------+----------+----------+--------+--------+---------+
    |  Latency (cycles) |  Latency (absolute) |     Interval    | Pipeline|
    |   min   |   max   |    min   |    max   |   min  |   max  |   Type  |
    +---------+---------+----------+----------+--------+--------+---------+
    |   125207|   125207|  0.835 ms|  0.835 ms|  125207|  125207|     none|
    +---------+---------+----------+----------+--------+--------+---------+

    + Detail: 
        * Instance: 
        N/A

        * Loop: 
        +----------+---------+---------+----------+-----------+-----------+--------+----------+
        |          |  Latency (cycles) | Iteration|  Initiation Interval  |  Trip  |          |
        | Loop Name|   min   |   max   |  Latency |  achieved |   target  |  Count | Pipelined|
        +----------+---------+---------+----------+-----------+-----------+--------+----------+
        |- mem_wr  |   125205|   125205|        71|          1|          1|  125136|       yes|
        +----------+---------+---------+----------+-----------+-----------+--------+----------+

============================================================
+ Verbose Summary: Synthesis Manager
============================================================
InlineROM: 1
ExposeGlobal: 0
============================================================
+ Verbose Summary: CDFG Model
============================================================
IsTopModel: 0
ResetActiveHigh: 1
IsCombinational: 2
IsDatapathOnly: 0
HasWiredReturn: 1
HasMFsm: 0
HasVarLatency: 1
IsPipeline: 0
IsRtlPipelined: 0
IsInstanceOverlapped: 0
IsDontTouch: 0
HasImplIP: 0
IsGatedGlobalClock: 0

+ Individual pipeline summary: 
  * Pipeline-0: initiation interval (II) = 1, depth = 71


============================================================
+ Verbose Summary: Schedule
============================================================
* Number of FSM states : 73
* Pipeline : 1
  Pipeline-0 : II = 1, D = 71, States = { 2 3 4 5 6 7 8 9 10 11 12 13 14 15 16 17 18 19 20 21 22 23 24 25 26 27 28 29 30 31 32 33 34 35 36 37 38 39 40 41 42 43 44 45 46 47 48 49 50 51 52 53 54 55 56 57 58 59 60 61 62 63 64 65 66 67 68 69 70 71 72 }
* Dataflow Pipeline: 0

* FSM state transitions: 
1 --> 2 
2 --> 3 
3 --> 73 4 
4 --> 5 
5 --> 6 
6 --> 7 
7 --> 8 
8 --> 9 
9 --> 10 
10 --> 11 
11 --> 12 
12 --> 13 
13 --> 14 
14 --> 15 
15 --> 16 
16 --> 17 
17 --> 18 
18 --> 19 
19 --> 20 
20 --> 21 
21 --> 22 
22 --> 23 
23 --> 24 
24 --> 25 
25 --> 26 
26 --> 27 
27 --> 28 
28 --> 29 
29 --> 30 
30 --> 31 
31 --> 32 
32 --> 33 
33 --> 34 
34 --> 35 
35 --> 36 
36 --> 37 
37 --> 38 
38 --> 39 
39 --> 40 
40 --> 41 
41 --> 42 
42 --> 43 
43 --> 44 
44 --> 45 
45 --> 46 
46 --> 47 
47 --> 48 
48 --> 49 
49 --> 50 
50 --> 51 
51 --> 52 
52 --> 53 
53 --> 54 
54 --> 55 
55 --> 56 
56 --> 57 
57 --> 58 
58 --> 59 
59 --> 60 
60 --> 61 
61 --> 62 
62 --> 63 
63 --> 64 
64 --> 65 
65 --> 66 
66 --> 67 
67 --> 68 
68 --> 69 
69 --> 70 
70 --> 71 
71 --> 72 
72 --> 2 
73 --> 

* FSM state operations: 

State 1 <SV = 0> <Delay = 2.16>
ST_1 : Operation 74 [1/1] (0.00ns)   --->   "%specinterface_ln0 = specinterface void @_ssdm_op_SpecInterface, i512 %gmem, void @empty_1, i32 0, i32 0, void @empty_4, i32 64, i32 0, void @empty_12, void @empty_11, void @empty_4, i32 16, i32 16, i32 16, i32 16, void @empty_4, void @empty_4"   --->   Operation 74 'specinterface' 'specinterface_ln0' <Predicate = true> <Delay = 0.00>
ST_1 : Operation 75 [1/1] (0.00ns)   --->   "%specinterface_ln0 = specinterface void @_ssdm_op_SpecInterface, i8 %outStream, void @empty_16, i32 0, i32 0, void @empty_4, i32 0, i32 0, void @empty_4, void @empty_4, void @empty_4, i32 0, i32 0, i32 0, i32 0, void @empty_4, void @empty_4"   --->   Operation 75 'specinterface' 'specinterface_ln0' <Predicate = true> <Delay = 0.00>
ST_1 : Operation 76 [1/1] (0.00ns)   --->   "%specinterface_ln0 = specinterface void @_ssdm_op_SpecInterface, i8 %outStream, void @empty_16, i32 0, i32 0, void @empty_4, i32 0, i32 0, void @empty_4, void @empty_4, void @empty_4, i32 0, i32 0, i32 0, i32 0, void @empty_4, void @empty_4"   --->   Operation 76 'specinterface' 'specinterface_ln0' <Predicate = true> <Delay = 0.00>
ST_1 : Operation 77 [1/1] (0.00ns)   --->   "%specinterface_ln0 = specinterface void @_ssdm_op_SpecInterface, i8 %outStream, void @empty_16, i32 0, i32 0, void @empty_4, i32 0, i32 0, void @empty_4, void @empty_4, void @empty_4, i32 0, i32 0, i32 0, i32 0, void @empty_4, void @empty_4"   --->   Operation 77 'specinterface' 'specinterface_ln0' <Predicate = true> <Delay = 0.00>
ST_1 : Operation 78 [1/1] (0.00ns)   --->   "%specinterface_ln0 = specinterface void @_ssdm_op_SpecInterface, i64 %Output_r, void @ap_fifo_str, i32 0, i32 0, void @p_str, i32 0, i32 0, void @p_str, void @p_str, void @p_str, i32 2, i32 2, i32 16, i32 16, void @p_str, void @ScalarProp_str"   --->   Operation 78 'specinterface' 'specinterface_ln0' <Predicate = true> <Delay = 0.00>
ST_1 : Operation 79 [1/1] (2.16ns)   --->   "%Output_read = read i64 @_ssdm_op_Read.ap_fifo.i64P0A, i64 %Output_r" [Filter.cpp:161]   --->   Operation 79 'read' 'Output_read' <Predicate = true> <Delay = 2.16> <CoreInst = "FIFO_SRL">   --->   Core 81 'FIFO_SRL' <Latency = 0> <II = 1> <Delay = 2.16> <Storage> <Opcode : 'read' 'write' 'nbread' 'nbwrite'> <Ports = 0> <Width = 64> <Depth = 3> <FIFO>
ST_1 : Operation 80 [1/1] (0.00ns)   --->   "%specinterface_ln0 = specinterface void @_ssdm_op_SpecInterface, i8 %outStream, void @empty_16, i32 0, i32 0, void @empty_4, i32 0, i32 0, void @empty_4, void @empty_4, void @empty_4, i32 0, i32 0, i32 0, i32 0, void @empty_4, void @empty_4"   --->   Operation 80 'specinterface' 'specinterface_ln0' <Predicate = true> <Delay = 0.00>
ST_1 : Operation 81 [1/1] (0.00ns)   --->   "%specinterface_ln0 = specinterface void @_ssdm_op_SpecInterface, i8 %outStream, void @empty_16, i32 0, i32 0, void @empty_4, i32 0, i32 0, void @empty_4, void @empty_4, void @empty_4, i32 0, i32 0, i32 0, i32 0, void @empty_4, void @empty_4"   --->   Operation 81 'specinterface' 'specinterface_ln0' <Predicate = true> <Delay = 0.00>
ST_1 : Operation 82 [1/1] (0.00ns)   --->   "%specinterface_ln0 = specinterface void @_ssdm_op_SpecInterface, i8 %outStream, void @empty_16, i32 0, i32 0, void @empty_4, i32 0, i32 0, void @empty_4, void @empty_4, void @empty_4, i32 0, i32 0, i32 0, i32 0, void @empty_4, void @empty_4"   --->   Operation 82 'specinterface' 'specinterface_ln0' <Predicate = true> <Delay = 0.00>
ST_1 : Operation 83 [1/1] (0.00ns)   --->   "%specinterface_ln0 = specinterface void @_ssdm_op_SpecInterface, i8 %outStream, void @empty_16, i32 0, i32 0, void @empty_4, i32 0, i32 0, void @empty_4, void @empty_4, void @empty_4, i32 0, i32 0, i32 0, i32 0, void @empty_4, void @empty_4"   --->   Operation 83 'specinterface' 'specinterface_ln0' <Predicate = true> <Delay = 0.00>
ST_1 : Operation 84 [1/1] (0.00ns)   --->   "%specinterface_ln0 = specinterface void @_ssdm_op_SpecInterface, i512 %gmem, void @empty_1, i32 0, i32 0, void @empty_4, i32 64, i32 0, void @empty_12, void @empty_11, void @empty_4, i32 16, i32 16, i32 16, i32 16, void @empty_4, void @empty_4"   --->   Operation 84 'specinterface' 'specinterface_ln0' <Predicate = true> <Delay = 0.00>
ST_1 : Operation 85 [1/1] (0.00ns)   --->   "%trunc_ln161 = trunc i64 %Output_read" [Filter.cpp:161->Filter.cpp:176]   --->   Operation 85 'trunc' 'trunc_ln161' <Predicate = true> <Delay = 0.00>
ST_1 : Operation 86 [1/1] (0.48ns)   --->   "%br_ln157 = br void" [Filter.cpp:157->Filter.cpp:176]   --->   Operation 86 'br' 'br_ln157' <Predicate = true> <Delay = 0.48>

State 2 <SV = 1> <Delay = 1.47>
ST_2 : Operation 87 [1/1] (0.00ns)   --->   "%i = phi i17 %add_ln157, void %.split._crit_edge.i.i, i17 0, void %entry" [Filter.cpp:157->Filter.cpp:176]   --->   Operation 87 'phi' 'i' <Predicate = true> <Delay = 0.00>
ST_2 : Operation 88 [1/1] (1.02ns)   --->   "%add_ln157 = add i17 %i, i17 1" [Filter.cpp:157->Filter.cpp:176]   --->   Operation 88 'add' 'add_ln157' <Predicate = true> <Delay = 1.02> <CoreInst = "Adder">   --->   Core 1 'Adder' <Latency = 0> <II = 1> <Delay = 0.88> <FuncUnit> <Opcode : 'add' 'sub'> <InPorts = 2> <OutPorts = 1>
ST_2 : Operation 89 [1/1] (0.88ns)   --->   "%icmp_ln157 = icmp_eq  i17 %i, i17 125136" [Filter.cpp:157->Filter.cpp:176]   --->   Operation 89 'icmp' 'icmp_ln157' <Predicate = true> <Delay = 0.88> <CoreInst = "Cmp">   --->   Core 9 'Cmp' <Latency = 0> <II = 1> <Delay = 0.88> <FuncUnit> <Opcode : 'icmp'> <InPorts = 2> <OutPorts = 1>
ST_2 : Operation 90 [1/1] (0.00ns)   --->   "%br_ln157 = br i1 %icmp_ln157, void %.split.i.i, void %.exit" [Filter.cpp:157->Filter.cpp:176]   --->   Operation 90 'br' 'br_ln157' <Predicate = true> <Delay = 0.00>
ST_2 : Operation 91 [1/1] (0.00ns)   --->   "%trunc_ln157 = trunc i17 %i" [Filter.cpp:157->Filter.cpp:176]   --->   Operation 91 'trunc' 'trunc_ln157' <Predicate = (!icmp_ln157)> <Delay = 0.00>
ST_2 : Operation 92 [1/1] (0.00ns)   --->   "%tmp_1 = partselect i13 @_ssdm_op_PartSelect.i13.i17.i32.i32, i17 %i, i32 4, i32 16" [Filter.cpp:161->Filter.cpp:176]   --->   Operation 92 'partselect' 'tmp_1' <Predicate = (!icmp_ln157)> <Delay = 0.00>
ST_2 : Operation 93 [1/1] (0.00ns)   --->   "%and_ln = bitconcatenate i17 @_ssdm_op_BitConcatenate.i17.i13.i4, i13 %tmp_1, i4 0" [Filter.cpp:161->Filter.cpp:176]   --->   Operation 93 'bitconcatenate' 'and_ln' <Predicate = (!icmp_ln157)> <Delay = 0.00>
ST_2 : Operation 94 [1/1] (0.00ns)   --->   "%zext_ln161 = zext i17 %and_ln" [Filter.cpp:161->Filter.cpp:176]   --->   Operation 94 'zext' 'zext_ln161' <Predicate = (!icmp_ln157)> <Delay = 0.00>
ST_2 : Operation 95 [1/1] (0.88ns)   --->   "%icmp_ln161 = icmp_eq  i4 %trunc_ln157, i4 15" [Filter.cpp:161->Filter.cpp:176]   --->   Operation 95 'icmp' 'icmp_ln161' <Predicate = (!icmp_ln157)> <Delay = 0.88> <CoreInst = "Cmp">   --->   Core 9 'Cmp' <Latency = 0> <II = 1> <Delay = 0.88> <FuncUnit> <Opcode : 'icmp'> <InPorts = 2> <OutPorts = 1>
ST_2 : Operation 96 [1/1] (0.00ns)   --->   "%br_ln161 = br i1 %icmp_ln161, void %.split._crit_edge.i.i, void" [Filter.cpp:161->Filter.cpp:176]   --->   Operation 96 'br' 'br_ln161' <Predicate = (!icmp_ln157)> <Delay = 0.00>
ST_2 : Operation 97 [1/1] (0.00ns)   --->   "%tmp_2 = partselect i2 @_ssdm_op_PartSelect.i2.i17.i32.i32, i17 %i, i32 4, i32 5" [Filter.cpp:161->Filter.cpp:176]   --->   Operation 97 'partselect' 'tmp_2' <Predicate = (!icmp_ln157 & icmp_ln161)> <Delay = 0.00>
ST_2 : Operation 98 [1/1] (1.47ns)   --->   "%add_ln161 = add i64 %Output_read, i64 %zext_ln161" [Filter.cpp:161->Filter.cpp:176]   --->   Operation 98 'add' 'add_ln161' <Predicate = (!icmp_ln157 & icmp_ln161)> <Delay = 1.47> <CoreInst = "Adder">   --->   Core 1 'Adder' <Latency = 0> <II = 1> <Delay = 0.88> <FuncUnit> <Opcode : 'add' 'sub'> <InPorts = 2> <OutPorts = 1>
ST_2 : Operation 99 [1/1] (0.00ns)   --->   "%trunc_ln161_2 = partselect i58 @_ssdm_op_PartSelect.i58.i64.i32.i32, i64 %add_ln161, i32 6, i32 63" [Filter.cpp:161->Filter.cpp:176]   --->   Operation 99 'partselect' 'trunc_ln161_2' <Predicate = (!icmp_ln157 & icmp_ln161)> <Delay = 0.00>

State 3 <SV = 2> <Delay = 4.86>
ST_3 : Operation 100 [1/1] (0.00ns)   --->   "%phi_ln161 = phi i120 %select_ln161, void %.split._crit_edge.i.i, i120 0, void %entry" [Filter.cpp:161->Filter.cpp:176]   --->   Operation 100 'phi' 'phi_ln161' <Predicate = true> <Delay = 0.00>
ST_3 : Operation 101 [1/1] (0.00ns)   --->   "%specpipeline_ln0 = specpipeline void @_ssdm_op_SpecPipeline, i32 4294967295, i32 0, i32 0, i32 0, void @empty_4" [/mnt/pollux/software/xilinx/2020.2/Vitis_HLS/2020.2/common/technology/autopilot/hls_stream_39.h:0]   --->   Operation 101 'specpipeline' 'specpipeline_ln0' <Predicate = (!icmp_ln157)> <Delay = 0.00>
ST_3 : Operation 102 [1/1] (0.00ns)   --->   "%speclooptripcount_ln0 = speclooptripcount void @_ssdm_op_SpecLoopTripCount, i64 125136, i64 125136, i64 125136" [/mnt/pollux/software/xilinx/2020.2/Vitis_HLS/2020.2/common/technology/autopilot/hls_stream_39.h:0]   --->   Operation 102 'speclooptripcount' 'speclooptripcount_ln0' <Predicate = (!icmp_ln157)> <Delay = 0.00>
ST_3 : Operation 103 [1/1] (0.00ns)   --->   "%specloopname_ln0 = specloopname void @_ssdm_op_SpecLoopName, void @empty" [/mnt/pollux/software/xilinx/2020.2/Vitis_HLS/2020.2/common/technology/autopilot/hls_stream_39.h:0]   --->   Operation 103 'specloopname' 'specloopname_ln0' <Predicate = (!icmp_ln157)> <Delay = 0.00>
ST_3 : Operation 104 [1/1] (2.16ns)   --->   "%tmp = read i8 @_ssdm_op_Read.ap_fifo.volatile.i8P0A, i8 %outStream" [/mnt/pollux/software/xilinx/2020.2/Vitis_HLS/2020.2/common/technology/autopilot/hls_stream_39.h:145]   --->   Operation 104 'read' 'tmp' <Predicate = (!icmp_ln157)> <Delay = 2.16> <CoreInst = "FIFO_SRL">   --->   Core 81 'FIFO_SRL' <Latency = 0> <II = 1> <Delay = 2.16> <Storage> <Opcode : 'read' 'write' 'nbread' 'nbwrite'> <Ports = 0> <Width = 8> <Depth = 2> <FIFO>
ST_3 : Operation 105 [1/1] (0.00ns)   --->   "%or_ln = bitconcatenate i128 @_ssdm_op_BitConcatenate.i128.i8.i120, i8 %tmp, i120 %phi_ln161" [Filter.cpp:161->Filter.cpp:176]   --->   Operation 105 'bitconcatenate' 'or_ln' <Predicate = (!icmp_ln157)> <Delay = 0.00>
ST_3 : Operation 106 [1/1] (0.00ns)   --->   "%and_ln161_1 = bitconcatenate i6 @_ssdm_op_BitConcatenate.i6.i2.i4, i2 %tmp_2, i4 0" [Filter.cpp:161->Filter.cpp:176]   --->   Operation 106 'bitconcatenate' 'and_ln161_1' <Predicate = (!icmp_ln157 & icmp_ln161)> <Delay = 0.00>
ST_3 : Operation 107 [1/1] (0.00ns)   --->   "%zext_ln161_1 = zext i128 %or_ln" [Filter.cpp:161->Filter.cpp:176]   --->   Operation 107 'zext' 'zext_ln161_1' <Predicate = (!icmp_ln157 & icmp_ln161)> <Delay = 0.00>
ST_3 : Operation 108 [1/1] (0.88ns)   --->   "%add_ln161_1 = add i6 %and_ln161_1, i6 %trunc_ln161" [Filter.cpp:161->Filter.cpp:176]   --->   Operation 108 'add' 'add_ln161_1' <Predicate = (!icmp_ln157 & icmp_ln161)> <Delay = 0.88> <CoreInst = "Adder">   --->   Core 1 'Adder' <Latency = 0> <II = 1> <Delay = 0.88> <FuncUnit> <Opcode : 'add' 'sub'> <InPorts = 2> <OutPorts = 1>
ST_3 : Operation 109 [1/1] (0.00ns)   --->   "%zext_ln161_2 = zext i6 %add_ln161_1" [Filter.cpp:161->Filter.cpp:176]   --->   Operation 109 'zext' 'zext_ln161_2' <Predicate = (!icmp_ln157 & icmp_ln161)> <Delay = 0.00>
ST_3 : Operation 110 [1/1] (1.04ns)   --->   "%shl_ln161 = shl i64 65535, i64 %zext_ln161_2" [Filter.cpp:161->Filter.cpp:176]   --->   Operation 110 'shl' 'shl_ln161' <Predicate = (!icmp_ln157 & icmp_ln161)> <Delay = 1.04> <CoreInst = "Shifter">   --->   Core 75 'Shifter' <Latency = 0> <II = 1> <Delay = 1.72> <FuncUnit> <Opcode : 'shl' 'lshr' 'ashr'> <InPorts = 2> <OutPorts = 1>
ST_3 : Operation 111 [1/1] (0.00ns)   --->   "%shl_ln161_1 = bitconcatenate i9 @_ssdm_op_BitConcatenate.i9.i6.i3, i6 %add_ln161_1, i3 0" [Filter.cpp:161->Filter.cpp:176]   --->   Operation 111 'bitconcatenate' 'shl_ln161_1' <Predicate = (!icmp_ln157 & icmp_ln161)> <Delay = 0.00>
ST_3 : Operation 112 [1/1] (0.00ns)   --->   "%zext_ln161_3 = zext i9 %shl_ln161_1" [Filter.cpp:161->Filter.cpp:176]   --->   Operation 112 'zext' 'zext_ln161_3' <Predicate = (!icmp_ln157 & icmp_ln161)> <Delay = 0.00>
ST_3 : Operation 113 [1/1] (1.72ns)   --->   "%shl_ln161_2 = shl i512 %zext_ln161_1, i512 %zext_ln161_3" [Filter.cpp:161->Filter.cpp:176]   --->   Operation 113 'shl' 'shl_ln161_2' <Predicate = (!icmp_ln157 & icmp_ln161)> <Delay = 1.72> <CoreInst = "Shifter">   --->   Core 75 'Shifter' <Latency = 0> <II = 1> <Delay = 1.72> <FuncUnit> <Opcode : 'shl' 'lshr' 'ashr'> <InPorts = 2> <OutPorts = 1>
ST_3 : Operation 114 [1/1] (0.00ns)   --->   "%sext_ln161 = sext i58 %trunc_ln161_2" [Filter.cpp:161->Filter.cpp:176]   --->   Operation 114 'sext' 'sext_ln161' <Predicate = (!icmp_ln157 & icmp_ln161)> <Delay = 0.00>
ST_3 : Operation 115 [1/1] (0.00ns)   --->   "%gmem_addr = getelementptr i512 %gmem, i64 %sext_ln161" [Filter.cpp:161->Filter.cpp:176]   --->   Operation 115 'getelementptr' 'gmem_addr' <Predicate = (!icmp_ln157 & icmp_ln161)> <Delay = 0.00>
ST_3 : Operation 116 [1/1] (4.86ns)   --->   "%empty = writereq i1 @_ssdm_op_WriteReq.m_axi.p1i512, i512 %gmem_addr, i32 1" [Filter.cpp:161->Filter.cpp:176]   --->   Operation 116 'writereq' 'empty' <Predicate = (!icmp_ln157 & icmp_ln161)> <Delay = 4.86> <CoreInst = "m_axi">   --->   Core 121 'm_axi' <Latency = 6> <II = 1> <Delay = 1.00> <Adapter> <Opcode : 'read' 'write' 'readreq' 'writereq' 'writeresp'>
ST_3 : Operation 117 [1/1] (0.00ns)   --->   "%tmp_3 = partselect i112 @_ssdm_op_PartSelect.i112.i120.i32.i32, i120 %phi_ln161, i32 8, i32 119" [Filter.cpp:161->Filter.cpp:176]   --->   Operation 117 'partselect' 'tmp_3' <Predicate = (!icmp_ln157 & !icmp_ln161)> <Delay = 0.00>
ST_3 : Operation 118 [1/1] (0.00ns)   --->   "%tmp_4 = bitconcatenate i120 @_ssdm_op_BitConcatenate.i120.i8.i112, i8 %tmp, i112 %tmp_3" [/mnt/pollux/software/xilinx/2020.2/Vitis_HLS/2020.2/common/technology/autopilot/hls_stream_39.h:145]   --->   Operation 118 'bitconcatenate' 'tmp_4' <Predicate = (!icmp_ln157 & !icmp_ln161)> <Delay = 0.00>
ST_3 : Operation 119 [1/1] (0.48ns)   --->   "%select_ln161 = select i1 %icmp_ln161, i120 0, i120 %tmp_4" [Filter.cpp:161->Filter.cpp:176]   --->   Operation 119 'select' 'select_ln161' <Predicate = (!icmp_ln157)> <Delay = 0.48> <CoreInst = "Sel">   --->   Core 73 'Sel' <Latency = 0> <II = 1> <Delay = 0.48> <FuncUnit> <Opcode : 'select'> <InPorts = 3> <OutPorts = 1>
ST_3 : Operation 120 [1/1] (0.00ns)   --->   "%br_ln0 = br void"   --->   Operation 120 'br' 'br_ln0' <Predicate = (!icmp_ln157)> <Delay = 0.00>

State 4 <SV = 3> <Delay = 4.86>
ST_4 : Operation 121 [1/1] (4.86ns)   --->   "%write_ln161 = write void @_ssdm_op_Write.m_axi.p1i512, i512 %gmem_addr, i512 %shl_ln161_2, i64 %shl_ln161" [Filter.cpp:161->Filter.cpp:176]   --->   Operation 121 'write' 'write_ln161' <Predicate = (icmp_ln161)> <Delay = 4.86> <CoreInst = "m_axi">   --->   Core 121 'm_axi' <Latency = 5> <II = 1> <Delay = 1.00> <Adapter> <Opcode : 'read' 'write' 'readreq' 'writereq' 'writeresp'>

State 5 <SV = 4> <Delay = 4.86>
ST_5 : Operation 122 [68/68] (4.86ns)   --->   "%empty_35 = writeresp i1 @_ssdm_op_WriteResp.m_axi.p1i512, i512 %gmem_addr" [Filter.cpp:161->Filter.cpp:176]   --->   Operation 122 'writeresp' 'empty_35' <Predicate = (icmp_ln161)> <Delay = 4.86> <CoreInst = "m_axi">   --->   Core 121 'm_axi' <Latency = 6> <II = 1> <Delay = 1.00> <Adapter> <Opcode : 'read' 'write' 'readreq' 'writereq' 'writeresp'>

State 6 <SV = 5> <Delay = 4.86>
ST_6 : Operation 123 [67/68] (4.86ns)   --->   "%empty_35 = writeresp i1 @_ssdm_op_WriteResp.m_axi.p1i512, i512 %gmem_addr" [Filter.cpp:161->Filter.cpp:176]   --->   Operation 123 'writeresp' 'empty_35' <Predicate = (icmp_ln161)> <Delay = 4.86> <CoreInst = "m_axi">   --->   Core 121 'm_axi' <Latency = 6> <II = 1> <Delay = 1.00> <Adapter> <Opcode : 'read' 'write' 'readreq' 'writereq' 'writeresp'>

State 7 <SV = 6> <Delay = 4.86>
ST_7 : Operation 124 [66/68] (4.86ns)   --->   "%empty_35 = writeresp i1 @_ssdm_op_WriteResp.m_axi.p1i512, i512 %gmem_addr" [Filter.cpp:161->Filter.cpp:176]   --->   Operation 124 'writeresp' 'empty_35' <Predicate = (icmp_ln161)> <Delay = 4.86> <CoreInst = "m_axi">   --->   Core 121 'm_axi' <Latency = 6> <II = 1> <Delay = 1.00> <Adapter> <Opcode : 'read' 'write' 'readreq' 'writereq' 'writeresp'>

State 8 <SV = 7> <Delay = 4.86>
ST_8 : Operation 125 [65/68] (4.86ns)   --->   "%empty_35 = writeresp i1 @_ssdm_op_WriteResp.m_axi.p1i512, i512 %gmem_addr" [Filter.cpp:161->Filter.cpp:176]   --->   Operation 125 'writeresp' 'empty_35' <Predicate = (icmp_ln161)> <Delay = 4.86> <CoreInst = "m_axi">   --->   Core 121 'm_axi' <Latency = 6> <II = 1> <Delay = 1.00> <Adapter> <Opcode : 'read' 'write' 'readreq' 'writereq' 'writeresp'>

State 9 <SV = 8> <Delay = 4.86>
ST_9 : Operation 126 [64/68] (4.86ns)   --->   "%empty_35 = writeresp i1 @_ssdm_op_WriteResp.m_axi.p1i512, i512 %gmem_addr" [Filter.cpp:161->Filter.cpp:176]   --->   Operation 126 'writeresp' 'empty_35' <Predicate = (icmp_ln161)> <Delay = 4.86> <CoreInst = "m_axi">   --->   Core 121 'm_axi' <Latency = 6> <II = 1> <Delay = 1.00> <Adapter> <Opcode : 'read' 'write' 'readreq' 'writereq' 'writeresp'>

State 10 <SV = 9> <Delay = 4.86>
ST_10 : Operation 127 [63/68] (4.86ns)   --->   "%empty_35 = writeresp i1 @_ssdm_op_WriteResp.m_axi.p1i512, i512 %gmem_addr" [Filter.cpp:161->Filter.cpp:176]   --->   Operation 127 'writeresp' 'empty_35' <Predicate = (icmp_ln161)> <Delay = 4.86> <CoreInst = "m_axi">   --->   Core 121 'm_axi' <Latency = 6> <II = 1> <Delay = 1.00> <Adapter> <Opcode : 'read' 'write' 'readreq' 'writereq' 'writeresp'>

State 11 <SV = 10> <Delay = 4.86>
ST_11 : Operation 128 [62/68] (4.86ns)   --->   "%empty_35 = writeresp i1 @_ssdm_op_WriteResp.m_axi.p1i512, i512 %gmem_addr" [Filter.cpp:161->Filter.cpp:176]   --->   Operation 128 'writeresp' 'empty_35' <Predicate = (icmp_ln161)> <Delay = 4.86> <CoreInst = "m_axi">   --->   Core 121 'm_axi' <Latency = 6> <II = 1> <Delay = 1.00> <Adapter> <Opcode : 'read' 'write' 'readreq' 'writereq' 'writeresp'>

State 12 <SV = 11> <Delay = 4.86>
ST_12 : Operation 129 [61/68] (4.86ns)   --->   "%empty_35 = writeresp i1 @_ssdm_op_WriteResp.m_axi.p1i512, i512 %gmem_addr" [Filter.cpp:161->Filter.cpp:176]   --->   Operation 129 'writeresp' 'empty_35' <Predicate = (icmp_ln161)> <Delay = 4.86> <CoreInst = "m_axi">   --->   Core 121 'm_axi' <Latency = 6> <II = 1> <Delay = 1.00> <Adapter> <Opcode : 'read' 'write' 'readreq' 'writereq' 'writeresp'>

State 13 <SV = 12> <Delay = 4.86>
ST_13 : Operation 130 [60/68] (4.86ns)   --->   "%empty_35 = writeresp i1 @_ssdm_op_WriteResp.m_axi.p1i512, i512 %gmem_addr" [Filter.cpp:161->Filter.cpp:176]   --->   Operation 130 'writeresp' 'empty_35' <Predicate = (icmp_ln161)> <Delay = 4.86> <CoreInst = "m_axi">   --->   Core 121 'm_axi' <Latency = 6> <II = 1> <Delay = 1.00> <Adapter> <Opcode : 'read' 'write' 'readreq' 'writereq' 'writeresp'>

State 14 <SV = 13> <Delay = 4.86>
ST_14 : Operation 131 [59/68] (4.86ns)   --->   "%empty_35 = writeresp i1 @_ssdm_op_WriteResp.m_axi.p1i512, i512 %gmem_addr" [Filter.cpp:161->Filter.cpp:176]   --->   Operation 131 'writeresp' 'empty_35' <Predicate = (icmp_ln161)> <Delay = 4.86> <CoreInst = "m_axi">   --->   Core 121 'm_axi' <Latency = 6> <II = 1> <Delay = 1.00> <Adapter> <Opcode : 'read' 'write' 'readreq' 'writereq' 'writeresp'>

State 15 <SV = 14> <Delay = 4.86>
ST_15 : Operation 132 [58/68] (4.86ns)   --->   "%empty_35 = writeresp i1 @_ssdm_op_WriteResp.m_axi.p1i512, i512 %gmem_addr" [Filter.cpp:161->Filter.cpp:176]   --->   Operation 132 'writeresp' 'empty_35' <Predicate = (icmp_ln161)> <Delay = 4.86> <CoreInst = "m_axi">   --->   Core 121 'm_axi' <Latency = 6> <II = 1> <Delay = 1.00> <Adapter> <Opcode : 'read' 'write' 'readreq' 'writereq' 'writeresp'>

State 16 <SV = 15> <Delay = 4.86>
ST_16 : Operation 133 [57/68] (4.86ns)   --->   "%empty_35 = writeresp i1 @_ssdm_op_WriteResp.m_axi.p1i512, i512 %gmem_addr" [Filter.cpp:161->Filter.cpp:176]   --->   Operation 133 'writeresp' 'empty_35' <Predicate = (icmp_ln161)> <Delay = 4.86> <CoreInst = "m_axi">   --->   Core 121 'm_axi' <Latency = 6> <II = 1> <Delay = 1.00> <Adapter> <Opcode : 'read' 'write' 'readreq' 'writereq' 'writeresp'>

State 17 <SV = 16> <Delay = 4.86>
ST_17 : Operation 134 [56/68] (4.86ns)   --->   "%empty_35 = writeresp i1 @_ssdm_op_WriteResp.m_axi.p1i512, i512 %gmem_addr" [Filter.cpp:161->Filter.cpp:176]   --->   Operation 134 'writeresp' 'empty_35' <Predicate = (icmp_ln161)> <Delay = 4.86> <CoreInst = "m_axi">   --->   Core 121 'm_axi' <Latency = 6> <II = 1> <Delay = 1.00> <Adapter> <Opcode : 'read' 'write' 'readreq' 'writereq' 'writeresp'>

State 18 <SV = 17> <Delay = 4.86>
ST_18 : Operation 135 [55/68] (4.86ns)   --->   "%empty_35 = writeresp i1 @_ssdm_op_WriteResp.m_axi.p1i512, i512 %gmem_addr" [Filter.cpp:161->Filter.cpp:176]   --->   Operation 135 'writeresp' 'empty_35' <Predicate = (icmp_ln161)> <Delay = 4.86> <CoreInst = "m_axi">   --->   Core 121 'm_axi' <Latency = 6> <II = 1> <Delay = 1.00> <Adapter> <Opcode : 'read' 'write' 'readreq' 'writereq' 'writeresp'>

State 19 <SV = 18> <Delay = 4.86>
ST_19 : Operation 136 [54/68] (4.86ns)   --->   "%empty_35 = writeresp i1 @_ssdm_op_WriteResp.m_axi.p1i512, i512 %gmem_addr" [Filter.cpp:161->Filter.cpp:176]   --->   Operation 136 'writeresp' 'empty_35' <Predicate = (icmp_ln161)> <Delay = 4.86> <CoreInst = "m_axi">   --->   Core 121 'm_axi' <Latency = 6> <II = 1> <Delay = 1.00> <Adapter> <Opcode : 'read' 'write' 'readreq' 'writereq' 'writeresp'>

State 20 <SV = 19> <Delay = 4.86>
ST_20 : Operation 137 [53/68] (4.86ns)   --->   "%empty_35 = writeresp i1 @_ssdm_op_WriteResp.m_axi.p1i512, i512 %gmem_addr" [Filter.cpp:161->Filter.cpp:176]   --->   Operation 137 'writeresp' 'empty_35' <Predicate = (icmp_ln161)> <Delay = 4.86> <CoreInst = "m_axi">   --->   Core 121 'm_axi' <Latency = 6> <II = 1> <Delay = 1.00> <Adapter> <Opcode : 'read' 'write' 'readreq' 'writereq' 'writeresp'>

State 21 <SV = 20> <Delay = 4.86>
ST_21 : Operation 138 [52/68] (4.86ns)   --->   "%empty_35 = writeresp i1 @_ssdm_op_WriteResp.m_axi.p1i512, i512 %gmem_addr" [Filter.cpp:161->Filter.cpp:176]   --->   Operation 138 'writeresp' 'empty_35' <Predicate = (icmp_ln161)> <Delay = 4.86> <CoreInst = "m_axi">   --->   Core 121 'm_axi' <Latency = 6> <II = 1> <Delay = 1.00> <Adapter> <Opcode : 'read' 'write' 'readreq' 'writereq' 'writeresp'>

State 22 <SV = 21> <Delay = 4.86>
ST_22 : Operation 139 [51/68] (4.86ns)   --->   "%empty_35 = writeresp i1 @_ssdm_op_WriteResp.m_axi.p1i512, i512 %gmem_addr" [Filter.cpp:161->Filter.cpp:176]   --->   Operation 139 'writeresp' 'empty_35' <Predicate = (icmp_ln161)> <Delay = 4.86> <CoreInst = "m_axi">   --->   Core 121 'm_axi' <Latency = 6> <II = 1> <Delay = 1.00> <Adapter> <Opcode : 'read' 'write' 'readreq' 'writereq' 'writeresp'>

State 23 <SV = 22> <Delay = 4.86>
ST_23 : Operation 140 [50/68] (4.86ns)   --->   "%empty_35 = writeresp i1 @_ssdm_op_WriteResp.m_axi.p1i512, i512 %gmem_addr" [Filter.cpp:161->Filter.cpp:176]   --->   Operation 140 'writeresp' 'empty_35' <Predicate = (icmp_ln161)> <Delay = 4.86> <CoreInst = "m_axi">   --->   Core 121 'm_axi' <Latency = 6> <II = 1> <Delay = 1.00> <Adapter> <Opcode : 'read' 'write' 'readreq' 'writereq' 'writeresp'>

State 24 <SV = 23> <Delay = 4.86>
ST_24 : Operation 141 [49/68] (4.86ns)   --->   "%empty_35 = writeresp i1 @_ssdm_op_WriteResp.m_axi.p1i512, i512 %gmem_addr" [Filter.cpp:161->Filter.cpp:176]   --->   Operation 141 'writeresp' 'empty_35' <Predicate = (icmp_ln161)> <Delay = 4.86> <CoreInst = "m_axi">   --->   Core 121 'm_axi' <Latency = 6> <II = 1> <Delay = 1.00> <Adapter> <Opcode : 'read' 'write' 'readreq' 'writereq' 'writeresp'>

State 25 <SV = 24> <Delay = 4.86>
ST_25 : Operation 142 [48/68] (4.86ns)   --->   "%empty_35 = writeresp i1 @_ssdm_op_WriteResp.m_axi.p1i512, i512 %gmem_addr" [Filter.cpp:161->Filter.cpp:176]   --->   Operation 142 'writeresp' 'empty_35' <Predicate = (icmp_ln161)> <Delay = 4.86> <CoreInst = "m_axi">   --->   Core 121 'm_axi' <Latency = 6> <II = 1> <Delay = 1.00> <Adapter> <Opcode : 'read' 'write' 'readreq' 'writereq' 'writeresp'>

State 26 <SV = 25> <Delay = 4.86>
ST_26 : Operation 143 [47/68] (4.86ns)   --->   "%empty_35 = writeresp i1 @_ssdm_op_WriteResp.m_axi.p1i512, i512 %gmem_addr" [Filter.cpp:161->Filter.cpp:176]   --->   Operation 143 'writeresp' 'empty_35' <Predicate = (icmp_ln161)> <Delay = 4.86> <CoreInst = "m_axi">   --->   Core 121 'm_axi' <Latency = 6> <II = 1> <Delay = 1.00> <Adapter> <Opcode : 'read' 'write' 'readreq' 'writereq' 'writeresp'>

State 27 <SV = 26> <Delay = 4.86>
ST_27 : Operation 144 [46/68] (4.86ns)   --->   "%empty_35 = writeresp i1 @_ssdm_op_WriteResp.m_axi.p1i512, i512 %gmem_addr" [Filter.cpp:161->Filter.cpp:176]   --->   Operation 144 'writeresp' 'empty_35' <Predicate = (icmp_ln161)> <Delay = 4.86> <CoreInst = "m_axi">   --->   Core 121 'm_axi' <Latency = 6> <II = 1> <Delay = 1.00> <Adapter> <Opcode : 'read' 'write' 'readreq' 'writereq' 'writeresp'>

State 28 <SV = 27> <Delay = 4.86>
ST_28 : Operation 145 [45/68] (4.86ns)   --->   "%empty_35 = writeresp i1 @_ssdm_op_WriteResp.m_axi.p1i512, i512 %gmem_addr" [Filter.cpp:161->Filter.cpp:176]   --->   Operation 145 'writeresp' 'empty_35' <Predicate = (icmp_ln161)> <Delay = 4.86> <CoreInst = "m_axi">   --->   Core 121 'm_axi' <Latency = 6> <II = 1> <Delay = 1.00> <Adapter> <Opcode : 'read' 'write' 'readreq' 'writereq' 'writeresp'>

State 29 <SV = 28> <Delay = 4.86>
ST_29 : Operation 146 [44/68] (4.86ns)   --->   "%empty_35 = writeresp i1 @_ssdm_op_WriteResp.m_axi.p1i512, i512 %gmem_addr" [Filter.cpp:161->Filter.cpp:176]   --->   Operation 146 'writeresp' 'empty_35' <Predicate = (icmp_ln161)> <Delay = 4.86> <CoreInst = "m_axi">   --->   Core 121 'm_axi' <Latency = 6> <II = 1> <Delay = 1.00> <Adapter> <Opcode : 'read' 'write' 'readreq' 'writereq' 'writeresp'>

State 30 <SV = 29> <Delay = 4.86>
ST_30 : Operation 147 [43/68] (4.86ns)   --->   "%empty_35 = writeresp i1 @_ssdm_op_WriteResp.m_axi.p1i512, i512 %gmem_addr" [Filter.cpp:161->Filter.cpp:176]   --->   Operation 147 'writeresp' 'empty_35' <Predicate = (icmp_ln161)> <Delay = 4.86> <CoreInst = "m_axi">   --->   Core 121 'm_axi' <Latency = 6> <II = 1> <Delay = 1.00> <Adapter> <Opcode : 'read' 'write' 'readreq' 'writereq' 'writeresp'>

State 31 <SV = 30> <Delay = 4.86>
ST_31 : Operation 148 [42/68] (4.86ns)   --->   "%empty_35 = writeresp i1 @_ssdm_op_WriteResp.m_axi.p1i512, i512 %gmem_addr" [Filter.cpp:161->Filter.cpp:176]   --->   Operation 148 'writeresp' 'empty_35' <Predicate = (icmp_ln161)> <Delay = 4.86> <CoreInst = "m_axi">   --->   Core 121 'm_axi' <Latency = 6> <II = 1> <Delay = 1.00> <Adapter> <Opcode : 'read' 'write' 'readreq' 'writereq' 'writeresp'>

State 32 <SV = 31> <Delay = 4.86>
ST_32 : Operation 149 [41/68] (4.86ns)   --->   "%empty_35 = writeresp i1 @_ssdm_op_WriteResp.m_axi.p1i512, i512 %gmem_addr" [Filter.cpp:161->Filter.cpp:176]   --->   Operation 149 'writeresp' 'empty_35' <Predicate = (icmp_ln161)> <Delay = 4.86> <CoreInst = "m_axi">   --->   Core 121 'm_axi' <Latency = 6> <II = 1> <Delay = 1.00> <Adapter> <Opcode : 'read' 'write' 'readreq' 'writereq' 'writeresp'>

State 33 <SV = 32> <Delay = 4.86>
ST_33 : Operation 150 [40/68] (4.86ns)   --->   "%empty_35 = writeresp i1 @_ssdm_op_WriteResp.m_axi.p1i512, i512 %gmem_addr" [Filter.cpp:161->Filter.cpp:176]   --->   Operation 150 'writeresp' 'empty_35' <Predicate = (icmp_ln161)> <Delay = 4.86> <CoreInst = "m_axi">   --->   Core 121 'm_axi' <Latency = 6> <II = 1> <Delay = 1.00> <Adapter> <Opcode : 'read' 'write' 'readreq' 'writereq' 'writeresp'>

State 34 <SV = 33> <Delay = 4.86>
ST_34 : Operation 151 [39/68] (4.86ns)   --->   "%empty_35 = writeresp i1 @_ssdm_op_WriteResp.m_axi.p1i512, i512 %gmem_addr" [Filter.cpp:161->Filter.cpp:176]   --->   Operation 151 'writeresp' 'empty_35' <Predicate = (icmp_ln161)> <Delay = 4.86> <CoreInst = "m_axi">   --->   Core 121 'm_axi' <Latency = 6> <II = 1> <Delay = 1.00> <Adapter> <Opcode : 'read' 'write' 'readreq' 'writereq' 'writeresp'>

State 35 <SV = 34> <Delay = 4.86>
ST_35 : Operation 152 [38/68] (4.86ns)   --->   "%empty_35 = writeresp i1 @_ssdm_op_WriteResp.m_axi.p1i512, i512 %gmem_addr" [Filter.cpp:161->Filter.cpp:176]   --->   Operation 152 'writeresp' 'empty_35' <Predicate = (icmp_ln161)> <Delay = 4.86> <CoreInst = "m_axi">   --->   Core 121 'm_axi' <Latency = 6> <II = 1> <Delay = 1.00> <Adapter> <Opcode : 'read' 'write' 'readreq' 'writereq' 'writeresp'>

State 36 <SV = 35> <Delay = 4.86>
ST_36 : Operation 153 [37/68] (4.86ns)   --->   "%empty_35 = writeresp i1 @_ssdm_op_WriteResp.m_axi.p1i512, i512 %gmem_addr" [Filter.cpp:161->Filter.cpp:176]   --->   Operation 153 'writeresp' 'empty_35' <Predicate = (icmp_ln161)> <Delay = 4.86> <CoreInst = "m_axi">   --->   Core 121 'm_axi' <Latency = 6> <II = 1> <Delay = 1.00> <Adapter> <Opcode : 'read' 'write' 'readreq' 'writereq' 'writeresp'>

State 37 <SV = 36> <Delay = 4.86>
ST_37 : Operation 154 [36/68] (4.86ns)   --->   "%empty_35 = writeresp i1 @_ssdm_op_WriteResp.m_axi.p1i512, i512 %gmem_addr" [Filter.cpp:161->Filter.cpp:176]   --->   Operation 154 'writeresp' 'empty_35' <Predicate = (icmp_ln161)> <Delay = 4.86> <CoreInst = "m_axi">   --->   Core 121 'm_axi' <Latency = 6> <II = 1> <Delay = 1.00> <Adapter> <Opcode : 'read' 'write' 'readreq' 'writereq' 'writeresp'>

State 38 <SV = 37> <Delay = 4.86>
ST_38 : Operation 155 [35/68] (4.86ns)   --->   "%empty_35 = writeresp i1 @_ssdm_op_WriteResp.m_axi.p1i512, i512 %gmem_addr" [Filter.cpp:161->Filter.cpp:176]   --->   Operation 155 'writeresp' 'empty_35' <Predicate = (icmp_ln161)> <Delay = 4.86> <CoreInst = "m_axi">   --->   Core 121 'm_axi' <Latency = 6> <II = 1> <Delay = 1.00> <Adapter> <Opcode : 'read' 'write' 'readreq' 'writereq' 'writeresp'>

State 39 <SV = 38> <Delay = 4.86>
ST_39 : Operation 156 [34/68] (4.86ns)   --->   "%empty_35 = writeresp i1 @_ssdm_op_WriteResp.m_axi.p1i512, i512 %gmem_addr" [Filter.cpp:161->Filter.cpp:176]   --->   Operation 156 'writeresp' 'empty_35' <Predicate = (icmp_ln161)> <Delay = 4.86> <CoreInst = "m_axi">   --->   Core 121 'm_axi' <Latency = 6> <II = 1> <Delay = 1.00> <Adapter> <Opcode : 'read' 'write' 'readreq' 'writereq' 'writeresp'>

State 40 <SV = 39> <Delay = 4.86>
ST_40 : Operation 157 [33/68] (4.86ns)   --->   "%empty_35 = writeresp i1 @_ssdm_op_WriteResp.m_axi.p1i512, i512 %gmem_addr" [Filter.cpp:161->Filter.cpp:176]   --->   Operation 157 'writeresp' 'empty_35' <Predicate = (icmp_ln161)> <Delay = 4.86> <CoreInst = "m_axi">   --->   Core 121 'm_axi' <Latency = 6> <II = 1> <Delay = 1.00> <Adapter> <Opcode : 'read' 'write' 'readreq' 'writereq' 'writeresp'>

State 41 <SV = 40> <Delay = 4.86>
ST_41 : Operation 158 [32/68] (4.86ns)   --->   "%empty_35 = writeresp i1 @_ssdm_op_WriteResp.m_axi.p1i512, i512 %gmem_addr" [Filter.cpp:161->Filter.cpp:176]   --->   Operation 158 'writeresp' 'empty_35' <Predicate = (icmp_ln161)> <Delay = 4.86> <CoreInst = "m_axi">   --->   Core 121 'm_axi' <Latency = 6> <II = 1> <Delay = 1.00> <Adapter> <Opcode : 'read' 'write' 'readreq' 'writereq' 'writeresp'>

State 42 <SV = 41> <Delay = 4.86>
ST_42 : Operation 159 [31/68] (4.86ns)   --->   "%empty_35 = writeresp i1 @_ssdm_op_WriteResp.m_axi.p1i512, i512 %gmem_addr" [Filter.cpp:161->Filter.cpp:176]   --->   Operation 159 'writeresp' 'empty_35' <Predicate = (icmp_ln161)> <Delay = 4.86> <CoreInst = "m_axi">   --->   Core 121 'm_axi' <Latency = 6> <II = 1> <Delay = 1.00> <Adapter> <Opcode : 'read' 'write' 'readreq' 'writereq' 'writeresp'>

State 43 <SV = 42> <Delay = 4.86>
ST_43 : Operation 160 [30/68] (4.86ns)   --->   "%empty_35 = writeresp i1 @_ssdm_op_WriteResp.m_axi.p1i512, i512 %gmem_addr" [Filter.cpp:161->Filter.cpp:176]   --->   Operation 160 'writeresp' 'empty_35' <Predicate = (icmp_ln161)> <Delay = 4.86> <CoreInst = "m_axi">   --->   Core 121 'm_axi' <Latency = 6> <II = 1> <Delay = 1.00> <Adapter> <Opcode : 'read' 'write' 'readreq' 'writereq' 'writeresp'>

State 44 <SV = 43> <Delay = 4.86>
ST_44 : Operation 161 [29/68] (4.86ns)   --->   "%empty_35 = writeresp i1 @_ssdm_op_WriteResp.m_axi.p1i512, i512 %gmem_addr" [Filter.cpp:161->Filter.cpp:176]   --->   Operation 161 'writeresp' 'empty_35' <Predicate = (icmp_ln161)> <Delay = 4.86> <CoreInst = "m_axi">   --->   Core 121 'm_axi' <Latency = 6> <II = 1> <Delay = 1.00> <Adapter> <Opcode : 'read' 'write' 'readreq' 'writereq' 'writeresp'>

State 45 <SV = 44> <Delay = 4.86>
ST_45 : Operation 162 [28/68] (4.86ns)   --->   "%empty_35 = writeresp i1 @_ssdm_op_WriteResp.m_axi.p1i512, i512 %gmem_addr" [Filter.cpp:161->Filter.cpp:176]   --->   Operation 162 'writeresp' 'empty_35' <Predicate = (icmp_ln161)> <Delay = 4.86> <CoreInst = "m_axi">   --->   Core 121 'm_axi' <Latency = 6> <II = 1> <Delay = 1.00> <Adapter> <Opcode : 'read' 'write' 'readreq' 'writereq' 'writeresp'>

State 46 <SV = 45> <Delay = 4.86>
ST_46 : Operation 163 [27/68] (4.86ns)   --->   "%empty_35 = writeresp i1 @_ssdm_op_WriteResp.m_axi.p1i512, i512 %gmem_addr" [Filter.cpp:161->Filter.cpp:176]   --->   Operation 163 'writeresp' 'empty_35' <Predicate = (icmp_ln161)> <Delay = 4.86> <CoreInst = "m_axi">   --->   Core 121 'm_axi' <Latency = 6> <II = 1> <Delay = 1.00> <Adapter> <Opcode : 'read' 'write' 'readreq' 'writereq' 'writeresp'>

State 47 <SV = 46> <Delay = 4.86>
ST_47 : Operation 164 [26/68] (4.86ns)   --->   "%empty_35 = writeresp i1 @_ssdm_op_WriteResp.m_axi.p1i512, i512 %gmem_addr" [Filter.cpp:161->Filter.cpp:176]   --->   Operation 164 'writeresp' 'empty_35' <Predicate = (icmp_ln161)> <Delay = 4.86> <CoreInst = "m_axi">   --->   Core 121 'm_axi' <Latency = 6> <II = 1> <Delay = 1.00> <Adapter> <Opcode : 'read' 'write' 'readreq' 'writereq' 'writeresp'>

State 48 <SV = 47> <Delay = 4.86>
ST_48 : Operation 165 [25/68] (4.86ns)   --->   "%empty_35 = writeresp i1 @_ssdm_op_WriteResp.m_axi.p1i512, i512 %gmem_addr" [Filter.cpp:161->Filter.cpp:176]   --->   Operation 165 'writeresp' 'empty_35' <Predicate = (icmp_ln161)> <Delay = 4.86> <CoreInst = "m_axi">   --->   Core 121 'm_axi' <Latency = 6> <II = 1> <Delay = 1.00> <Adapter> <Opcode : 'read' 'write' 'readreq' 'writereq' 'writeresp'>

State 49 <SV = 48> <Delay = 4.86>
ST_49 : Operation 166 [24/68] (4.86ns)   --->   "%empty_35 = writeresp i1 @_ssdm_op_WriteResp.m_axi.p1i512, i512 %gmem_addr" [Filter.cpp:161->Filter.cpp:176]   --->   Operation 166 'writeresp' 'empty_35' <Predicate = (icmp_ln161)> <Delay = 4.86> <CoreInst = "m_axi">   --->   Core 121 'm_axi' <Latency = 6> <II = 1> <Delay = 1.00> <Adapter> <Opcode : 'read' 'write' 'readreq' 'writereq' 'writeresp'>

State 50 <SV = 49> <Delay = 4.86>
ST_50 : Operation 167 [23/68] (4.86ns)   --->   "%empty_35 = writeresp i1 @_ssdm_op_WriteResp.m_axi.p1i512, i512 %gmem_addr" [Filter.cpp:161->Filter.cpp:176]   --->   Operation 167 'writeresp' 'empty_35' <Predicate = (icmp_ln161)> <Delay = 4.86> <CoreInst = "m_axi">   --->   Core 121 'm_axi' <Latency = 6> <II = 1> <Delay = 1.00> <Adapter> <Opcode : 'read' 'write' 'readreq' 'writereq' 'writeresp'>

State 51 <SV = 50> <Delay = 4.86>
ST_51 : Operation 168 [22/68] (4.86ns)   --->   "%empty_35 = writeresp i1 @_ssdm_op_WriteResp.m_axi.p1i512, i512 %gmem_addr" [Filter.cpp:161->Filter.cpp:176]   --->   Operation 168 'writeresp' 'empty_35' <Predicate = (icmp_ln161)> <Delay = 4.86> <CoreInst = "m_axi">   --->   Core 121 'm_axi' <Latency = 6> <II = 1> <Delay = 1.00> <Adapter> <Opcode : 'read' 'write' 'readreq' 'writereq' 'writeresp'>

State 52 <SV = 51> <Delay = 4.86>
ST_52 : Operation 169 [21/68] (4.86ns)   --->   "%empty_35 = writeresp i1 @_ssdm_op_WriteResp.m_axi.p1i512, i512 %gmem_addr" [Filter.cpp:161->Filter.cpp:176]   --->   Operation 169 'writeresp' 'empty_35' <Predicate = (icmp_ln161)> <Delay = 4.86> <CoreInst = "m_axi">   --->   Core 121 'm_axi' <Latency = 6> <II = 1> <Delay = 1.00> <Adapter> <Opcode : 'read' 'write' 'readreq' 'writereq' 'writeresp'>

State 53 <SV = 52> <Delay = 4.86>
ST_53 : Operation 170 [20/68] (4.86ns)   --->   "%empty_35 = writeresp i1 @_ssdm_op_WriteResp.m_axi.p1i512, i512 %gmem_addr" [Filter.cpp:161->Filter.cpp:176]   --->   Operation 170 'writeresp' 'empty_35' <Predicate = (icmp_ln161)> <Delay = 4.86> <CoreInst = "m_axi">   --->   Core 121 'm_axi' <Latency = 6> <II = 1> <Delay = 1.00> <Adapter> <Opcode : 'read' 'write' 'readreq' 'writereq' 'writeresp'>

State 54 <SV = 53> <Delay = 4.86>
ST_54 : Operation 171 [19/68] (4.86ns)   --->   "%empty_35 = writeresp i1 @_ssdm_op_WriteResp.m_axi.p1i512, i512 %gmem_addr" [Filter.cpp:161->Filter.cpp:176]   --->   Operation 171 'writeresp' 'empty_35' <Predicate = (icmp_ln161)> <Delay = 4.86> <CoreInst = "m_axi">   --->   Core 121 'm_axi' <Latency = 6> <II = 1> <Delay = 1.00> <Adapter> <Opcode : 'read' 'write' 'readreq' 'writereq' 'writeresp'>

State 55 <SV = 54> <Delay = 4.86>
ST_55 : Operation 172 [18/68] (4.86ns)   --->   "%empty_35 = writeresp i1 @_ssdm_op_WriteResp.m_axi.p1i512, i512 %gmem_addr" [Filter.cpp:161->Filter.cpp:176]   --->   Operation 172 'writeresp' 'empty_35' <Predicate = (icmp_ln161)> <Delay = 4.86> <CoreInst = "m_axi">   --->   Core 121 'm_axi' <Latency = 6> <II = 1> <Delay = 1.00> <Adapter> <Opcode : 'read' 'write' 'readreq' 'writereq' 'writeresp'>

State 56 <SV = 55> <Delay = 4.86>
ST_56 : Operation 173 [17/68] (4.86ns)   --->   "%empty_35 = writeresp i1 @_ssdm_op_WriteResp.m_axi.p1i512, i512 %gmem_addr" [Filter.cpp:161->Filter.cpp:176]   --->   Operation 173 'writeresp' 'empty_35' <Predicate = (icmp_ln161)> <Delay = 4.86> <CoreInst = "m_axi">   --->   Core 121 'm_axi' <Latency = 6> <II = 1> <Delay = 1.00> <Adapter> <Opcode : 'read' 'write' 'readreq' 'writereq' 'writeresp'>

State 57 <SV = 56> <Delay = 4.86>
ST_57 : Operation 174 [16/68] (4.86ns)   --->   "%empty_35 = writeresp i1 @_ssdm_op_WriteResp.m_axi.p1i512, i512 %gmem_addr" [Filter.cpp:161->Filter.cpp:176]   --->   Operation 174 'writeresp' 'empty_35' <Predicate = (icmp_ln161)> <Delay = 4.86> <CoreInst = "m_axi">   --->   Core 121 'm_axi' <Latency = 6> <II = 1> <Delay = 1.00> <Adapter> <Opcode : 'read' 'write' 'readreq' 'writereq' 'writeresp'>

State 58 <SV = 57> <Delay = 4.86>
ST_58 : Operation 175 [15/68] (4.86ns)   --->   "%empty_35 = writeresp i1 @_ssdm_op_WriteResp.m_axi.p1i512, i512 %gmem_addr" [Filter.cpp:161->Filter.cpp:176]   --->   Operation 175 'writeresp' 'empty_35' <Predicate = (icmp_ln161)> <Delay = 4.86> <CoreInst = "m_axi">   --->   Core 121 'm_axi' <Latency = 6> <II = 1> <Delay = 1.00> <Adapter> <Opcode : 'read' 'write' 'readreq' 'writereq' 'writeresp'>

State 59 <SV = 58> <Delay = 4.86>
ST_59 : Operation 176 [14/68] (4.86ns)   --->   "%empty_35 = writeresp i1 @_ssdm_op_WriteResp.m_axi.p1i512, i512 %gmem_addr" [Filter.cpp:161->Filter.cpp:176]   --->   Operation 176 'writeresp' 'empty_35' <Predicate = (icmp_ln161)> <Delay = 4.86> <CoreInst = "m_axi">   --->   Core 121 'm_axi' <Latency = 6> <II = 1> <Delay = 1.00> <Adapter> <Opcode : 'read' 'write' 'readreq' 'writereq' 'writeresp'>

State 60 <SV = 59> <Delay = 4.86>
ST_60 : Operation 177 [13/68] (4.86ns)   --->   "%empty_35 = writeresp i1 @_ssdm_op_WriteResp.m_axi.p1i512, i512 %gmem_addr" [Filter.cpp:161->Filter.cpp:176]   --->   Operation 177 'writeresp' 'empty_35' <Predicate = (icmp_ln161)> <Delay = 4.86> <CoreInst = "m_axi">   --->   Core 121 'm_axi' <Latency = 6> <II = 1> <Delay = 1.00> <Adapter> <Opcode : 'read' 'write' 'readreq' 'writereq' 'writeresp'>

State 61 <SV = 60> <Delay = 4.86>
ST_61 : Operation 178 [12/68] (4.86ns)   --->   "%empty_35 = writeresp i1 @_ssdm_op_WriteResp.m_axi.p1i512, i512 %gmem_addr" [Filter.cpp:161->Filter.cpp:176]   --->   Operation 178 'writeresp' 'empty_35' <Predicate = (icmp_ln161)> <Delay = 4.86> <CoreInst = "m_axi">   --->   Core 121 'm_axi' <Latency = 6> <II = 1> <Delay = 1.00> <Adapter> <Opcode : 'read' 'write' 'readreq' 'writereq' 'writeresp'>

State 62 <SV = 61> <Delay = 4.86>
ST_62 : Operation 179 [11/68] (4.86ns)   --->   "%empty_35 = writeresp i1 @_ssdm_op_WriteResp.m_axi.p1i512, i512 %gmem_addr" [Filter.cpp:161->Filter.cpp:176]   --->   Operation 179 'writeresp' 'empty_35' <Predicate = (icmp_ln161)> <Delay = 4.86> <CoreInst = "m_axi">   --->   Core 121 'm_axi' <Latency = 6> <II = 1> <Delay = 1.00> <Adapter> <Opcode : 'read' 'write' 'readreq' 'writereq' 'writeresp'>

State 63 <SV = 62> <Delay = 4.86>
ST_63 : Operation 180 [10/68] (4.86ns)   --->   "%empty_35 = writeresp i1 @_ssdm_op_WriteResp.m_axi.p1i512, i512 %gmem_addr" [Filter.cpp:161->Filter.cpp:176]   --->   Operation 180 'writeresp' 'empty_35' <Predicate = (icmp_ln161)> <Delay = 4.86> <CoreInst = "m_axi">   --->   Core 121 'm_axi' <Latency = 6> <II = 1> <Delay = 1.00> <Adapter> <Opcode : 'read' 'write' 'readreq' 'writereq' 'writeresp'>

State 64 <SV = 63> <Delay = 4.86>
ST_64 : Operation 181 [9/68] (4.86ns)   --->   "%empty_35 = writeresp i1 @_ssdm_op_WriteResp.m_axi.p1i512, i512 %gmem_addr" [Filter.cpp:161->Filter.cpp:176]   --->   Operation 181 'writeresp' 'empty_35' <Predicate = (icmp_ln161)> <Delay = 4.86> <CoreInst = "m_axi">   --->   Core 121 'm_axi' <Latency = 6> <II = 1> <Delay = 1.00> <Adapter> <Opcode : 'read' 'write' 'readreq' 'writereq' 'writeresp'>

State 65 <SV = 64> <Delay = 4.86>
ST_65 : Operation 182 [8/68] (4.86ns)   --->   "%empty_35 = writeresp i1 @_ssdm_op_WriteResp.m_axi.p1i512, i512 %gmem_addr" [Filter.cpp:161->Filter.cpp:176]   --->   Operation 182 'writeresp' 'empty_35' <Predicate = (icmp_ln161)> <Delay = 4.86> <CoreInst = "m_axi">   --->   Core 121 'm_axi' <Latency = 6> <II = 1> <Delay = 1.00> <Adapter> <Opcode : 'read' 'write' 'readreq' 'writereq' 'writeresp'>

State 66 <SV = 65> <Delay = 4.86>
ST_66 : Operation 183 [7/68] (4.86ns)   --->   "%empty_35 = writeresp i1 @_ssdm_op_WriteResp.m_axi.p1i512, i512 %gmem_addr" [Filter.cpp:161->Filter.cpp:176]   --->   Operation 183 'writeresp' 'empty_35' <Predicate = (icmp_ln161)> <Delay = 4.86> <CoreInst = "m_axi">   --->   Core 121 'm_axi' <Latency = 6> <II = 1> <Delay = 1.00> <Adapter> <Opcode : 'read' 'write' 'readreq' 'writereq' 'writeresp'>

State 67 <SV = 66> <Delay = 4.86>
ST_67 : Operation 184 [6/68] (4.86ns)   --->   "%empty_35 = writeresp i1 @_ssdm_op_WriteResp.m_axi.p1i512, i512 %gmem_addr" [Filter.cpp:161->Filter.cpp:176]   --->   Operation 184 'writeresp' 'empty_35' <Predicate = (icmp_ln161)> <Delay = 4.86> <CoreInst = "m_axi">   --->   Core 121 'm_axi' <Latency = 6> <II = 1> <Delay = 1.00> <Adapter> <Opcode : 'read' 'write' 'readreq' 'writereq' 'writeresp'>

State 68 <SV = 67> <Delay = 4.86>
ST_68 : Operation 185 [5/68] (4.86ns)   --->   "%empty_35 = writeresp i1 @_ssdm_op_WriteResp.m_axi.p1i512, i512 %gmem_addr" [Filter.cpp:161->Filter.cpp:176]   --->   Operation 185 'writeresp' 'empty_35' <Predicate = (icmp_ln161)> <Delay = 4.86> <CoreInst = "m_axi">   --->   Core 121 'm_axi' <Latency = 6> <II = 1> <Delay = 1.00> <Adapter> <Opcode : 'read' 'write' 'readreq' 'writereq' 'writeresp'>

State 69 <SV = 68> <Delay = 4.86>
ST_69 : Operation 186 [4/68] (4.86ns)   --->   "%empty_35 = writeresp i1 @_ssdm_op_WriteResp.m_axi.p1i512, i512 %gmem_addr" [Filter.cpp:161->Filter.cpp:176]   --->   Operation 186 'writeresp' 'empty_35' <Predicate = (icmp_ln161)> <Delay = 4.86> <CoreInst = "m_axi">   --->   Core 121 'm_axi' <Latency = 6> <II = 1> <Delay = 1.00> <Adapter> <Opcode : 'read' 'write' 'readreq' 'writereq' 'writeresp'>

State 70 <SV = 69> <Delay = 4.86>
ST_70 : Operation 187 [3/68] (4.86ns)   --->   "%empty_35 = writeresp i1 @_ssdm_op_WriteResp.m_axi.p1i512, i512 %gmem_addr" [Filter.cpp:161->Filter.cpp:176]   --->   Operation 187 'writeresp' 'empty_35' <Predicate = (icmp_ln161)> <Delay = 4.86> <CoreInst = "m_axi">   --->   Core 121 'm_axi' <Latency = 6> <II = 1> <Delay = 1.00> <Adapter> <Opcode : 'read' 'write' 'readreq' 'writereq' 'writeresp'>

State 71 <SV = 70> <Delay = 4.86>
ST_71 : Operation 188 [2/68] (4.86ns)   --->   "%empty_35 = writeresp i1 @_ssdm_op_WriteResp.m_axi.p1i512, i512 %gmem_addr" [Filter.cpp:161->Filter.cpp:176]   --->   Operation 188 'writeresp' 'empty_35' <Predicate = (icmp_ln161)> <Delay = 4.86> <CoreInst = "m_axi">   --->   Core 121 'm_axi' <Latency = 6> <II = 1> <Delay = 1.00> <Adapter> <Opcode : 'read' 'write' 'readreq' 'writereq' 'writeresp'>

State 72 <SV = 71> <Delay = 4.86>
ST_72 : Operation 189 [1/68] (4.86ns)   --->   "%empty_35 = writeresp i1 @_ssdm_op_WriteResp.m_axi.p1i512, i512 %gmem_addr" [Filter.cpp:161->Filter.cpp:176]   --->   Operation 189 'writeresp' 'empty_35' <Predicate = (icmp_ln161)> <Delay = 4.86> <CoreInst = "m_axi">   --->   Core 121 'm_axi' <Latency = 6> <II = 1> <Delay = 1.00> <Adapter> <Opcode : 'read' 'write' 'readreq' 'writereq' 'writeresp'>
ST_72 : Operation 190 [1/1] (0.00ns)   --->   "%br_ln161 = br void %.split._crit_edge.i.i" [Filter.cpp:161->Filter.cpp:176]   --->   Operation 190 'br' 'br_ln161' <Predicate = (icmp_ln161)> <Delay = 0.00>

State 73 <SV = 3> <Delay = 0.00>
ST_73 : Operation 191 [1/1] (0.00ns)   --->   "%ret_ln176 = ret" [Filter.cpp:176]   --->   Operation 191 'ret' 'ret_ln176' <Predicate = true> <Delay = 0.00>


============================================================
+ Verbose Summary: Timing violations
============================================================
Target clock period: 6.67ns, clock uncertainty: 1.8ns.

 <State 1>: 2.17ns
The critical path consists of the following:
	fifo read on port 'Output_r' (Filter.cpp:161) [10]  (2.17 ns)

 <State 2>: 1.47ns
The critical path consists of the following:
	'phi' operation ('i', Filter.cpp:157->Filter.cpp:176) with incoming values : ('add_ln157', Filter.cpp:157->Filter.cpp:176) [19]  (0 ns)
	'add' operation ('add_ln161', Filter.cpp:161->Filter.cpp:176) [39]  (1.47 ns)

 <State 3>: 4.87ns
The critical path consists of the following:
	'getelementptr' operation ('gmem_addr', Filter.cpp:161->Filter.cpp:176) [49]  (0 ns)
	bus request on port 'gmem' (Filter.cpp:161->Filter.cpp:176) [50]  (4.87 ns)

 <State 4>: 4.87ns
The critical path consists of the following:
	bus write on port 'gmem' (Filter.cpp:161->Filter.cpp:176) [51]  (4.87 ns)

 <State 5>: 4.87ns
The critical path consists of the following:
	bus response on port 'gmem' (Filter.cpp:161->Filter.cpp:176) [52]  (4.87 ns)

 <State 6>: 4.87ns
The critical path consists of the following:
	bus response on port 'gmem' (Filter.cpp:161->Filter.cpp:176) [52]  (4.87 ns)

 <State 7>: 4.87ns
The critical path consists of the following:
	bus response on port 'gmem' (Filter.cpp:161->Filter.cpp:176) [52]  (4.87 ns)

 <State 8>: 4.87ns
The critical path consists of the following:
	bus response on port 'gmem' (Filter.cpp:161->Filter.cpp:176) [52]  (4.87 ns)

 <State 9>: 4.87ns
The critical path consists of the following:
	bus response on port 'gmem' (Filter.cpp:161->Filter.cpp:176) [52]  (4.87 ns)

 <State 10>: 4.87ns
The critical path consists of the following:
	bus response on port 'gmem' (Filter.cpp:161->Filter.cpp:176) [52]  (4.87 ns)

 <State 11>: 4.87ns
The critical path consists of the following:
	bus response on port 'gmem' (Filter.cpp:161->Filter.cpp:176) [52]  (4.87 ns)

 <State 12>: 4.87ns
The critical path consists of the following:
	bus response on port 'gmem' (Filter.cpp:161->Filter.cpp:176) [52]  (4.87 ns)

 <State 13>: 4.87ns
The critical path consists of the following:
	bus response on port 'gmem' (Filter.cpp:161->Filter.cpp:176) [52]  (4.87 ns)

 <State 14>: 4.87ns
The critical path consists of the following:
	bus response on port 'gmem' (Filter.cpp:161->Filter.cpp:176) [52]  (4.87 ns)

 <State 15>: 4.87ns
The critical path consists of the following:
	bus response on port 'gmem' (Filter.cpp:161->Filter.cpp:176) [52]  (4.87 ns)

 <State 16>: 4.87ns
The critical path consists of the following:
	bus response on port 'gmem' (Filter.cpp:161->Filter.cpp:176) [52]  (4.87 ns)

 <State 17>: 4.87ns
The critical path consists of the following:
	bus response on port 'gmem' (Filter.cpp:161->Filter.cpp:176) [52]  (4.87 ns)

 <State 18>: 4.87ns
The critical path consists of the following:
	bus response on port 'gmem' (Filter.cpp:161->Filter.cpp:176) [52]  (4.87 ns)

 <State 19>: 4.87ns
The critical path consists of the following:
	bus response on port 'gmem' (Filter.cpp:161->Filter.cpp:176) [52]  (4.87 ns)

 <State 20>: 4.87ns
The critical path consists of the following:
	bus response on port 'gmem' (Filter.cpp:161->Filter.cpp:176) [52]  (4.87 ns)

 <State 21>: 4.87ns
The critical path consists of the following:
	bus response on port 'gmem' (Filter.cpp:161->Filter.cpp:176) [52]  (4.87 ns)

 <State 22>: 4.87ns
The critical path consists of the following:
	bus response on port 'gmem' (Filter.cpp:161->Filter.cpp:176) [52]  (4.87 ns)

 <State 23>: 4.87ns
The critical path consists of the following:
	bus response on port 'gmem' (Filter.cpp:161->Filter.cpp:176) [52]  (4.87 ns)

 <State 24>: 4.87ns
The critical path consists of the following:
	bus response on port 'gmem' (Filter.cpp:161->Filter.cpp:176) [52]  (4.87 ns)

 <State 25>: 4.87ns
The critical path consists of the following:
	bus response on port 'gmem' (Filter.cpp:161->Filter.cpp:176) [52]  (4.87 ns)

 <State 26>: 4.87ns
The critical path consists of the following:
	bus response on port 'gmem' (Filter.cpp:161->Filter.cpp:176) [52]  (4.87 ns)

 <State 27>: 4.87ns
The critical path consists of the following:
	bus response on port 'gmem' (Filter.cpp:161->Filter.cpp:176) [52]  (4.87 ns)

 <State 28>: 4.87ns
The critical path consists of the following:
	bus response on port 'gmem' (Filter.cpp:161->Filter.cpp:176) [52]  (4.87 ns)

 <State 29>: 4.87ns
The critical path consists of the following:
	bus response on port 'gmem' (Filter.cpp:161->Filter.cpp:176) [52]  (4.87 ns)

 <State 30>: 4.87ns
The critical path consists of the following:
	bus response on port 'gmem' (Filter.cpp:161->Filter.cpp:176) [52]  (4.87 ns)

 <State 31>: 4.87ns
The critical path consists of the following:
	bus response on port 'gmem' (Filter.cpp:161->Filter.cpp:176) [52]  (4.87 ns)

 <State 32>: 4.87ns
The critical path consists of the following:
	bus response on port 'gmem' (Filter.cpp:161->Filter.cpp:176) [52]  (4.87 ns)

 <State 33>: 4.87ns
The critical path consists of the following:
	bus response on port 'gmem' (Filter.cpp:161->Filter.cpp:176) [52]  (4.87 ns)

 <State 34>: 4.87ns
The critical path consists of the following:
	bus response on port 'gmem' (Filter.cpp:161->Filter.cpp:176) [52]  (4.87 ns)

 <State 35>: 4.87ns
The critical path consists of the following:
	bus response on port 'gmem' (Filter.cpp:161->Filter.cpp:176) [52]  (4.87 ns)

 <State 36>: 4.87ns
The critical path consists of the following:
	bus response on port 'gmem' (Filter.cpp:161->Filter.cpp:176) [52]  (4.87 ns)

 <State 37>: 4.87ns
The critical path consists of the following:
	bus response on port 'gmem' (Filter.cpp:161->Filter.cpp:176) [52]  (4.87 ns)

 <State 38>: 4.87ns
The critical path consists of the following:
	bus response on port 'gmem' (Filter.cpp:161->Filter.cpp:176) [52]  (4.87 ns)

 <State 39>: 4.87ns
The critical path consists of the following:
	bus response on port 'gmem' (Filter.cpp:161->Filter.cpp:176) [52]  (4.87 ns)

 <State 40>: 4.87ns
The critical path consists of the following:
	bus response on port 'gmem' (Filter.cpp:161->Filter.cpp:176) [52]  (4.87 ns)

 <State 41>: 4.87ns
The critical path consists of the following:
	bus response on port 'gmem' (Filter.cpp:161->Filter.cpp:176) [52]  (4.87 ns)

 <State 42>: 4.87ns
The critical path consists of the following:
	bus response on port 'gmem' (Filter.cpp:161->Filter.cpp:176) [52]  (4.87 ns)

 <State 43>: 4.87ns
The critical path consists of the following:
	bus response on port 'gmem' (Filter.cpp:161->Filter.cpp:176) [52]  (4.87 ns)

 <State 44>: 4.87ns
The critical path consists of the following:
	bus response on port 'gmem' (Filter.cpp:161->Filter.cpp:176) [52]  (4.87 ns)

 <State 45>: 4.87ns
The critical path consists of the following:
	bus response on port 'gmem' (Filter.cpp:161->Filter.cpp:176) [52]  (4.87 ns)

 <State 46>: 4.87ns
The critical path consists of the following:
	bus response on port 'gmem' (Filter.cpp:161->Filter.cpp:176) [52]  (4.87 ns)

 <State 47>: 4.87ns
The critical path consists of the following:
	bus response on port 'gmem' (Filter.cpp:161->Filter.cpp:176) [52]  (4.87 ns)

 <State 48>: 4.87ns
The critical path consists of the following:
	bus response on port 'gmem' (Filter.cpp:161->Filter.cpp:176) [52]  (4.87 ns)

 <State 49>: 4.87ns
The critical path consists of the following:
	bus response on port 'gmem' (Filter.cpp:161->Filter.cpp:176) [52]  (4.87 ns)

 <State 50>: 4.87ns
The critical path consists of the following:
	bus response on port 'gmem' (Filter.cpp:161->Filter.cpp:176) [52]  (4.87 ns)

 <State 51>: 4.87ns
The critical path consists of the following:
	bus response on port 'gmem' (Filter.cpp:161->Filter.cpp:176) [52]  (4.87 ns)

 <State 52>: 4.87ns
The critical path consists of the following:
	bus response on port 'gmem' (Filter.cpp:161->Filter.cpp:176) [52]  (4.87 ns)

 <State 53>: 4.87ns
The critical path consists of the following:
	bus response on port 'gmem' (Filter.cpp:161->Filter.cpp:176) [52]  (4.87 ns)

 <State 54>: 4.87ns
The critical path consists of the following:
	bus response on port 'gmem' (Filter.cpp:161->Filter.cpp:176) [52]  (4.87 ns)

 <State 55>: 4.87ns
The critical path consists of the following:
	bus response on port 'gmem' (Filter.cpp:161->Filter.cpp:176) [52]  (4.87 ns)

 <State 56>: 4.87ns
The critical path consists of the following:
	bus response on port 'gmem' (Filter.cpp:161->Filter.cpp:176) [52]  (4.87 ns)

 <State 57>: 4.87ns
The critical path consists of the following:
	bus response on port 'gmem' (Filter.cpp:161->Filter.cpp:176) [52]  (4.87 ns)

 <State 58>: 4.87ns
The critical path consists of the following:
	bus response on port 'gmem' (Filter.cpp:161->Filter.cpp:176) [52]  (4.87 ns)

 <State 59>: 4.87ns
The critical path consists of the following:
	bus response on port 'gmem' (Filter.cpp:161->Filter.cpp:176) [52]  (4.87 ns)

 <State 60>: 4.87ns
The critical path consists of the following:
	bus response on port 'gmem' (Filter.cpp:161->Filter.cpp:176) [52]  (4.87 ns)

 <State 61>: 4.87ns
The critical path consists of the following:
	bus response on port 'gmem' (Filter.cpp:161->Filter.cpp:176) [52]  (4.87 ns)

 <State 62>: 4.87ns
The critical path consists of the following:
	bus response on port 'gmem' (Filter.cpp:161->Filter.cpp:176) [52]  (4.87 ns)

 <State 63>: 4.87ns
The critical path consists of the following:
	bus response on port 'gmem' (Filter.cpp:161->Filter.cpp:176) [52]  (4.87 ns)

 <State 64>: 4.87ns
The critical path consists of the following:
	bus response on port 'gmem' (Filter.cpp:161->Filter.cpp:176) [52]  (4.87 ns)

 <State 65>: 4.87ns
The critical path consists of the following:
	bus response on port 'gmem' (Filter.cpp:161->Filter.cpp:176) [52]  (4.87 ns)

 <State 66>: 4.87ns
The critical path consists of the following:
	bus response on port 'gmem' (Filter.cpp:161->Filter.cpp:176) [52]  (4.87 ns)

 <State 67>: 4.87ns
The critical path consists of the following:
	bus response on port 'gmem' (Filter.cpp:161->Filter.cpp:176) [52]  (4.87 ns)

 <State 68>: 4.87ns
The critical path consists of the following:
	bus response on port 'gmem' (Filter.cpp:161->Filter.cpp:176) [52]  (4.87 ns)

 <State 69>: 4.87ns
The critical path consists of the following:
	bus response on port 'gmem' (Filter.cpp:161->Filter.cpp:176) [52]  (4.87 ns)

 <State 70>: 4.87ns
The critical path consists of the following:
	bus response on port 'gmem' (Filter.cpp:161->Filter.cpp:176) [52]  (4.87 ns)

 <State 71>: 4.87ns
The critical path consists of the following:
	bus response on port 'gmem' (Filter.cpp:161->Filter.cpp:176) [52]  (4.87 ns)

 <State 72>: 4.87ns
The critical path consists of the following:
	bus response on port 'gmem' (Filter.cpp:161->Filter.cpp:176) [52]  (4.87 ns)

 <State 73>: 0ns
The critical path consists of the following:


============================================================
+ Verbose Summary: Binding
============================================================
N/A
* FSMD analyzer results:
  - Output states:
 - Input state : 
  - Chain level:
	State 1
	State 2
	State 3
	State 4
	State 5
	State 6
	State 7
	State 8
	State 9
	State 10
	State 11
	State 12
	State 13
	State 14
	State 15
	State 16
	State 17
	State 18
	State 19
	State 20
	State 21
	State 22
	State 23
	State 24
	State 25
	State 26
	State 27
	State 28
	State 29
	State 30
	State 31
	State 32
	State 33
	State 34
	State 35
	State 36
	State 37
	State 38
	State 39
	State 40
	State 41
	State 42
	State 43
	State 44
	State 45
	State 46
	State 47
	State 48
	State 49
	State 50
	State 51
	State 52
	State 53
	State 54
	State 55
	State 56
	State 57
	State 58
	State 59
	State 60
	State 61
	State 62
	State 63
	State 64
	State 65
	State 66
	State 67
	State 68
	State 69
	State 70
	State 71
	State 72
	State 73


============================================================
+ Verbose Summary: Datapath Resource usage 
============================================================
N/A
