INFO-FLOW: Workspace /mnt/castor/seas_home/c/chihan/chihan/ese532_hw7/hw7/ese532_hw7/P1 opened at Thu Oct 26 21:48:51 EDT 2023
Execute     ap_set_clock -name default -period 6.667 -unit ns -default=false 
INFO: [SYN 201-201] Setting up clock 'default' with a period of 6.667ns.
Execute     import_lib /mnt/pollux/software/xilinx/2020.2/Vitis_HLS/2020.2/common/technology/xilinx/zynquplus/zynquplus 
Execute       source /mnt/pollux/software/xilinx/2020.2/Vitis_HLS/2020.2/common/technology/xilinx/interface/xilinx_interface.hlp 
Execute         source /mnt/pollux/software/xilinx/2020.2/Vitis_HLS/2020.2/common/technology/xilinx/interface/maxi.hlp 
Execute         source /mnt/pollux/software/xilinx/2020.2/Vitis_HLS/2020.2/common/technology/xilinx/interface/saxilite.hlp 
Execute       source /mnt/pollux/software/xilinx/2020.2/Vitis_HLS/2020.2/common/technology/xilinx/DSP48/dsp48.hlp 
Execute     source /mnt/pollux/software/xilinx/2020.2/Vitis_HLS/2020.2/common/technology/xilinx/common/xilinx.gen 
Execute       source /mnt/pollux/software/xilinx/2020.2/Vitis_HLS/2020.2/common/technology/xilinx/interface/plb46.gen 
Execute       source /mnt/pollux/software/xilinx/2020.2/Vitis_HLS/2020.2/common/technology/xilinx/interface/axi4.gen 
Execute       source /mnt/pollux/software/xilinx/2020.2/Vitis_HLS/2020.2/common/technology/xilinx/interface/nativeAXI4.gen 
Execute         source /mnt/pollux/software/xilinx/2020.2/Vitis_HLS/2020.2/common/technology/xilinx/interface/saxilite.gen 
Execute         source /mnt/pollux/software/xilinx/2020.2/Vitis_HLS/2020.2/common/technology/xilinx/interface/maxi.gen 
Execute       source /mnt/pollux/software/xilinx/2020.2/Vitis_HLS/2020.2/common/technology/xilinx/scripts/xilinxcoregen.gen 
Execute       source /mnt/pollux/software/xilinx/2020.2/Vitis_HLS/2020.2/common/technology/xilinx/interface/XilEDKCoreGen.gen 
Execute       source /mnt/pollux/software/xilinx/2020.2/Vitis_HLS/2020.2/common/technology/xilinx/ip/dds_compiler.gen 
Execute       source /mnt/pollux/software/xilinx/2020.2/Vitis_HLS/2020.2/common/technology/xilinx/ip/util.gen 
Execute       source /mnt/pollux/software/xilinx/2020.2/Vitis_HLS/2020.2/common/technology/xilinx/ip/xfft.gen 
Execute       source /mnt/pollux/software/xilinx/2020.2/Vitis_HLS/2020.2/common/technology/xilinx/ip/xfir.gen 
Execute       source /mnt/pollux/software/xilinx/2020.2/Vitis_HLS/2020.2/common/technology/xilinx/DSP48/dsp48.gen 
Execute     import_lib /mnt/pollux/software/xilinx/2020.2/Vitis_HLS/2020.2/common/technology/xilinx/zynquplus/zynquplus_fpv7 
Execute       source /mnt/pollux/software/xilinx/2020.2/Vitis_HLS/2020.2/common/technology/xilinx/interface/xilinx_interface.hlp 
Execute         source /mnt/pollux/software/xilinx/2020.2/Vitis_HLS/2020.2/common/technology/xilinx/interface/maxi.hlp 
Execute         source /mnt/pollux/software/xilinx/2020.2/Vitis_HLS/2020.2/common/technology/xilinx/interface/saxilite.hlp 
Execute       source /mnt/pollux/software/xilinx/2020.2/Vitis_HLS/2020.2/common/technology/xilinx/DSP48/dsp48.hlp 
Execute     source /mnt/pollux/software/xilinx/2020.2/Vitis_HLS/2020.2/common/technology/xilinx/common/xilinx.gen 
Execute       source /mnt/pollux/software/xilinx/2020.2/Vitis_HLS/2020.2/common/technology/xilinx/interface/plb46.gen 
Execute       source /mnt/pollux/software/xilinx/2020.2/Vitis_HLS/2020.2/common/technology/xilinx/interface/axi4.gen 
Execute       source /mnt/pollux/software/xilinx/2020.2/Vitis_HLS/2020.2/common/technology/xilinx/interface/nativeAXI4.gen 
Execute         source /mnt/pollux/software/xilinx/2020.2/Vitis_HLS/2020.2/common/technology/xilinx/interface/saxilite.gen 
Execute         source /mnt/pollux/software/xilinx/2020.2/Vitis_HLS/2020.2/common/technology/xilinx/interface/maxi.gen 
Execute       source /mnt/pollux/software/xilinx/2020.2/Vitis_HLS/2020.2/common/technology/xilinx/scripts/xilinxcoregen.gen 
Execute       source /mnt/pollux/software/xilinx/2020.2/Vitis_HLS/2020.2/common/technology/xilinx/interface/XilEDKCoreGen.gen 
Execute       source /mnt/pollux/software/xilinx/2020.2/Vitis_HLS/2020.2/common/technology/xilinx/ip/dds_compiler.gen 
Execute       source /mnt/pollux/software/xilinx/2020.2/Vitis_HLS/2020.2/common/technology/xilinx/ip/util.gen 
Execute       source /mnt/pollux/software/xilinx/2020.2/Vitis_HLS/2020.2/common/technology/xilinx/ip/xfft.gen 
Execute       source /mnt/pollux/software/xilinx/2020.2/Vitis_HLS/2020.2/common/technology/xilinx/ip/xfir.gen 
Execute       source /mnt/pollux/software/xilinx/2020.2/Vitis_HLS/2020.2/common/technology/xilinx/DSP48/dsp48.gen 
Execute     import_lib /mnt/pollux/software/xilinx/2020.2/Vitis_HLS/2020.2/common/technology/xilinx/zynquplus/zynquplus 
Execute       source /mnt/pollux/software/xilinx/2020.2/Vitis_HLS/2020.2/common/technology/xilinx/interface/xilinx_interface.hlp 
Execute         source /mnt/pollux/software/xilinx/2020.2/Vitis_HLS/2020.2/common/technology/xilinx/interface/maxi.hlp 
Execute         source /mnt/pollux/software/xilinx/2020.2/Vitis_HLS/2020.2/common/technology/xilinx/interface/saxilite.hlp 
Execute       source /mnt/pollux/software/xilinx/2020.2/Vitis_HLS/2020.2/common/technology/xilinx/DSP48/dsp48.hlp 
Execute     source /mnt/pollux/software/xilinx/2020.2/Vitis_HLS/2020.2/common/technology/xilinx/common/xilinx.gen 
Execute       source /mnt/pollux/software/xilinx/2020.2/Vitis_HLS/2020.2/common/technology/xilinx/interface/plb46.gen 
Execute       source /mnt/pollux/software/xilinx/2020.2/Vitis_HLS/2020.2/common/technology/xilinx/interface/axi4.gen 
Execute       source /mnt/pollux/software/xilinx/2020.2/Vitis_HLS/2020.2/common/technology/xilinx/interface/nativeAXI4.gen 
Execute         source /mnt/pollux/software/xilinx/2020.2/Vitis_HLS/2020.2/common/technology/xilinx/interface/saxilite.gen 
Execute         source /mnt/pollux/software/xilinx/2020.2/Vitis_HLS/2020.2/common/technology/xilinx/interface/maxi.gen 
Execute       source /mnt/pollux/software/xilinx/2020.2/Vitis_HLS/2020.2/common/technology/xilinx/scripts/xilinxcoregen.gen 
Execute       source /mnt/pollux/software/xilinx/2020.2/Vitis_HLS/2020.2/common/technology/xilinx/interface/XilEDKCoreGen.gen 
Execute       source /mnt/pollux/software/xilinx/2020.2/Vitis_HLS/2020.2/common/technology/xilinx/ip/dds_compiler.gen 
Execute       source /mnt/pollux/software/xilinx/2020.2/Vitis_HLS/2020.2/common/technology/xilinx/ip/util.gen 
Execute       source /mnt/pollux/software/xilinx/2020.2/Vitis_HLS/2020.2/common/technology/xilinx/ip/xfft.gen 
Execute       source /mnt/pollux/software/xilinx/2020.2/Vitis_HLS/2020.2/common/technology/xilinx/ip/xfir.gen 
Execute       source /mnt/pollux/software/xilinx/2020.2/Vitis_HLS/2020.2/common/technology/xilinx/DSP48/dsp48.gen 
Execute     set_part xczu3eg-sbva484-1-i 
INFO-FLOW: DBG:set_part: XILINX_VIVADO=/mnt/pollux/software/xilinx/2020.2/Vivado/2020.2
INFO-FLOW: DBG:set_part: RDI_DATADIR=/mnt/pollux/software/xilinx/2020.2/Vivado/2020.2/data:/mnt/pollux/software/xilinx/2020.2/Vitis_HLS/2020.2/data
Execute       ap_part_info -name xczu3eg-sbva484-1-i -data single -quiet 
DBG:HLSDevice: Trying to load device library: /mnt/pollux/software/xilinx/2020.2/Vitis_HLS/2020.2/lib/lnx64.o/librdi_hlsvwrap.so
