INFO: [v++ 60-1306] Additional information associated with this v++ link can be found at:
	Reports: /mnt/castor/seas_home/c/chihan/chihan/ese532_hw7/hw7/_x/reports/link
	Log files: /mnt/castor/seas_home/c/chihan/chihan/ese532_hw7/hw7/_x/logs/link
INFO: [v++ 60-1548] Creating build summary session with primary output /mnt/castor/seas_home/c/chihan/chihan/ese532_hw7/hw7/Filter_HW.xclbin.link_summary, at Sun Oct 29 12:55:19 2023
INFO: [v++ 60-1316] Initiating connection to rulecheck server, at Sun Oct 29 12:55:20 2023
INFO: [v++ 60-1315] Creating rulecheck session with output '/mnt/castor/seas_home/c/chihan/chihan/ese532_hw7/hw7/_x/reports/link/v++_link_Filter_HW_guidance.html', at Sun Oct 29 12:55:21 2023
INFO: [v++ 60-895]   Target platform: /home1/e/ese5320/u96v2_sbc_base/u96v2_sbc_base.xpfm
INFO: [v++ 60-1578]   This platform contains Xilinx Shell Archive '/home1/e/ese5320/u96v2_sbc_base/hw/u96v2_sbc_base.xsa'
INFO: [v++ 60-629] Linking for hardware target
INFO: [v++ 60-423]   Target device: u96v2_sbc_base
INFO: [v++ 60-1332] Run 'run_link' status: Not started
INFO: [v++ 60-1443] [12:55:24] Run run_link: Step system_link: Started
INFO: [v++ 60-1453] Command Line: system_link --xo /mnt/castor/seas_home/c/chihan/chihan/ese532_hw7/hw7/Filter_HW.xo -keep --xpfm /home1/e/ese5320/u96v2_sbc_base/u96v2_sbc_base.xpfm --target hw --output_dir /mnt/castor/seas_home/c/chihan/chihan/ese532_hw7/hw7/_x/link/int --temp_dir /mnt/castor/seas_home/c/chihan/chihan/ese532_hw7/hw7/_x/link/sys_link
INFO: [v++ 60-1454] Run Directory: /mnt/castor/seas_home/c/chihan/chihan/ese532_hw7/hw7/_x/link/run_link
INFO: [SYSTEM_LINK 60-1316] Initiating connection to rulecheck server, at Sun Oct 29 12:55:26 2023
INFO: [SYSTEM_LINK 82-70] Extracting xo v3 file /mnt/castor/seas_home/c/chihan/chihan/ese532_hw7/hw7/Filter_HW.xo
INFO: [SYSTEM_LINK 82-53] Creating IP database /mnt/castor/seas_home/c/chihan/chihan/ese532_hw7/hw7/_x/link/sys_link/_sysl/.cdb/xd_ip_db.xml
INFO: [SYSTEM_LINK 82-38] [12:55:27] build_xd_ip_db started: /mnt/pollux/software/xilinx/2020.2/Vitis/2020.2/bin/build_xd_ip_db -ip_search 0  -sds-pf /mnt/castor/seas_home/c/chihan/chihan/ese532_hw7/hw7/_x/link/sys_link/u96v2_sbc_base.hpfm -clkid 0 -ip /mnt/castor/seas_home/c/chihan/chihan/ese532_hw7/hw7/_x/link/sys_link/iprepo/xilinx_com_hls_Filter_HW_1_0,Filter_HW -o /mnt/castor/seas_home/c/chihan/chihan/ese532_hw7/hw7/_x/link/sys_link/_sysl/.cdb/xd_ip_db.xml
INFO: [SYSTEM_LINK 82-37] [12:55:32] build_xd_ip_db finished successfully
Time (s): cpu = 00:00:04 ; elapsed = 00:00:04 . Memory (MB): peak = 1681.586 ; gain = 0.000 ; free physical = 987 ; free virtual = 13496
INFO: [SYSTEM_LINK 82-51] Create system connectivity graph
INFO: [SYSTEM_LINK 82-102] Applying explicit connections to the system connectivity graph: /mnt/castor/seas_home/c/chihan/chihan/ese532_hw7/hw7/_x/link/sys_link/cfgraph/cfgen_cfgraph.xml
INFO: [SYSTEM_LINK 82-38] [12:55:32] cfgen started: /mnt/pollux/software/xilinx/2020.2/Vitis/2020.2/bin/cfgen -dmclkid 0 -r /mnt/castor/seas_home/c/chihan/chihan/ese532_hw7/hw7/_x/link/sys_link/_sysl/.cdb/xd_ip_db.xml -o /mnt/castor/seas_home/c/chihan/chihan/ese532_hw7/hw7/_x/link/sys_link/cfgraph/cfgen_cfgraph.xml
INFO: [CFGEN 83-0] Kernel Specs: 
INFO: [CFGEN 83-0]   kernel: Filter_HW, num: 1  {Filter_HW_1}
INFO: [CFGEN 83-2226] Inferring mapping for argument Filter_HW_1.Input to HP0
INFO: [CFGEN 83-2226] Inferring mapping for argument Filter_HW_1.Output to HP0
INFO: [SYSTEM_LINK 82-37] [12:55:33] cfgen finished successfully
Time (s): cpu = 00:00:01 ; elapsed = 00:00:01 . Memory (MB): peak = 1681.586 ; gain = 0.000 ; free physical = 984 ; free virtual = 13495
INFO: [SYSTEM_LINK 82-52] Create top-level block diagram
INFO: [SYSTEM_LINK 82-38] [12:55:33] cf2bd started: /mnt/pollux/software/xilinx/2020.2/Vitis/2020.2/bin/cf2bd  --linux --trace_buffer 1024 --input_file /mnt/castor/seas_home/c/chihan/chihan/ese532_hw7/hw7/_x/link/sys_link/cfgraph/cfgen_cfgraph.xml --ip_db /mnt/castor/seas_home/c/chihan/chihan/ese532_hw7/hw7/_x/link/sys_link/_sysl/.cdb/xd_ip_db.xml --cf_name dr --working_dir /mnt/castor/seas_home/c/chihan/chihan/ese532_hw7/hw7/_x/link/sys_link/_sysl/.xsd --temp_dir /mnt/castor/seas_home/c/chihan/chihan/ese532_hw7/hw7/_x/link/sys_link --output_dir /mnt/castor/seas_home/c/chihan/chihan/ese532_hw7/hw7/_x/link/int
INFO: [CF2BD 82-31] Launching cf2xd: cf2xd -linux -trace-buffer 1024 -i /mnt/castor/seas_home/c/chihan/chihan/ese532_hw7/hw7/_x/link/sys_link/cfgraph/cfgen_cfgraph.xml -r /mnt/castor/seas_home/c/chihan/chihan/ese532_hw7/hw7/_x/link/sys_link/_sysl/.cdb/xd_ip_db.xml -o dr.xml
INFO: [CF2BD 82-28] cf2xd finished successfully
INFO: [CF2BD 82-31] Launching cf_xsd: cf_xsd -disable-address-gen -dn dr -dp /mnt/castor/seas_home/c/chihan/chihan/ese532_hw7/hw7/_x/link/sys_link/_sysl/.xsd
INFO: [CF2BD 82-28] cf_xsd finished successfully
INFO: [SYSTEM_LINK 82-37] [12:55:35] cf2bd finished successfully
Time (s): cpu = 00:00:02 ; elapsed = 00:00:03 . Memory (MB): peak = 1681.586 ; gain = 0.000 ; free physical = 987 ; free virtual = 13506
INFO: [v++ 60-1441] [12:55:36] Run run_link: Step system_link: Completed
Time (s): cpu = 00:00:09 ; elapsed = 00:00:12 . Memory (MB): peak = 1574.652 ; gain = 0.000 ; free physical = 1022 ; free virtual = 13542
INFO: [v++ 60-1443] [12:55:36] Run run_link: Step cf2sw: Started
INFO: [v++ 60-1453] Command Line: cf2sw -sdsl /mnt/castor/seas_home/c/chihan/chihan/ese532_hw7/hw7/_x/link/int/sdsl.dat -rtd /mnt/castor/seas_home/c/chihan/chihan/ese532_hw7/hw7/_x/link/int/cf2sw.rtd -nofilter /mnt/castor/seas_home/c/chihan/chihan/ese532_hw7/hw7/_x/link/int/cf2sw_full.rtd -xclbin /mnt/castor/seas_home/c/chihan/chihan/ese532_hw7/hw7/_x/link/int/xclbin_orig.xml -o /mnt/castor/seas_home/c/chihan/chihan/ese532_hw7/hw7/_x/link/int/xclbin_orig.1.xml
INFO: [v++ 60-1454] Run Directory: /mnt/castor/seas_home/c/chihan/chihan/ese532_hw7/hw7/_x/link/run_link
INFO: [v++ 60-1441] [12:55:37] Run run_link: Step cf2sw: Completed
Time (s): cpu = 00:00:01 ; elapsed = 00:00:02 . Memory (MB): peak = 1574.652 ; gain = 0.000 ; free physical = 1019 ; free virtual = 13541
INFO: [v++ 60-1443] [12:55:37] Run run_link: Step rtd2_system_diagram: Started
INFO: [v++ 60-1453] Command Line: rtd2SystemDiagram
INFO: [v++ 60-1454] Run Directory: /mnt/castor/seas_home/c/chihan/chihan/ese532_hw7/hw7/_x/link/run_link
INFO: [v++ 60-1441] [12:55:41] Run run_link: Step rtd2_system_diagram: Completed
Time (s): cpu = 00:00:00 ; elapsed = 00:00:04 . Memory (MB): peak = 1574.652 ; gain = 0.000 ; free physical = 251 ; free virtual = 12839
INFO: [v++ 60-1443] [12:55:41] Run run_link: Step vpl: Started
INFO: [v++ 60-1453] Command Line: vpl -t hw -f u96v2_sbc_base -g --remote_ip_cache /mnt/castor/seas_home/c/chihan/chihan/ese532_hw7/hw7/.ipcache -s --output_dir /mnt/castor/seas_home/c/chihan/chihan/ese532_hw7/hw7/_x/link/int --log_dir /mnt/castor/seas_home/c/chihan/chihan/ese532_hw7/hw7/_x/logs/link --report_dir /mnt/castor/seas_home/c/chihan/chihan/ese532_hw7/hw7/_x/reports/link --config /mnt/castor/seas_home/c/chihan/chihan/ese532_hw7/hw7/_x/link/int/vplConfig.ini -k /mnt/castor/seas_home/c/chihan/chihan/ese532_hw7/hw7/_x/link/int/kernel_info.dat --webtalk_flag Vitis --temp_dir /mnt/castor/seas_home/c/chihan/chihan/ese532_hw7/hw7/_x/link --no-info --iprepo /mnt/castor/seas_home/c/chihan/chihan/ese532_hw7/hw7/_x/link/int/xo/ip_repo/xilinx_com_hls_Filter_HW_1_0 --messageDb /mnt/castor/seas_home/c/chihan/chihan/ese532_hw7/hw7/_x/link/run_link/vpl.pb /mnt/castor/seas_home/c/chihan/chihan/ese532_hw7/hw7/_x/link/int/dr.bd.tcl
INFO: [v++ 60-1454] Run Directory: /mnt/castor/seas_home/c/chihan/chihan/ese532_hw7/hw7/_x/link/run_link

****** vpl v2020.2 (64-bit)
  **** SW Build (by xbuild) on 2020-11-18-05:13:29
    ** Copyright 1986-2020 Xilinx, Inc. All Rights Reserved.

INFO: [VPL 60-839] Read in kernel information from file '/mnt/castor/seas_home/c/chihan/chihan/ese532_hw7/hw7/_x/link/int/kernel_info.dat'.
INFO: [VPL 60-423]   Target device: u96v2_sbc_base
INFO: [VPL 60-1032] Extracting hardware platform to /mnt/castor/seas_home/c/chihan/chihan/ese532_hw7/hw7/_x/link/vivado/vpl/.local/hw_platform
WARNING: /mnt/pollux/software/xilinx/2020.2/Vitis/2020.2/tps/lnx64/jre9.0.4 does not exist.
[12:56:57] Run vpl: Step create_project: Started
Creating Vivado project.
[12:57:14] Run vpl: Step create_project: RUNNING...
[12:57:50] Run vpl: Step create_project: Completed
[12:57:50] Run vpl: Step create_bd: Started
[12:58:16] Run vpl: Step create_bd: Completed
[12:58:16] Run vpl: Step update_bd: Started
[12:58:16] Run vpl: Step update_bd: Completed
[12:58:17] Run vpl: Step generate_target: Started
[12:59:44] Run vpl: Step generate_target: RUNNING...
[13:00:02] Run vpl: Step generate_target: Completed
[13:00:02] Run vpl: Step config_hw_runs: Started
[13:00:12] Run vpl: Step config_hw_runs: Completed
[13:00:12] Run vpl: Step synth: Started
[13:00:44] Block-level synthesis in progress, 0 of 25 jobs complete, 4 jobs running.
[13:01:16] Block-level synthesis in progress, 0 of 25 jobs complete, 4 jobs running.
[13:01:47] Block-level synthesis in progress, 0 of 25 jobs complete, 4 jobs running.
[13:02:19] Block-level synthesis in progress, 0 of 25 jobs complete, 4 jobs running.
[13:02:50] Block-level synthesis in progress, 2 of 25 jobs complete, 2 jobs running.
[13:03:21] Block-level synthesis in progress, 4 of 25 jobs complete, 2 jobs running.
[13:03:52] Block-level synthesis in progress, 6 of 25 jobs complete, 3 jobs running.
[13:04:23] Block-level synthesis in progress, 9 of 25 jobs complete, 3 jobs running.
[13:04:54] Block-level synthesis in progress, 11 of 25 jobs complete, 3 jobs running.
[13:05:25] Block-level synthesis in progress, 11 of 25 jobs complete, 4 jobs running.
[13:05:56] Block-level synthesis in progress, 11 of 25 jobs complete, 4 jobs running.
[13:06:28] Block-level synthesis in progress, 13 of 25 jobs complete, 2 jobs running.
[13:06:59] Block-level synthesis in progress, 16 of 25 jobs complete, 1 job running.
[13:07:30] Block-level synthesis in progress, 19 of 25 jobs complete, 1 job running.
[13:08:01] Block-level synthesis in progress, 22 of 25 jobs complete, 1 job running.
[13:08:32] Block-level synthesis in progress, 22 of 25 jobs complete, 3 jobs running.
[13:09:03] Block-level synthesis in progress, 23 of 25 jobs complete, 2 jobs running.
[13:09:34] Block-level synthesis in progress, 23 of 25 jobs complete, 2 jobs running.
[13:10:05] Top-level synthesis in progress.
[13:10:36] Top-level synthesis in progress.
[13:11:07] Top-level synthesis in progress.
[13:11:43] Run vpl: Step synth: Completed
[13:11:43] Run vpl: Step impl: Started
[13:13:50] Finished 2nd of 6 tasks (FPGA linking synthesized kernels to platform). Elapsed time: 00h 18m 06s 

[13:13:50] Starting logic optimization..
[13:13:50] Phase 1 Retarget
[13:13:50] Phase 2 Constant propagation
[13:13:50] Phase 3 Sweep
[13:13:50] Phase 4 BUFG optimization
[13:13:50] Phase 5 Shift Register Optimization
[13:13:50] Phase 6 Post Processing Netlist
[13:14:21] Finished 3rd of 6 tasks (FPGA logic optimization). Elapsed time: 00h 00m 30s 

[13:14:21] Starting logic placement..
[13:14:21] Phase 1 Placer Initialization
[13:14:21] Phase 1.1 Placer Initialization Netlist Sorting
[13:14:21] Phase 1.2 IO Placement/ Clock Placement/ Build Placer Device
[13:14:53] Phase 1.3 Build Placer Netlist Model
[13:14:53] Phase 1.4 Constrain Clocks/Macros
[13:14:53] Phase 2 Global Placement
[13:14:53] Phase 2.1 Floorplanning
[13:14:53] Phase 2.1.1 Partition Driven Placement
[13:14:53] Phase 2.1.1.1 PBP: Partition Driven Placement
[13:14:53] Phase 2.1.1.2 PBP: Clock Region Placement
[13:14:53] Phase 2.1.1.3 PBP: Compute Congestion
[13:14:53] Phase 2.1.1.4 PBP: UpdateTiming
[13:14:53] Phase 2.1.1.5 PBP: Add part constraints
[13:14:53] Phase 2.2 Update Timing before SLR Path Opt
[13:14:53] Phase 2.3 Global Placement Core
[13:15:24] Phase 2.3.1 Physical Synthesis In Placer
[13:15:24] Phase 3 Detail Placement
[13:15:24] Phase 3.1 Commit Multi Column Macros
[13:15:24] Phase 3.2 Commit Most Macros & LUTRAMs
[13:15:24] Phase 3.3 Small Shape DP
[13:15:24] Phase 3.3.1 Small Shape Clustering
[13:15:24] Phase 3.3.2 Flow Legalize Slice Clusters
[13:15:24] Phase 3.3.3 Slice Area Swap
[13:15:24] Phase 3.4 Re-assign LUT pins
[13:15:24] Phase 3.5 Pipeline Register Optimization
[13:15:24] Phase 4 Post Placement Optimization and Clean-Up
[13:15:24] Phase 4.1 Post Commit Optimization
[13:15:55] Phase 4.1.1 Post Placement Optimization
[13:15:55] Phase 4.1.1.1 BUFG Insertion
[13:15:55] Phase 1 Physical Synthesis Initialization
[13:15:55] Phase 4.2 Post Placement Cleanup
[13:15:55] Phase 4.3 Placer Reporting
[13:15:55] Phase 4.3.1 Print Estimated Congestion
[13:15:55] Phase 4.4 Final Placement Cleanup
[13:15:55] Finished 4th of 6 tasks (FPGA logic placement). Elapsed time: 00h 01m 34s 

[13:15:55] Starting logic routing..
[13:15:55] Phase 1 Build RT Design
[13:15:55] Phase 2 Router Initialization
[13:15:55] Phase 2.1 Fix Topology Constraints
[13:15:55] Phase 2.2 Pre Route Cleanup
[13:15:55] Phase 2.3 Global Clock Net Routing
[13:16:26] Phase 2.4 Update Timing
[13:16:26] Phase 3 Initial Routing
[13:16:26] Phase 3.1 Global Routing
[13:16:26] Phase 4 Rip-up And Reroute
[13:16:26] Phase 4.1 Global Iteration 0
[13:16:58] Phase 4.2 Additional Iteration for Hold
[13:16:58] Phase 5 Delay and Skew Optimization
[13:16:58] Phase 5.1 Delay CleanUp
[13:16:58] Phase 5.1.1 Update Timing
[13:16:58] Phase 5.2 Clock Skew Optimization
[13:16:58] Phase 6 Post Hold Fix
[13:16:58] Phase 6.1 Hold Fix Iter
[13:16:58] Phase 6.1.1 Update Timing
[13:16:58] Phase 7 Route finalize
[13:16:58] Phase 8 Verifying routed nets
[13:16:58] Phase 9 Depositing Routes
[13:16:58] Phase 10 Route finalize
[13:16:58] Phase 11 Post Router Timing
[13:16:58] Finished 5th of 6 tasks (FPGA routing). Elapsed time: 00h 01m 02s 

[13:16:58] Starting bitstream generation..
[13:17:52] Run vpl: Step impl: Completed
[13:17:53] Creating bitmap...
[13:17:53] Writing bitstream ./u96v2_sbc_base_wrapper.bit...
[13:17:53] Finished 6th of 6 tasks (FPGA bitstream generation). Elapsed time: 00h 00m 55s 
[13:17:53] Run vpl: FINISHED. Run Status: impl Complete!
INFO: [v++ 60-1441] [13:17:56] Run run_link: Step vpl: Completed
Time (s): cpu = 00:00:12 ; elapsed = 00:22:15 . Memory (MB): peak = 1574.652 ; gain = 0.000 ; free physical = 8678 ; free virtual = 13479
INFO: [v++ 60-1443] [13:17:56] Run run_link: Step rtdgen: Started
INFO: [v++ 60-1453] Command Line: rtdgen
INFO: [v++ 60-1454] Run Directory: /mnt/castor/seas_home/c/chihan/chihan/ese532_hw7/hw7/_x/link/run_link
INFO: [v++ 60-1453] Command Line: cf2sw -a /mnt/castor/seas_home/c/chihan/chihan/ese532_hw7/hw7/_x/link/int/address_map.xml -sdsl /mnt/castor/seas_home/c/chihan/chihan/ese532_hw7/hw7/_x/link/int/sdsl.dat -xclbin /mnt/castor/seas_home/c/chihan/chihan/ese532_hw7/hw7/_x/link/int/xclbin_orig.xml -rtd /mnt/castor/seas_home/c/chihan/chihan/ese532_hw7/hw7/_x/link/int/Filter_HW.rtd -o /mnt/castor/seas_home/c/chihan/chihan/ese532_hw7/hw7/_x/link/int/Filter_HW.xml
INFO: [v++ 60-1652] Cf2sw returned exit code: 0
INFO: [v++ 60-2311] HPISystemDiagram::writeSystemDiagramAfterRunningVivado, rtdInputFilePath: /mnt/castor/seas_home/c/chihan/chihan/ese532_hw7/hw7/_x/link/int/Filter_HW.rtd
INFO: [v++ 60-2312] HPISystemDiagram::writeSystemDiagramAfterRunningVivado, systemDiagramOutputFilePath: /mnt/castor/seas_home/c/chihan/chihan/ese532_hw7/hw7/_x/link/int/systemDiagramModelSlrBaseAddress.json
INFO: [v++ 60-1618] Launching 
INFO: [v++ 60-1441] [13:18:00] Run run_link: Step rtdgen: Completed
Time (s): cpu = 00:00:01 ; elapsed = 00:00:03 . Memory (MB): peak = 1574.652 ; gain = 0.000 ; free physical = 8655 ; free virtual = 13480
INFO: [v++ 60-1443] [13:18:00] Run run_link: Step xclbinutil: Started
INFO: [v++ 60-1453] Command Line: xclbinutil --add-section BITSTREAM:RAW:/mnt/castor/seas_home/c/chihan/chihan/ese532_hw7/hw7/_x/link/int/system.bit --force --target hw --key-value SYS:dfx_enable:false --add-section :JSON:/mnt/castor/seas_home/c/chihan/chihan/ese532_hw7/hw7/_x/link/int/Filter_HW.rtd --add-section CLOCK_FREQ_TOPOLOGY:JSON:/mnt/castor/seas_home/c/chihan/chihan/ese532_hw7/hw7/_x/link/int/Filter_HW_xml.rtd --add-section BUILD_METADATA:JSON:/mnt/castor/seas_home/c/chihan/chihan/ese532_hw7/hw7/_x/link/int/Filter_HW_build.rtd --add-section EMBEDDED_METADATA:RAW:/mnt/castor/seas_home/c/chihan/chihan/ese532_hw7/hw7/_x/link/int/Filter_HW.xml --add-section SYSTEM_METADATA:RAW:/mnt/castor/seas_home/c/chihan/chihan/ese532_hw7/hw7/_x/link/int/systemDiagramModelSlrBaseAddress.json --key-value SYS:PlatformVBNV:avnet.com_u96v2_sbc_base_u96v2_sbc_base_1_0 --output /mnt/castor/seas_home/c/chihan/chihan/ese532_hw7/hw7/Filter_HW.xclbin
INFO: [v++ 60-1454] Run Directory: /mnt/castor/seas_home/c/chihan/chihan/ese532_hw7/hw7/_x/link/run_link
XRT Build Version: 2.8.0 (Vitis)
       Build Date: 2020-11-04 13:51:01
          Hash ID: 70b0d7e5db97d08503f97ca713c33ecb01ddca64
Creating a default 'in-memory' xclbin image.

Section: 'BITSTREAM'(0) was successfully added.
Size   : 5568794 bytes
Format : RAW
File   : '/mnt/castor/seas_home/c/chihan/chihan/ese532_hw7/hw7/_x/link/int/system.bit'

Section: 'MEM_TOPOLOGY'(6) was successfully added.
Format : JSON
File   : 'mem_topology'

Section: 'IP_LAYOUT'(8) was successfully added.
Format : JSON
File   : 'ip_layout'

Section: 'CONNECTIVITY'(7) was successfully added.
Format : JSON
File   : 'connectivity'
WARNING: Skipping CLOCK_FREQ_TOPOLOGY section for count size is zero.
WARNING: Section 'CLOCK_FREQ_TOPOLOGY' content is empty.  No data in the given JSON file.

Section: 'CLOCK_FREQ_TOPOLOGY'(11) was empty.  No action taken.
Format : JSON
File   : '/mnt/castor/seas_home/c/chihan/chihan/ese532_hw7/hw7/_x/link/int/Filter_HW_xml.rtd'

Section: 'BUILD_METADATA'(14) was successfully added.
Size   : 1878 bytes
Format : JSON
File   : '/mnt/castor/seas_home/c/chihan/chihan/ese532_hw7/hw7/_x/link/int/Filter_HW_build.rtd'

Section: 'EMBEDDED_METADATA'(2) was successfully added.
Size   : 5298 bytes
Format : RAW
File   : '/mnt/castor/seas_home/c/chihan/chihan/ese532_hw7/hw7/_x/link/int/Filter_HW.xml'

Section: 'SYSTEM_METADATA'(22) was successfully added.
Size   : 5555 bytes
Format : RAW
File   : '/mnt/castor/seas_home/c/chihan/chihan/ese532_hw7/hw7/_x/link/int/systemDiagramModelSlrBaseAddress.json'
Successfully wrote (5588601 bytes) to the output file: /mnt/castor/seas_home/c/chihan/chihan/ese532_hw7/hw7/Filter_HW.xclbin
Leaving xclbinutil.
INFO: [v++ 60-1441] [13:18:02] Run run_link: Step xclbinutil: Completed
Time (s): cpu = 00:00:00.90 ; elapsed = 00:00:02 . Memory (MB): peak = 1574.652 ; gain = 0.000 ; free physical = 8627 ; free virtual = 13463
INFO: [v++ 60-1443] [13:18:02] Run run_link: Step xclbinutilinfo: Started
INFO: [v++ 60-1453] Command Line: xclbinutil --quiet --force --info /mnt/castor/seas_home/c/chihan/chihan/ese532_hw7/hw7/Filter_HW.xclbin.info --input /mnt/castor/seas_home/c/chihan/chihan/ese532_hw7/hw7/Filter_HW.xclbin
INFO: [v++ 60-1454] Run Directory: /mnt/castor/seas_home/c/chihan/chihan/ese532_hw7/hw7/_x/link/run_link
INFO: [v++ 60-1441] [13:18:03] Run run_link: Step xclbinutilinfo: Completed
Time (s): cpu = 00:00:00.88 ; elapsed = 00:00:01 . Memory (MB): peak = 1574.652 ; gain = 0.000 ; free physical = 8635 ; free virtual = 13471
INFO: [v++ 60-1443] [13:18:03] Run run_link: Step generate_sc_driver: Started
INFO: [v++ 60-1453] Command Line: 
INFO: [v++ 60-1454] Run Directory: /mnt/castor/seas_home/c/chihan/chihan/ese532_hw7/hw7/_x/link/run_link
INFO: [v++ 60-1441] [13:18:03] Run run_link: Step generate_sc_driver: Completed
Time (s): cpu = 00:00:00 ; elapsed = 00:00:00.01 . Memory (MB): peak = 1574.652 ; gain = 0.000 ; free physical = 8635 ; free virtual = 13471
INFO: [v++ 60-244] Generating system estimate report...
INFO: [v++ 60-1092] Generated system estimate report: /mnt/castor/seas_home/c/chihan/chihan/ese532_hw7/hw7/_x/reports/link/system_estimate_Filter_HW.xtxt
INFO: [v++ 60-2397] Platform default or user specified output type sd_card detected but is not a supported output for v++ --link. Use the v++ --package option instead to create SD card output.
INFO: [v++ 60-586] Created Filter_HW.xclbin
INFO: [v++ 60-1307] Run completed. Additional information can be found in:
	Guidance: /mnt/castor/seas_home/c/chihan/chihan/ese532_hw7/hw7/_x/reports/link/v++_link_Filter_HW_guidance.html
	Timing Report: /mnt/castor/seas_home/c/chihan/chihan/ese532_hw7/hw7/_x/reports/link/imp/impl_1_u96v2_sbc_base_wrapper_timing_summary_routed.rpt
	Vivado Log: /mnt/castor/seas_home/c/chihan/chihan/ese532_hw7/hw7/_x/logs/link/vivado.log
	Steps Log File: /mnt/castor/seas_home/c/chihan/chihan/ese532_hw7/hw7/_x/logs/link/link.steps.log

INFO: [v++ 60-2343] Use the vitis_analyzer tool to visualize and navigate the relevant reports. Run the following command. 
    vitis_analyzer /mnt/castor/seas_home/c/chihan/chihan/ese532_hw7/hw7/Filter_HW.xclbin.link_summary 
INFO: [v++ 60-791] Total elapsed time: 0h 22m 54s
INFO: [v++ 60-1653] Closing dispatch client.
