INFO: Applying HLS Y2K22 patch v1.2 for IP revision
INFO: [HLS 200-10] Running '/mnt/pollux/software/xilinx/2020.2/Vitis_HLS/2020.2/bin/unwrapped/lnx64.o/vitis_hls'
INFO: [HLS 200-10] For user 'chihan' on host 'hadar.seas.upenn.edu' (Linux_x86_64 version 5.14.21-150500.55.31-default) on Wed Oct 25 22:38:28 EDT 2023
INFO: [HLS 200-10] On os "openSUSE Leap 15.5"
INFO: [HLS 200-10] In directory '/mnt/castor/seas_home/c/chihan/chihan/ese532_hw7/hw7'
Sourcing Tcl script '/mnt/castor/seas_home/c/chihan/chihan/ese532_hw7/hw7/ese532_hw7/P3/csynth.tcl'
INFO: [HLS 200-1510] Running: open_project ese532_hw7 
INFO: [HLS 200-10] Opening project '/mnt/castor/seas_home/c/chihan/chihan/ese532_hw7/hw7/ese532_hw7'.
INFO: [HLS 200-1510] Running: set_top Filter_HW 
INFO: [HLS 200-1510] Running: add_files Filter.cpp 
INFO: [HLS 200-10] Adding design file 'Filter.cpp' to the project
INFO: [HLS 200-1510] Running: add_files Pipeline.h 
INFO: [HLS 200-10] Adding design file 'Pipeline.h' to the project
INFO: [HLS 200-1510] Running: add_files -tb testbench_Filter_HW.cpp 
INFO: [HLS 200-10] Adding test bench file 'testbench_Filter_HW.cpp' to the project
INFO: [HLS 200-1510] Running: open_solution P3 -flow_target vitis 
INFO: [HLS 200-10] Opening solution '/mnt/castor/seas_home/c/chihan/chihan/ese532_hw7/hw7/ese532_hw7/P3'.
INFO: [SYN 201-201] Setting up clock 'default' with a period of 6.667ns.
INFO: [HLS 200-10] Setting target device to 'xczu3eg-sbva484-1-i'
INFO: [HLS 200-1505] Using flow_target 'vitis'
Resolution: For help on HLS 200-1505 see www.xilinx.com/cgi-bin/docs/rdoc?v=2020.2;t=hls+guidance;d=200-1505.html
INFO: [HLS 200-1464] Running solution command: config_interface -default_interface=kernel
INFO: [HLS 200-1464] Running solution command: config_interface -m_axi_alignment_byte_size=64
INFO: [HLS 200-1464] Running solution command: config_interface -m_axi_latency=64
INFO: [HLS 200-1464] Running solution command: config_interface -m_axi_max_widen_bitwidth=512
INFO: [HLS 200-1464] Running solution command: config_interface -m_axi_offset=slave
INFO: [HLS 200-1464] Running solution command: config_rtl -register_reset_num=3
INFO: [HLS 200-1510] Running: set_part xczu3eg-sbva484-1-i 
INFO: [HLS 200-1510] Running: create_clock -period 150MHz -name default 
INFO: [HLS 200-1510] Running: config_interface -m_axi_alignment_byte_size 64 -m_axi_latency 64 -m_axi_max_widen_bitwidth 512 -m_axi_offset slave 
INFO: [HLS 200-1510] Running: config_rtl -register_reset_num 3 
INFO: [HLS 200-1510] Running: csynth_design 
INFO: [HLS 200-111] Finished File checks and directory preparation: CPU user time: 0 seconds. CPU system time: 0 seconds. Elapsed time: 0.01 seconds; current allocated memory: 208.161 MB.
INFO: [HLS 200-10] Analyzing design file 'Filter.cpp' ... 
INFO: [HLS 200-111] Finished Source Code Analysis and Preprocessing: CPU user time: 0.16 seconds. CPU system time: 0.07 seconds. Elapsed time: 0.33 seconds; current allocated memory: 209.446 MB.
INFO: [HLS 200-777] Using interface defaults for 'Vitis' flow target.
INFO: [HLS 214-186] Unrolling loop 'VITIS_LOOP_48_5' (Filter.cpp:48:24) in function 'Filter_horizontal_HW' completely with a factor of 6 (Filter.cpp:48:24)
INFO: [HLS 214-186] Unrolling loop 'VITIS_LOOP_54_6' (Filter.cpp:54:24) in function 'Filter_horizontal_HW' completely with a factor of 7 (Filter.cpp:54:24)
INFO: [HLS 214-186] Unrolling loop 'VITIS_LOOP_106_5' (Filter.cpp:106:25) in function 'Filter_vertical_HW' completely with a factor of 6 (Filter.cpp:106:25)
INFO: [HLS 214-186] Unrolling loop 'VITIS_LOOP_112_6' (Filter.cpp:112:25) in function 'Filter_vertical_HW' completely with a factor of 7 (Filter.cpp:112:25)
INFO: [HLS 214-178] Inlining function 'Filter_horizontal_HW' into 'Filter_HW' (Filter.cpp:134:0)
INFO: [HLS 214-178] Inlining function 'Filter_vertical_HW' into 'Filter_HW' (Filter.cpp:134:0)
INFO: [HLS 214-115] Multiple burst reads of length 3 and bit width 16 has been inferred on port 'gmem' (Filter.cpp:43:22)
INFO: [HLS 214-115] Multiple burst reads of length 237 and bit width 16 has been inferred on port 'gmem' (Filter.cpp:44:22)
INFO: [HLS 200-111] Finished Compiling Optimization and Transform: CPU user time: 1.78 seconds. CPU system time: 0.18 seconds. Elapsed time: 2.28 seconds; current allocated memory: 211.471 MB.
INFO: [HLS 200-111] Finished Checking Pragmas: CPU user time: 0 seconds. CPU system time: 0 seconds. Elapsed time: 0 seconds; current allocated memory: 211.472 MB.
INFO: [HLS 200-10] Starting code transformations ...
INFO: [HLS 200-111] Finished Standard Transforms: CPU user time: 0.03 seconds. CPU system time: 0.01 seconds. Elapsed time: 0.05 seconds; current allocated memory: 213.080 MB.
INFO: [HLS 200-10] Checking synthesizability ...
INFO: [HLS 200-111] Finished Checking Synthesizability: CPU user time: 0.02 seconds. CPU system time: 0 seconds. Elapsed time: 0.04 seconds; current allocated memory: 212.133 MB.
INFO: [XFORM 203-510] Pipelining loop 'VITIS_LOOP_43_3' (Filter.cpp:26) in function 'Filter_HW' automatically.
INFO: [XFORM 203-510] Pipelining loop 'VITIS_LOOP_101_3' (Filter.cpp:84) in function 'Filter_HW' automatically.
INFO: [XFORM 203-101] Partitioning array 'Input_local.1' (Filter.cpp:34) in dimension 1 completely.
INFO: [XFORM 203-101] Partitioning array 'Input_local' (Filter.cpp:92) in dimension 1 completely.
INFO: [XFORM 203-401] Performing if-conversion on hyperblock from (Filter.cpp:43:82) in function 'Filter_HW'... converting 7 basic blocks.
INFO: [XFORM 203-11] Balancing expressions in function 'Filter_HW' (Filter.cpp:132)...6 expression(s) balanced.
INFO: [HLS 200-111] Finished Loop, function and other optimizations: CPU user time: 0.13 seconds. CPU system time: 0 seconds. Elapsed time: 0.16 seconds; current allocated memory: 233.181 MB.
WARNING: [HLS 200-960] Cannot flatten loop 'VITIS_LOOP_42_2' (Filter.cpp:26:10) in function 'Filter_HW' more than one sub loop.
Resolution: For help on HLS 200-960 see www.xilinx.com/cgi-bin/docs/rdoc?v=2020.2;t=hls+guidance;d=200-960.html
WARNING: [HLS 200-960] Cannot flatten loop 'VITIS_LOOP_100_2' (Filter.cpp:84:7) in function 'Filter_HW' more than one sub loop.
Resolution: For help on HLS 200-960 see www.xilinx.com/cgi-bin/docs/rdoc?v=2020.2;t=hls+guidance;d=200-960.html
INFO: [HLS 200-472] Inferring partial write operation for 'Temp' (Filter.cpp:60:49)
INFO: [HLS 200-111] Finished Architecture Synthesis: CPU user time: 0.09 seconds. CPU system time: 0 seconds. Elapsed time: 0.1 seconds; current allocated memory: 226.959 MB.
INFO: [HLS 200-10] Starting hardware synthesis ...
INFO: [HLS 200-10] Synthesizing 'Filter_HW' ...
WARNING: [SYN 201-107] Renaming port name 'Filter_HW/Input' to 'Filter_HW/Input_r' to avoid the conflict with HDL keywords or other object names.
WARNING: [SYN 201-107] Renaming port name 'Filter_HW/Output' to 'Filter_HW/Output_r' to avoid the conflict with HDL keywords or other object names.
INFO: [HLS 200-10] ----------------------------------------------------------------
INFO: [HLS 200-42] -- Implementing module 'Filter_HW' 
INFO: [HLS 200-10] ----------------------------------------------------------------
INFO: [SCHED 204-11] Starting scheduling ...
INFO: [HLS 200-486] Changing DSP48 latency (root=mul_ln57) to 3 in order to utilize available DSP registers.
INFO: [HLS 200-486] Changing DSP48 latency (root=mul_ln101) to 3 in order to utilize available DSP registers.
INFO: [HLS 200-486] Changing DSP48 latency (root=mul_ln115) to 3 in order to utilize available DSP registers.
INFO: [SCHED 204-61] Pipelining loop 'VITIS_LOOP_43_3'.
INFO: [HLS 200-1470] Pipelining result : Target II = 1, Final II = 1, Depth = 3, loop 'VITIS_LOOP_43_3'
INFO: [SCHED 204-61] Pipelining loop 'VITIS_LOOP_44_4'.
INFO: [HLS 200-1470] Pipelining result : Target II = 1, Final II = 1, Depth = 6, loop 'VITIS_LOOP_44_4'
INFO: [SCHED 204-61] Pipelining loop 'VITIS_LOOP_101_3'.
INFO: [HLS 200-1470] Pipelining result : Target II = 1, Final II = 1, Depth = 5, loop 'VITIS_LOOP_101_3'
INFO: [SCHED 204-61] Pipelining loop 'VITIS_LOOP_102_4'.
INFO: [HLS 200-1470] Pipelining result : Target II = 1, Final II = 1, Depth = 74, loop 'VITIS_LOOP_102_4'
INFO: [SCHED 204-11] Finished scheduling.
INFO: [HLS 200-111] Finished Scheduling: CPU user time: 0.24 seconds. CPU system time: 0.01 seconds. Elapsed time: 0.32 seconds; current allocated memory: 228.406 MB.
INFO: [BIND 205-100] Starting micro-architecture generation ...
INFO: [BIND 205-101] Performing variable lifetime analysis.
INFO: [BIND 205-101] Exploring resource sharing.
INFO: [BIND 205-101] Binding ...
INFO: [BIND 205-100] Finished micro-architecture generation.
INFO: [HLS 200-111] Finished Binding: CPU user time: 0.43 seconds. CPU system time: 0.01 seconds. Elapsed time: 0.5 seconds; current allocated memory: 230.401 MB.
INFO: [HLS 200-10] ----------------------------------------------------------------
INFO: [HLS 200-10] -- Generating RTL for module 'Filter_HW' 
INFO: [HLS 200-10] ----------------------------------------------------------------
WARNING: [RTGEN 206-101] Design contains AXI ports. Reset is fixed to synchronous and active low.
INFO: [RTGEN 206-500] Setting interface mode on port 'Filter_HW/gmem' to 'm_axi'.
INFO: [RTGEN 206-500] Setting interface mode on port 'Filter_HW/Input_r' to 's_axilite & ap_none'.
INFO: [RTGEN 206-500] Setting interface mode on port 'Filter_HW/Output_r' to 's_axilite & ap_none'.
INFO: [RTGEN 206-500] Setting interface mode on function 'Filter_HW' to 's_axilite & ap_ctrl_chain'.
INFO: [RTGEN 206-100] Bundling port 'Input_r', 'Output_r' to AXI-Lite port control.
INFO: [RTGEN 206-100] Generating core module 'mac_muladd_3ns_10ns_10s_12_4_1': 1 instance(s).
INFO: [RTGEN 206-100] Generating core module 'mac_muladd_8ns_8ns_16ns_16_4_1': 2 instance(s).
INFO: [RTGEN 206-100] Finished creating RTL model for 'Filter_HW'.
INFO: [HLS 200-111] Finished Creating RTL model: CPU user time: 0.22 seconds. CPU system time: 0 seconds. Elapsed time: 0.3 seconds; current allocated memory: 234.552 MB.
INFO: [RTMG 210-278] Implementing memory 'Filter_HW_Temp_ram (RAM)' using auto RAMs.
INFO: [HLS 200-111] Finished Generating all RTL models: CPU user time: 1.47 seconds. CPU system time: 0.1 seconds. Elapsed time: 2.8 seconds; current allocated memory: 248.486 MB.
INFO: [VHDL 208-304] Generating VHDL RTL for Filter_HW.
INFO: [VLOG 209-307] Generating Verilog RTL for Filter_HW.
INFO: [HLS 200-1603] Design has MAXI bursts and missed bursts, see Vitis HLS GUI synthesis summary report for detailed information.
INFO: [HLS 200-790] **** Loop Constraint Status: All loop constraints were satisfied.
INFO: [HLS 200-789] **** Estimated Fmax: 205.47 MHz
INFO: [HLS 200-111] Finished Command csynth_design CPU user time: 4.65 seconds. CPU system time: 0.39 seconds. Elapsed time: 7.04 seconds; current allocated memory: 248.950 MB.
INFO: [HLS 200-112] Total CPU user time: 6.79 seconds. Total CPU system time: 0.66 seconds. Total elapsed time: 9.73 seconds; peak allocated memory: 248.486 MB.
