INFO-FLOW: Workspace /mnt/castor/seas_home/c/chihan/chihan/ese532_hw7/hw7/ese532_hw7/P3b opened at Thu Oct 26 20:53:56 EDT 2023
Execute     ap_set_clock -name default -period 6.667 -unit ns -default=false 
INFO: [SYN 201-201] Setting up clock 'default' with a period of 6.667ns.
Execute     import_lib /mnt/pollux/software/xilinx/2020.2/Vitis_HLS/2020.2/common/technology/xilinx/zynquplus/zynquplus 
Execute       source /mnt/pollux/software/xilinx/2020.2/Vitis_HLS/2020.2/common/technology/xilinx/interface/xilinx_interface.hlp 
Execute         source /mnt/pollux/software/xilinx/2020.2/Vitis_HLS/2020.2/common/technology/xilinx/interface/maxi.hlp 
Execute         source /mnt/pollux/software/xilinx/2020.2/Vitis_HLS/2020.2/common/technology/xilinx/interface/saxilite.hlp 
Execute       source /mnt/pollux/software/xilinx/2020.2/Vitis_HLS/2020.2/common/technology/xilinx/DSP48/dsp48.hlp 
Execute     source /mnt/pollux/software/xilinx/2020.2/Vitis_HLS/2020.2/common/technology/xilinx/common/xilinx.gen 
Execute       source /mnt/pollux/software/xilinx/2020.2/Vitis_HLS/2020.2/common/technology/xilinx/interface/plb46.gen 
Execute       source /mnt/pollux/software/xilinx/2020.2/Vitis_HLS/2020.2/common/technology/xilinx/interface/axi4.gen 
Execute       source /mnt/pollux/software/xilinx/2020.2/Vitis_HLS/2020.2/common/technology/xilinx/interface/nativeAXI4.gen 
Execute         source /mnt/pollux/software/xilinx/2020.2/Vitis_HLS/2020.2/common/technology/xilinx/interface/saxilite.gen 
Execute         source /mnt/pollux/software/xilinx/2020.2/Vitis_HLS/2020.2/common/technology/xilinx/interface/maxi.gen 
Execute       source /mnt/pollux/software/xilinx/2020.2/Vitis_HLS/2020.2/common/technology/xilinx/scripts/xilinxcoregen.gen 
Execute       source /mnt/pollux/software/xilinx/2020.2/Vitis_HLS/2020.2/common/technology/xilinx/interface/XilEDKCoreGen.gen 
Execute       source /mnt/pollux/software/xilinx/2020.2/Vitis_HLS/2020.2/common/technology/xilinx/ip/dds_compiler.gen 
Execute       source /mnt/pollux/software/xilinx/2020.2/Vitis_HLS/2020.2/common/technology/xilinx/ip/util.gen 
Execute       source /mnt/pollux/software/xilinx/2020.2/Vitis_HLS/2020.2/common/technology/xilinx/ip/xfft.gen 
Execute       source /mnt/pollux/software/xilinx/2020.2/Vitis_HLS/2020.2/common/technology/xilinx/ip/xfir.gen 
Execute       source /mnt/pollux/software/xilinx/2020.2/Vitis_HLS/2020.2/common/technology/xilinx/DSP48/dsp48.gen 
Execute     import_lib /mnt/pollux/software/xilinx/2020.2/Vitis_HLS/2020.2/common/technology/xilinx/zynquplus/zynquplus_fpv7 
Execute       source /mnt/pollux/software/xilinx/2020.2/Vitis_HLS/2020.2/common/technology/xilinx/interface/xilinx_interface.hlp 
Execute         source /mnt/pollux/software/xilinx/2020.2/Vitis_HLS/2020.2/common/technology/xilinx/interface/maxi.hlp 
Execute         source /mnt/pollux/software/xilinx/2020.2/Vitis_HLS/2020.2/common/technology/xilinx/interface/saxilite.hlp 
Execute       source /mnt/pollux/software/xilinx/2020.2/Vitis_HLS/2020.2/common/technology/xilinx/DSP48/dsp48.hlp 
Execute     source /mnt/pollux/software/xilinx/2020.2/Vitis_HLS/2020.2/common/technology/xilinx/common/xilinx.gen 
Execute       source /mnt/pollux/software/xilinx/2020.2/Vitis_HLS/2020.2/common/technology/xilinx/interface/plb46.gen 
Execute       source /mnt/pollux/software/xilinx/2020.2/Vitis_HLS/2020.2/common/technology/xilinx/interface/axi4.gen 
Execute       source /mnt/pollux/software/xilinx/2020.2/Vitis_HLS/2020.2/common/technology/xilinx/interface/nativeAXI4.gen 
Execute         source /mnt/pollux/software/xilinx/2020.2/Vitis_HLS/2020.2/common/technology/xilinx/interface/saxilite.gen 
Execute         source /mnt/pollux/software/xilinx/2020.2/Vitis_HLS/2020.2/common/technology/xilinx/interface/maxi.gen 
Execute       source /mnt/pollux/software/xilinx/2020.2/Vitis_HLS/2020.2/common/technology/xilinx/scripts/xilinxcoregen.gen 
Execute       source /mnt/pollux/software/xilinx/2020.2/Vitis_HLS/2020.2/common/technology/xilinx/interface/XilEDKCoreGen.gen 
Execute       source /mnt/pollux/software/xilinx/2020.2/Vitis_HLS/2020.2/common/technology/xilinx/ip/dds_compiler.gen 
Execute       source /mnt/pollux/software/xilinx/2020.2/Vitis_HLS/2020.2/common/technology/xilinx/ip/util.gen 
Execute       source /mnt/pollux/software/xilinx/2020.2/Vitis_HLS/2020.2/common/technology/xilinx/ip/xfft.gen 
Execute       source /mnt/pollux/software/xilinx/2020.2/Vitis_HLS/2020.2/common/technology/xilinx/ip/xfir.gen 
Execute       source /mnt/pollux/software/xilinx/2020.2/Vitis_HLS/2020.2/common/technology/xilinx/DSP48/dsp48.gen 
Execute     set_part xczu3eg-sbva484-1-i 
INFO-FLOW: DBG:set_part: XILINX_VIVADO=/mnt/pollux/software/xilinx/2020.2/Vivado/2020.2
INFO-FLOW: DBG:set_part: RDI_DATADIR=/mnt/pollux/software/xilinx/2020.2/Vivado/2020.2/data:/mnt/pollux/software/xilinx/2020.2/Vitis_HLS/2020.2/data
Execute       ap_part_info -name xczu3eg-sbva484-1-i -data single -quiet 
DBG:HLSDevice: Trying to load device library: /mnt/pollux/software/xilinx/2020.2/Vitis_HLS/2020.2/lib/lnx64.o/librdi_hlsvwrap.so
DBG:HLSDevice: first parts/arch.xml in RDI_DATADIR: /mnt/pollux/software/xilinx/2020.2/Vivado/2020.2/data/parts/arch.xml
Command       ap_part_info done; 0.88 sec.
Execute       ap_part_info -name xczu3eg-sbva484-1-i -data info 
Execute       add_library xilinx/zynquplus/zynquplus:xczu3eg:-sbva484:-1-i 
Execute         get_default_platform 
Execute         open_platform DefaultPlatform 
Execute         ap_part_info -data single -name xczu3eg-sbva484-1-i 
Execute         ap_part_info -name xczu3eg-sbva484-1-i -data resources 
Execute         config_chip_info -resource {SLICE 8820} {LUT 70560} {FF 141120} {DSP 360} {BRAM 432} {URAM 0} 
Execute         ap_part_info -name xczu3eg-sbva484-1-i -data info 
Execute         config_chip_info -speed slow 
Execute         ap_part_info -name xczu3eg-sbva484-1-i -data info 
Execute         config_library_info -library zynquplus_slow 
Execute         config_library_info -family zynquplus 
Execute         config_library_info -part xczu3eg:-sbva484:-1-i 
Execute         import_lib /mnt/pollux/software/xilinx/2020.2/Vitis_HLS/2020.2/common/technology/xilinx/zynquplus/zynquplus 
Execute           source /mnt/pollux/software/xilinx/2020.2/Vitis_HLS/2020.2/common/technology/xilinx/interface/xilinx_interface.hlp 
Execute             source /mnt/pollux/software/xilinx/2020.2/Vitis_HLS/2020.2/common/technology/xilinx/interface/maxi.hlp 
Execute             source /mnt/pollux/software/xilinx/2020.2/Vitis_HLS/2020.2/common/technology/xilinx/interface/saxilite.hlp 
Execute           source /mnt/pollux/software/xilinx/2020.2/Vitis_HLS/2020.2/common/technology/xilinx/DSP48/dsp48.hlp 
Execute           source /mnt/pollux/software/xilinx/2020.2/Vitis_HLS/2020.2/common/technology/xilinx/DSP48/zynquplus_dsp48e2.hlp 
Execute         source /mnt/pollux/software/xilinx/2020.2/Vitis_HLS/2020.2/common/technology/xilinx/common/xilinx.gen 
Execute           source /mnt/pollux/software/xilinx/2020.2/Vitis_HLS/2020.2/common/technology/xilinx/interface/plb46.gen 
Execute           source /mnt/pollux/software/xilinx/2020.2/Vitis_HLS/2020.2/common/technology/xilinx/interface/axi4.gen 
Execute           source /mnt/pollux/software/xilinx/2020.2/Vitis_HLS/2020.2/common/technology/xilinx/interface/nativeAXI4.gen 
Execute             source /mnt/pollux/software/xilinx/2020.2/Vitis_HLS/2020.2/common/technology/xilinx/interface/saxilite.gen 
Execute             source /mnt/pollux/software/xilinx/2020.2/Vitis_HLS/2020.2/common/technology/xilinx/interface/maxi.gen 
Execute           source /mnt/pollux/software/xilinx/2020.2/Vitis_HLS/2020.2/common/technology/xilinx/scripts/xilinxcoregen.gen 
Execute           source /mnt/pollux/software/xilinx/2020.2/Vitis_HLS/2020.2/common/technology/xilinx/interface/XilEDKCoreGen.gen 
Execute           source /mnt/pollux/software/xilinx/2020.2/Vitis_HLS/2020.2/common/technology/xilinx/ip/dds_compiler.gen 
Execute           source /mnt/pollux/software/xilinx/2020.2/Vitis_HLS/2020.2/common/technology/xilinx/ip/util.gen 
Execute           source /mnt/pollux/software/xilinx/2020.2/Vitis_HLS/2020.2/common/technology/xilinx/ip/xfft.gen 
Execute           source /mnt/pollux/software/xilinx/2020.2/Vitis_HLS/2020.2/common/technology/xilinx/ip/xfir.gen 
Execute           source /mnt/pollux/software/xilinx/2020.2/Vitis_HLS/2020.2/common/technology/xilinx/DSP48/dsp48.gen 
Command       add_library done; 0.18 sec.
INFO: [HLS 200-10] Setting target device to 'xczu3eg-sbva484-1-i'
Execute       ap_part_info -name xczu3eg-sbva484-1-i -data info 
Execute       config_compile -quiet -complex-mul-dsp=0 
Command     set_part done; 1.09 sec.
Execute     ap_part_info -data single -name xczu3eg-sbva484-1-i 
Execute     ap_part_info -name xczu3eg-sbva484-1-i -data resources 
Execute     config_chip_info -resource {SLICE 8820} {LUT 70560} {FF 141120} {DSP 360} {BRAM 432} {URAM 0} 
Execute     ap_part_info -name xczu3eg-sbva484-1-i -data info 
Execute     config_chip_info -speed slow 
Execute     send_msg_by_id INFO @200-1505@%s%s  vitis 
INFO: [HLS 200-1505] Using flow_target 'vitis'
Execute     get_config_interface -m_axi_latency 
Execute     get_config_interface -m_axi_alignment_byte_size 
Execute     get_config_interface -m_axi_max_widen_bitwidth 
Execute     get_config_interface -default_interface 
Execute     get_config_interface -m_axi_offset 
Execute     get_config_rtl -register_reset_num 
Execute     send_msg_by_id INFO @200-1464@%s config_interface -default_interface=kernel 
INFO: [HLS 200-1464] Running solution command: config_interface -default_interface=kernel
Execute     config_interface -default_interface=kernel 
Execute     send_msg_by_id INFO @200-1464@%s config_interface -m_axi_alignment_byte_size=64 
INFO: [HLS 200-1464] Running solution command: config_interface -m_axi_alignment_byte_size=64
Execute     config_interface -m_axi_alignment_byte_size=64 
Execute     send_msg_by_id INFO @200-1464@%s config_interface -m_axi_latency=64 
INFO: [HLS 200-1464] Running solution command: config_interface -m_axi_latency=64
Execute     config_interface -m_axi_latency=64 
Execute     send_msg_by_id INFO @200-1464@%s config_interface -m_axi_max_widen_bitwidth=512 
INFO: [HLS 200-1464] Running solution command: config_interface -m_axi_max_widen_bitwidth=512
Execute     config_interface -m_axi_max_widen_bitwidth=512 
Execute     send_msg_by_id INFO @200-1464@%s config_interface -m_axi_offset=slave 
INFO: [HLS 200-1464] Running solution command: config_interface -m_axi_offset=slave
Execute     config_interface -m_axi_offset=slave 
Execute     send_msg_by_id INFO @200-1464@%s config_rtl -register_reset_num=3 
INFO: [HLS 200-1464] Running solution command: config_rtl -register_reset_num=3
Execute     config_rtl -register_reset_num=3 
Command   open_solution done; 1.29 sec.
Execute   set_part xczu3eg-sbva484-1-i 
INFO: [HLS 200-1510] Running: set_part xczu3eg-sbva484-1-i 
INFO-FLOW: DBG:set_part: XILINX_VIVADO=/mnt/pollux/software/xilinx/2020.2/Vivado/2020.2
INFO-FLOW: DBG:set_part: RDI_DATADIR=/mnt/pollux/software/xilinx/2020.2/Vivado/2020.2/data:/mnt/pollux/software/xilinx/2020.2/Vitis_HLS/2020.2/data
Execute     ap_part_info -name xczu3eg-sbva484-1-i -data single -quiet 
Execute     ap_part_info -name xczu3eg-sbva484-1-i -data info 
Execute     add_library xilinx/zynquplus/zynquplus:xczu3eg:-sbva484:-1-i 
Execute       get_default_platform 
Execute       open_platform DefaultPlatform 
Execute       ap_part_info -data single -name xczu3eg-sbva484-1-i 
Execute       ap_part_info -name xczu3eg-sbva484-1-i -data resources 
Execute       config_chip_info -resource {SLICE 8820} {LUT 70560} {FF 141120} {DSP 360} {BRAM 432} {URAM 0} 
Execute       ap_part_info -name xczu3eg-sbva484-1-i -data info 
Execute       config_chip_info -speed slow 
Execute       ap_part_info -name xczu3eg-sbva484-1-i -data info 
Execute       config_library_info -library zynquplus_slow 
Execute       config_library_info -family zynquplus 
Execute       config_library_info -part xczu3eg:-sbva484:-1-i 
Execute       import_lib /mnt/pollux/software/xilinx/2020.2/Vitis_HLS/2020.2/common/technology/xilinx/zynquplus/zynquplus 
Execute         source /mnt/pollux/software/xilinx/2020.2/Vitis_HLS/2020.2/common/technology/xilinx/interface/xilinx_interface.hlp 
Execute           source /mnt/pollux/software/xilinx/2020.2/Vitis_HLS/2020.2/common/technology/xilinx/interface/maxi.hlp 
Execute           source /mnt/pollux/software/xilinx/2020.2/Vitis_HLS/2020.2/common/technology/xilinx/interface/saxilite.hlp 
Execute         source /mnt/pollux/software/xilinx/2020.2/Vitis_HLS/2020.2/common/technology/xilinx/DSP48/dsp48.hlp 
Execute         source /mnt/pollux/software/xilinx/2020.2/Vitis_HLS/2020.2/common/technology/xilinx/DSP48/zynquplus_dsp48e2.hlp 
Execute       source /mnt/pollux/software/xilinx/2020.2/Vitis_HLS/2020.2/common/technology/xilinx/common/xilinx.gen 
Execute         source /mnt/pollux/software/xilinx/2020.2/Vitis_HLS/2020.2/common/technology/xilinx/interface/plb46.gen 
Execute         source /mnt/pollux/software/xilinx/2020.2/Vitis_HLS/2020.2/common/technology/xilinx/interface/axi4.gen 
Execute         source /mnt/pollux/software/xilinx/2020.2/Vitis_HLS/2020.2/common/technology/xilinx/interface/nativeAXI4.gen 
Execute           source /mnt/pollux/software/xilinx/2020.2/Vitis_HLS/2020.2/common/technology/xilinx/interface/saxilite.gen 
Execute           source /mnt/pollux/software/xilinx/2020.2/Vitis_HLS/2020.2/common/technology/xilinx/interface/maxi.gen 
Execute         source /mnt/pollux/software/xilinx/2020.2/Vitis_HLS/2020.2/common/technology/xilinx/scripts/xilinxcoregen.gen 
Execute         source /mnt/pollux/software/xilinx/2020.2/Vitis_HLS/2020.2/common/technology/xilinx/interface/XilEDKCoreGen.gen 
Execute         source /mnt/pollux/software/xilinx/2020.2/Vitis_HLS/2020.2/common/technology/xilinx/ip/dds_compiler.gen 
Execute         source /mnt/pollux/software/xilinx/2020.2/Vitis_HLS/2020.2/common/technology/xilinx/ip/util.gen 
Execute         source /mnt/pollux/software/xilinx/2020.2/Vitis_HLS/2020.2/common/technology/xilinx/ip/xfft.gen 
Execute         source /mnt/pollux/software/xilinx/2020.2/Vitis_HLS/2020.2/common/technology/xilinx/ip/xfir.gen 
Execute         source /mnt/pollux/software/xilinx/2020.2/Vitis_HLS/2020.2/common/technology/xilinx/DSP48/dsp48.gen 
Execute     ap_part_info -name xczu3eg-sbva484-1-i -data info 
Execute     config_compile -quiet -complex-mul-dsp=0 
Command   set_part done; 0.12 sec.
Execute   create_clock -period 150MHz -name default 
INFO: [HLS 200-1510] Running: create_clock -period 150MHz -name default 
Execute   config_interface -m_axi_alignment_byte_size 64 -m_axi_latency 64 -m_axi_max_widen_bitwidth 512 -m_axi_offset slave 
INFO: [HLS 200-1510] Running: config_interface -m_axi_alignment_byte_size 64 -m_axi_latency 64 -m_axi_max_widen_bitwidth 512 -m_axi_offset slave 
Execute   config_rtl -register_reset_num 3 
INFO: [HLS 200-1510] Running: config_rtl -register_reset_num 3 
Execute   source ./ese532_hw7/P3b/directives.tcl 
Execute     set_directive_top -name Filter_horizontal_HW Filter_horizontal_HW 
INFO: [HLS 200-1510] Running: set_directive_top -name Filter_horizontal_HW Filter_horizontal_HW 
INFO-FLOW: Setting directive 'TOP' name=Filter_horizontal_HW 
Execute   csynth_design 
INFO: [HLS 200-1510] Running: csynth_design 
Execute     get_config_compile -effort 
Execute     get_config_compile -enable_clang39 
Execute     get_config_compile -g 
Execute     get_config_compile -ng 
Execute     get_config_compile -opt_fp 
Execute     get_config_compile -skip_cdt 
Execute     get_config_compile -skip_syncheck 
Execute     get_config_compile -skip_transform 
Execute     get_config_compile -keep_printf 
Execute     elaborate -effort=medium -skip_syncheck=0 -keep_printf=0 -skip_cdt=0 -skip_transform=0 -ng=0 -g=0 -opt_fp=0 -from_csynth_design=1 
INFO: [HLS 200-111] Finished File checks and directory preparation: CPU user time: 0 seconds. CPU system time: 0.01 seconds. Elapsed time: 0.03 seconds; current allocated memory: 208.186 MB.
INFO: [HLS 200-10] Analyzing design file 'Filter.cpp' ... 
INFO-FLOW: Compiling one TU...
Execute       get_config_compile -pragma_strict_mode 
INFO-FLOW: Handling Filter.cpp as C++
Execute       ap_part_info -name xczu3eg-sbva484-1-i -data info 
INFO-FLOW: Running: GCC PP 39
INFO-FLOW: Source preprocessing
Execute       ap_eval exec -ignorestderr /mnt/pollux/software/xilinx/2020.2/Vitis_HLS/2020.2/lnx64/tools/clang-3.9-csynth/bin/clang Filter.cpp -foptimization-record-file=/mnt/castor/seas_home/c/chihan/chihan/ese532_hw7/hw7/ese532_hw7/P3b/.autopilot/db/clang.Filter.cpp.diag.yml -mllvm -pass-remarks-missed=reflow|pasta|unroll -mllvm -pass-remarks=reflow|pasta|unroll|inline -fno-limit-debug-info -gcc-toolchain /mnt/pollux/software/xilinx/2020.2/Vitis_HLS/2020.2/tps/lnx64/gcc-6.2.0 -fhls -fno-exceptions -E -fno-math-errno -c -emit-llvm -mllvm -disable-llvm-optzns -Werror=implicit-function-declaration -Werror=implicit-hls-streams -Werror=return-type -Wpragmas -Wunused-parameter -fno-threadsafe-statics -fno-use-cxa-atexit -std=gnu++14 -target fpga64-xilinx-linux-gnu -fno-threadsafe-statics -fno-use-cxa-atexit -I /mnt/pollux/software/xilinx/2020.2/Vitis_HLS/2020.2/common/technology/autopilot/39 -D__VITIS_HLS__ -DAESL_SYN -D__SYNTHESIS__ -D__HLS_SYN__ -I /mnt/pollux/software/xilinx/2020.2/Vitis_HLS/2020.2/common/technology/autopilot -I /mnt/pollux/software/xilinx/2020.2/Vitis_HLS/2020.2/common/technology/autopilot/ap_sysc -include etc/autopilot_ssdm_op.h -D__DSP48E2__ -o /mnt/castor/seas_home/c/chihan/chihan/ese532_hw7/hw7/ese532_hw7/P3b/.autopilot/db/Filter.pp.0.cpp > /mnt/castor/seas_home/c/chihan/chihan/ese532_hw7/hw7/ese532_hw7/P3b/.autopilot/db/clang.Filter.cpp.out.log 2> /mnt/castor/seas_home/c/chihan/chihan/ese532_hw7/hw7/ese532_hw7/P3b/.autopilot/db/clang.Filter.cpp.err.log 
INFO-FLOW: Done: GCC PP 39 time: 0.1 seconds per iteration
Execute       set_directive_top Filter_horizontal_HW -name=Filter_horizontal_HW 
INFO-FLOW: Setting directive 'TOP' name=Filter_horizontal_HW 
INFO-FLOW: Setting directive 'TOP' name=Filter_horizontal_HW 
INFO-FLOW: Setting directive 'TOP' name=Filter_horizontal_HW 
INFO-FLOW: Setting directive 'TOP' name=Filter_horizontal_HW 
Execute       source /mnt/pollux/software/xilinx/2020.2/Vitis_HLS/2020.2/tps/tcl/tcllib1.11.1/yaml/huddle.tcl 
Execute       source /mnt/pollux/software/xilinx/2020.2/Vitis_HLS/2020.2/tps/tcl/tcllib1.11.1/yaml/json2huddle.tcl 
Execute         source /mnt/pollux/software/xilinx/2020.2/Vitis_HLS/2020.2/tps/tcl/tcllib1.11.1/try/try.tcl 
INFO-FLOW: Setting directive 'TOP' name=Filter_horizontal_HW 
INFO-FLOW: Setting directive 'TOP' name=Filter_horizontal_HW 
Execute       list_core -type functional_unit 
Execute       clang_tidy xilinx-systemc-detector /mnt/castor/seas_home/c/chihan/chihan/ese532_hw7/hw7/ese532_hw7/P3b/.autopilot/db/Filter.pp.0.cpp std=gnu++14 -target fpga  -directive=/mnt/castor/seas_home/c/chihan/chihan/ese532_hw7/hw7/ese532_hw7/P3b/.autopilot/db/.systemc_flag 
INFO-FLOW: exec /mnt/pollux/software/xilinx/2020.2/Vitis_HLS/2020.2/lnx64/tools/clang-3.9-csynth/bin/clang-tidy -header-filter=.* --checks=-*,xilinx-systemc-detector -import-directive=/mnt/castor/seas_home/c/chihan/chihan/ese532_hw7/hw7/ese532_hw7/P3b/.autopilot/db/.systemc_flag -fix-errors /mnt/castor/seas_home/c/chihan/chihan/ese532_hw7/hw7/ese532_hw7/P3b/.autopilot/db/Filter.pp.0.cpp -- -std=gnu++14 -target fpga -fhls -ferror-limit=0
INFO-FLOW: Running: clang-tidy CDT preprocess 39
Execute       clang_tidy xilinx-directive2pragma /mnt/castor/seas_home/c/chihan/chihan/ese532_hw7/hw7/ese532_hw7/P3b/.autopilot/db/Filter.pp.0.cpp std=gnu++14 -target fpga  -directive=/mnt/castor/seas_home/c/chihan/chihan/ese532_hw7/hw7/ese532_hw7/P3b/.autopilot/db/all.directive.json 
INFO-FLOW: exec /mnt/pollux/software/xilinx/2020.2/Vitis_HLS/2020.2/lnx64/tools/clang-3.9-csynth/bin/clang-tidy -header-filter=.* --checks=-*,xilinx-directive2pragma -import-directive=/mnt/castor/seas_home/c/chihan/chihan/ese532_hw7/hw7/ese532_hw7/P3b/.autopilot/db/all.directive.json -fix-errors /mnt/castor/seas_home/c/chihan/chihan/ese532_hw7/hw7/ese532_hw7/P3b/.autopilot/db/Filter.pp.0.cpp -- -std=gnu++14 -target fpga -fhls -ferror-limit=0
Execute       clang_tidy xilinx-constantarray-param,xilinx-remove-assert /mnt/castor/seas_home/c/chihan/chihan/ese532_hw7/hw7/ese532_hw7/P3b/.autopilot/db/Filter.pp.0.cpp std=gnu++14 -target fpga  
INFO-FLOW: exec /mnt/pollux/software/xilinx/2020.2/Vitis_HLS/2020.2/lnx64/tools/clang-3.9-csynth/bin/clang-tidy -header-filter=.* --checks=-*,xilinx-constantarray-param,xilinx-remove-assert -fix-errors /mnt/castor/seas_home/c/chihan/chihan/ese532_hw7/hw7/ese532_hw7/P3b/.autopilot/db/Filter.pp.0.cpp -- -std=gnu++14 -target fpga -fhls -ferror-limit=0
INFO-FLOW: Done: clang-tidy CDT preprocess 39 time: 0 seconds per iteration
INFO-FLOW: Calling xilinx-label-all-loops ... 
Execute       clang_tidy -errorcheck xilinx-label-all-loops,xilinx-top-parameters,xilinx-array-stream-check,xilinx-warn-mayneed-no-ctor-attribute /mnt/castor/seas_home/c/chihan/chihan/ese532_hw7/hw7/ese532_hw7/P3b/.autopilot/db/Filter.pp.0.cpp std=gnu++14 -target fpga  
Execute         ap_eval exec -ignorestderr /mnt/pollux/software/xilinx/2020.2/Vitis_HLS/2020.2/lnx64/tools/clang-3.9-csynth/bin/clang-tidy -export-fixes=/mnt/castor/seas_home/c/chihan/chihan/ese532_hw7/hw7/ese532_hw7/P3b/.autopilot/db/clang-tidy.Filter.pp.0.cpp.diag.yml -header-filter=.* --checks=-*,xilinx-label-all-loops,xilinx-top-parameters,xilinx-array-stream-check,xilinx-warn-mayneed-no-ctor-attribute -fix-errors /mnt/castor/seas_home/c/chihan/chihan/ese532_hw7/hw7/ese532_hw7/P3b/.autopilot/db/Filter.pp.0.cpp -- -std=gnu++14 -target fpga -fhls -ferror-limit=0 > /mnt/castor/seas_home/c/chihan/chihan/ese532_hw7/hw7/ese532_hw7/P3b/.autopilot/db/clang-tidy.Filter.pp.0.cpp.out.log 2> /mnt/castor/seas_home/c/chihan/chihan/ese532_hw7/hw7/ese532_hw7/P3b/.autopilot/db/clang-tidy.Filter.pp.0.cpp.err.log 
Execute         source /mnt/pollux/software/xilinx/2020.2/Vitis_HLS/2020.2/tps/tcl/tcllib1.11.1/yaml/yaml.tcl 
Execute           source /mnt/pollux/software/xilinx/2020.2/Vitis_HLS/2020.2/tps/tcl/tcllib1.11.1/cmdline/cmdline.tcl 
Execute       get_config_dataflow -strict_mode 
Execute       ap_eval exec -ignorestderr /mnt/pollux/software/xilinx/2020.2/Vitis_HLS/2020.2/lnx64/tools/clang-3.9-csynth/bin/xilinx-dataflow-lawyer -export-fixes=/mnt/castor/seas_home/c/chihan/chihan/ese532_hw7/hw7/ese532_hw7/P3b/.autopilot/db/xilinx-dataflow-lawyer.Filter.pp.0.cpp.diag.yml /mnt/castor/seas_home/c/chihan/chihan/ese532_hw7/hw7/ese532_hw7/P3b/.autopilot/db/Filter.pp.0.cpp -- -std=gnu++14 -target fpga -fhls -ferror-limit=0 -fstrict-dataflow > /mnt/castor/seas_home/c/chihan/chihan/ese532_hw7/hw7/ese532_hw7/P3b/.autopilot/db/xilinx-dataflow-lawyer.Filter.pp.0.cpp.out.log 2> /mnt/castor/seas_home/c/chihan/chihan/ese532_hw7/hw7/ese532_hw7/P3b/.autopilot/db/xilinx-dataflow-lawyer.Filter.pp.0.cpp.err.log 
Execute       ap_part_info -name xczu3eg-sbva484-1-i -data info 
INFO-FLOW: compiling source code to llvm bc
Execute       ap_eval exec -ignorestderr /mnt/pollux/software/xilinx/2020.2/Vitis_HLS/2020.2/lnx64/tools/clang-3.9-csynth/bin/clang -foptimization-record-file=/mnt/castor/seas_home/c/chihan/chihan/ese532_hw7/hw7/ese532_hw7/P3b/.autopilot/db/clang.Filter.pp.0.cpp.diag.yml -mllvm -pass-remarks-missed=reflow|pasta|unroll -mllvm -pass-remarks=reflow|pasta|unroll|inline -fno-limit-debug-info -fhls -flto -fno-exceptions -Wno-error=c++11-narrowing /mnt/castor/seas_home/c/chihan/chihan/ese532_hw7/hw7/ese532_hw7/P3b/.autopilot/db/Filter.pp.0.cpp -fno-math-errno -c -emit-llvm -mllvm -disable-llvm-optzns -Werror=implicit-function-declaration -Werror=implicit-hls-streams -Werror=return-type -Wpragmas -Wunused-parameter -fno-threadsafe-statics -fno-use-cxa-atexit -std=gnu++14 -target fpga64-xilinx-linux-gnu -D__VITIS_HLS__ -DAESL_SYN -D__SYNTHESIS__ -D__HLS_SYN__ -I /mnt/pollux/software/xilinx/2020.2/Vitis_HLS/2020.2/common/technology/autopilot -I /mnt/pollux/software/xilinx/2020.2/Vitis_HLS/2020.2/common/technology/autopilot/ap_sysc -include etc/autopilot_ssdm_op.h -D__DSP48E2__ -g -o /mnt/castor/seas_home/c/chihan/chihan/ese532_hw7/hw7/ese532_hw7/P3b/.autopilot/db/Filter.bc > /mnt/castor/seas_home/c/chihan/chihan/ese532_hw7/hw7/ese532_hw7/P3b/.autopilot/db/clang.Filter.pp.0.cpp.out.log 2> /mnt/castor/seas_home/c/chihan/chihan/ese532_hw7/hw7/ese532_hw7/P3b/.autopilot/db/clang.Filter.pp.0.cpp.err.log 
INFO: [HLS 200-111] Finished Source Code Analysis and Preprocessing: CPU user time: 0.18 seconds. CPU system time: 0.06 seconds. Elapsed time: 0.34 seconds; current allocated memory: 209.535 MB.
INFO-FLOW: Linking Debug ...
INFO-FLOW: Linking dut bc code.
Execute       run_link_or_opt -out /mnt/castor/seas_home/c/chihan/chihan/ese532_hw7/hw7/ese532_hw7/P3b/.autopilot/db/a.g.ld.0.bc -args  "/mnt/castor/seas_home/c/chihan/chihan/ese532_hw7/hw7/ese532_hw7/P3b/.autopilot/db/Filter.g.bc"  
Execute         ap_eval exec -ignorestderr /mnt/pollux/software/xilinx/2020.2/Vitis_HLS/2020.2/lnx64/tools/clang-3.9-csynth/bin/llvm-link /mnt/castor/seas_home/c/chihan/chihan/ese532_hw7/hw7/ese532_hw7/P3b/.autopilot/db/Filter.g.bc -o /mnt/castor/seas_home/c/chihan/chihan/ese532_hw7/hw7/ese532_hw7/P3b/.autopilot/db/a.g.ld.0.bc > /mnt/castor/seas_home/c/chihan/chihan/ese532_hw7/hw7/ese532_hw7/P3b/.autopilot/db/llvm-link.a.g.ld.0.bc.out.log 2> /mnt/castor/seas_home/c/chihan/chihan/ese532_hw7/hw7/ese532_hw7/P3b/.autopilot/db/llvm-link.a.g.ld.0.bc.err.log 
INFO-FLOW: 
Execute       run_link_or_opt -opt -out /mnt/castor/seas_home/c/chihan/chihan/ese532_hw7/hw7/ese532_hw7/P3b/.autopilot/db/a.g.ld.1.lower.bc -args /mnt/castor/seas_home/c/chihan/chihan/ese532_hw7/hw7/ese532_hw7/P3b/.autopilot/db/a.g.ld.0.bc -reflow-lower-math-intrinsics 
Execute         ap_eval exec -ignorestderr /mnt/pollux/software/xilinx/2020.2/Vitis_HLS/2020.2/lnx64/tools/clang-3.9-csynth/bin/opt -pass-remarks-missed=reflow|pasta|unroll -pass-remarks=reflow|pasta|unroll|inline -pass-remarks-output=/mnt/castor/seas_home/c/chihan/chihan/ese532_hw7/hw7/ese532_hw7/P3b/.autopilot/db/opt.a.g.ld.1.lower.bc.diag.yml /mnt/castor/seas_home/c/chihan/chihan/ese532_hw7/hw7/ese532_hw7/P3b/.autopilot/db/a.g.ld.0.bc -reflow-lower-math-intrinsics -o /mnt/castor/seas_home/c/chihan/chihan/ese532_hw7/hw7/ese532_hw7/P3b/.autopilot/db/a.g.ld.1.lower.bc > /mnt/castor/seas_home/c/chihan/chihan/ese532_hw7/hw7/ese532_hw7/P3b/.autopilot/db/opt.a.g.ld.1.lower.bc.out.log 2> /mnt/castor/seas_home/c/chihan/chihan/ese532_hw7/hw7/ese532_hw7/P3b/.autopilot/db/opt.a.g.ld.1.lower.bc.err.log 
INFO-FLOW: 
INFO-FLOW: Linking math bc lib
Execute       run_link_or_opt -out /mnt/castor/seas_home/c/chihan/chihan/ese532_hw7/hw7/ese532_hw7/P3b/.autopilot/db/a.g.ld.2.m1.bc -args /mnt/castor/seas_home/c/chihan/chihan/ese532_hw7/hw7/ese532_hw7/P3b/.autopilot/db/a.g.ld.1.lower.bc -only-needed /mnt/pollux/software/xilinx/2020.2/Vitis_HLS/2020.2/lnx64/lib/libhlsm_39.bc /mnt/pollux/software/xilinx/2020.2/Vitis_HLS/2020.2/lnx64/lib/libhlsmc++_39.bc 
Execute         ap_eval exec -ignorestderr /mnt/pollux/software/xilinx/2020.2/Vitis_HLS/2020.2/lnx64/tools/clang-3.9-csynth/bin/llvm-link /mnt/castor/seas_home/c/chihan/chihan/ese532_hw7/hw7/ese532_hw7/P3b/.autopilot/db/a.g.ld.1.lower.bc -only-needed /mnt/pollux/software/xilinx/2020.2/Vitis_HLS/2020.2/lnx64/lib/libhlsm_39.bc /mnt/pollux/software/xilinx/2020.2/Vitis_HLS/2020.2/lnx64/lib/libhlsmc++_39.bc -o /mnt/castor/seas_home/c/chihan/chihan/ese532_hw7/hw7/ese532_hw7/P3b/.autopilot/db/a.g.ld.2.m1.bc > /mnt/castor/seas_home/c/chihan/chihan/ese532_hw7/hw7/ese532_hw7/P3b/.autopilot/db/llvm-link.a.g.ld.2.m1.bc.out.log 2> /mnt/castor/seas_home/c/chihan/chihan/ese532_hw7/hw7/ese532_hw7/P3b/.autopilot/db/llvm-link.a.g.ld.2.m1.bc.err.log 
Command         ap_eval done; 1.41 sec.
INFO-FLOW: 
Command       run_link_or_opt done; 1.41 sec.
Execute       run_link_or_opt -opt -out /mnt/castor/seas_home/c/chihan/chihan/ese532_hw7/hw7/ese532_hw7/P3b/.autopilot/db/a.g.ld.3.fpc.bc -args /mnt/castor/seas_home/c/chihan/chihan/ese532_hw7/hw7/ese532_hw7/P3b/.autopilot/db/a.g.ld.2.m1.bc -reflow-globaldce -hls-top-function-name=Filter_horizontal_HW -reflow-float-conversion 
Execute         ap_eval exec -ignorestderr /mnt/pollux/software/xilinx/2020.2/Vitis_HLS/2020.2/lnx64/tools/clang-3.9-csynth/bin/opt -pass-remarks-missed=reflow|pasta|unroll -pass-remarks=reflow|pasta|unroll|inline -pass-remarks-output=/mnt/castor/seas_home/c/chihan/chihan/ese532_hw7/hw7/ese532_hw7/P3b/.autopilot/db/opt.a.g.ld.3.fpc.bc.diag.yml /mnt/castor/seas_home/c/chihan/chihan/ese532_hw7/hw7/ese532_hw7/P3b/.autopilot/db/a.g.ld.2.m1.bc -reflow-globaldce -hls-top-function-name=Filter_horizontal_HW -reflow-float-conversion -o /mnt/castor/seas_home/c/chihan/chihan/ese532_hw7/hw7/ese532_hw7/P3b/.autopilot/db/a.g.ld.3.fpc.bc > /mnt/castor/seas_home/c/chihan/chihan/ese532_hw7/hw7/ese532_hw7/P3b/.autopilot/db/opt.a.g.ld.3.fpc.bc.out.log 2> /mnt/castor/seas_home/c/chihan/chihan/ese532_hw7/hw7/ese532_hw7/P3b/.autopilot/db/opt.a.g.ld.3.fpc.bc.err.log 
Command         ap_eval done; 0.47 sec.
INFO-FLOW: 
Command       run_link_or_opt done; 0.48 sec.
Execute       run_link_or_opt -out /mnt/castor/seas_home/c/chihan/chihan/ese532_hw7/hw7/ese532_hw7/P3b/.autopilot/db/a.g.ld.4.m2.bc -args /mnt/castor/seas_home/c/chihan/chihan/ese532_hw7/hw7/ese532_hw7/P3b/.autopilot/db/a.g.ld.3.fpc.bc -only-needed /mnt/pollux/software/xilinx/2020.2/Vitis_HLS/2020.2/lnx64/lib/libfloatconversion_39.bc 
Execute         ap_eval exec -ignorestderr /mnt/pollux/software/xilinx/2020.2/Vitis_HLS/2020.2/lnx64/tools/clang-3.9-csynth/bin/llvm-link /mnt/castor/seas_home/c/chihan/chihan/ese532_hw7/hw7/ese532_hw7/P3b/.autopilot/db/a.g.ld.3.fpc.bc -only-needed /mnt/pollux/software/xilinx/2020.2/Vitis_HLS/2020.2/lnx64/lib/libfloatconversion_39.bc -o /mnt/castor/seas_home/c/chihan/chihan/ese532_hw7/hw7/ese532_hw7/P3b/.autopilot/db/a.g.ld.4.m2.bc > /mnt/castor/seas_home/c/chihan/chihan/ese532_hw7/hw7/ese532_hw7/P3b/.autopilot/db/llvm-link.a.g.ld.4.m2.bc.out.log 2> /mnt/castor/seas_home/c/chihan/chihan/ese532_hw7/hw7/ese532_hw7/P3b/.autopilot/db/llvm-link.a.g.ld.4.m2.bc.err.log 
INFO-FLOW: 
Execute       run_link_or_opt -opt -out /mnt/castor/seas_home/c/chihan/chihan/ese532_hw7/hw7/ese532_hw7/P3b/.autopilot/db/a.g.ld.5.gdce.bc -args /mnt/castor/seas_home/c/chihan/chihan/ese532_hw7/hw7/ese532_hw7/P3b/.autopilot/db/a.g.ld.4.m2.bc -reflow-globaldce -hls-top-function-name=Filter_horizontal_HW 
Execute         ap_eval exec -ignorestderr /mnt/pollux/software/xilinx/2020.2/Vitis_HLS/2020.2/lnx64/tools/clang-3.9-csynth/bin/opt -pass-remarks-missed=reflow|pasta|unroll -pass-remarks=reflow|pasta|unroll|inline -pass-remarks-output=/mnt/castor/seas_home/c/chihan/chihan/ese532_hw7/hw7/ese532_hw7/P3b/.autopilot/db/opt.a.g.ld.5.gdce.bc.diag.yml /mnt/castor/seas_home/c/chihan/chihan/ese532_hw7/hw7/ese532_hw7/P3b/.autopilot/db/a.g.ld.4.m2.bc -reflow-globaldce -hls-top-function-name=Filter_horizontal_HW -o /mnt/castor/seas_home/c/chihan/chihan/ese532_hw7/hw7/ese532_hw7/P3b/.autopilot/db/a.g.ld.5.gdce.bc > /mnt/castor/seas_home/c/chihan/chihan/ese532_hw7/hw7/ese532_hw7/P3b/.autopilot/db/opt.a.g.ld.5.gdce.bc.out.log 2> /mnt/castor/seas_home/c/chihan/chihan/ese532_hw7/hw7/ese532_hw7/P3b/.autopilot/db/opt.a.g.ld.5.gdce.bc.err.log 
INFO-FLOW: 
Execute       get_solution -flow_target 
Execute       get_config_rtl -module_prefix 
Execute       get_config_interface -default_slave_interface 
Execute       get_solution -flow_target 
Execute       get_config_interface -m_axi_offset 
Execute       get_config_interface -m_axi_latency 
Execute       get_config_interface -m_axi_alignment_byte_size 
Execute       get_config_interface -m_axi_min_bitwidth 
Execute       get_config_interface -m_axi_max_bitwidth 
Execute       get_config_interface -m_axi_max_widen_bitwidth 
Execute       get_config_interface -m_axi_num_read_outstanding 
Execute       get_config_interface -m_axi_num_write_outstanding 
Execute       get_config_interface -m_axi_max_read_burst_length 
Execute       get_config_interface -m_axi_max_write_burst_length 
Execute       get_config_interface -m_axi_min_bitwidth 
Execute       get_config_interface -m_axi_max_bitwidth 
Execute       get_config_interface -m_axi_latency 
Execute       get_config_interface -m_axi_min_bitwidth 
Execute       get_config_interface -m_axi_max_bitwidth 
Execute       get_config_interface -m_axi_max_widen_bitwidth 
Execute       get_config_interface -m_axi_auto_max_ports 
Execute       get_config_interface -m_axi_num_read_outstanding 
Execute       get_config_interface -m_axi_num_write_outstanding 
Execute       get_config_interface -m_axi_max_read_burst_length 
Execute       get_config_interface -m_axi_max_write_burst_length 
Execute       get_config_interface -s_axilite_data64 
Execute       get_config_interface -m_axi_alignment_byte_size 
Execute       get_config_compile -pragma_strict_mode 
Execute       get_config_compile -pipeline_style 
Execute       send_msg_by_id INFO @200-777@%s Vitis 
INFO: [HLS 200-777] Using interface defaults for 'Vitis' flow target.
Execute       is_m_axi_addr64 
INFO-FLOW: Doing LTO.
Execute       ap_eval exec -ignorestderr /mnt/pollux/software/xilinx/2020.2/Vitis_HLS/2020.2/lnx64/tools/clang-3.9-csynth/bin/clang -foptimization-record-file=/mnt/castor/seas_home/c/chihan/chihan/ese532_hw7/hw7/ese532_hw7/P3b/.autopilot/db/clang.a.g.ld.0.bc.diag.yml -mllvm -pass-remarks-missed=reflow|pasta|unroll -mllvm -pass-remarks=reflow|pasta|unroll|inline -fhls -mllvm -hls-top-function-name=Filter_horizontal_HW -mllvm -hls-db-dir -mllvm /mnt/castor/seas_home/c/chihan/chihan/ese532_hw7/hw7/ese532_hw7/P3b/.autopilot/db -emit-llvm -c -target fpga64-xilinx-none -mllvm -xcl-xmlinfo=/mnt/castor/seas_home/c/chihan/chihan/ese532_hw7/hw7/ese532_hw7/P3b/.autopilot/db/../../../kernel.xml -mllvm -top-io-mapping-info=/mnt/castor/seas_home/c/chihan/chihan/ese532_hw7/hw7/ese532_hw7/P3b/.autopilot/db/top-io-fe.xml -mllvm -hls-bitcode-version=3.1 -mllvm -reflow-enable-slave-interface-default-setting=true -mllvm -gen-kernel-xml=true -mllvm -default-maxi-offset=slave -mllvm -maxi-latency=64 -mllvm -hls-maxi-data-size-in-bits=8 -mllvm -hls-maxi-max-data-size-in-bits=1024 -mllvm -hls-max-widen-size-in-bits=512 -mllvm -xcl-kernel-max-mem-ports=0 -mllvm -maxi-read-trans=16 -mllvm -maxi-write-trans=16 -mllvm -maxi-read-burst-len=16 -mllvm -maxi-write-burst-len=16 -mllvm -reflow-enable-saxi-64bits=0 -mllvm -assume-maxi-align=64 -mllvm -no-unaligned-maxi-accesses=false -mllvm -reflow-pipeline-style-llvm-setting=0 -mllvm -disable-inlined-alloca-merging=true -mllvm -enable-reflow-vitis-flow-setting=true -x ir /mnt/castor/seas_home/c/chihan/chihan/ese532_hw7/hw7/ese532_hw7/P3b/.autopilot/db/a.g.ld.5.gdce.bc -o /mnt/castor/seas_home/c/chihan/chihan/ese532_hw7/hw7/ese532_hw7/P3b/.autopilot/db/a.g.lto.bc > /mnt/castor/seas_home/c/chihan/chihan/ese532_hw7/hw7/ese532_hw7/P3b/.autopilot/db/clang.a.g.ld.0.bc.out.log 2> /mnt/castor/seas_home/c/chihan/chihan/ese532_hw7/hw7/ese532_hw7/P3b/.autopilot/db/clang.a.g.ld.0.bc.err.log 
INFO: [HLS 214-131] Inlining function 'hls::stream<unsigned char, 0>::write(unsigned char const&)' into 'Filter_horizontal_HW(unsigned char const*, hls::stream<unsigned char, 0>&)' (Filter.cpp:64:17)
INFO: [HLS 214-186] Unrolling loop 'VITIS_LOOP_50_5' (Filter.cpp:50:24) in function 'Filter_horizontal_HW' completely with a factor of 6 (Filter.cpp:50:24)
INFO: [HLS 214-186] Unrolling loop 'VITIS_LOOP_56_6' (Filter.cpp:56:24) in function 'Filter_horizontal_HW' completely with a factor of 7 (Filter.cpp:56:24)
INFO: [HLS 214-115] Multiple burst reads of length 3 and bit width 16 has been inferred on port 'gmem' (Filter.cpp:45:22)
INFO: [HLS 214-115] Multiple burst reads of length 237 and bit width 16 has been inferred on port 'gmem' (Filter.cpp:46:22)
INFO-FLOW: DBG:CMD: copy_raw_kernel_xml ap_link_39: copying raw kernel.xml: /mnt/castor/seas_home/c/chihan/chihan/ese532_hw7/hw7/ese532_hw7/P3b/.autopilot/db/../../../kernel.xml -> /mnt/castor/seas_home/c/chihan/chihan/ese532_hw7/hw7/ese532_hw7/P3b/.autopilot/db/kernel.internal.xml
INFO: [HLS 200-111] Finished Compiling Optimization and Transform: CPU user time: 1.78 seconds. CPU system time: 0.13 seconds. Elapsed time: 2.23 seconds; current allocated memory: 211.197 MB.
INFO: [HLS 200-111] Finished Checking Pragmas: CPU user time: 0 seconds. CPU system time: 0 seconds. Elapsed time: 0 seconds; current allocated memory: 211.199 MB.
Execute       opt_and_import_c a -opt_level=2 -skip_syncheck=0 -ng=0 -keep_printf=0 
Execute         cleanup_all_models 
INFO: [HLS 200-10] Starting code transformations ...
INFO-FLOW: Running Standard Transforms...
Execute         transform -hls -share-std-xform -demangle-name -inline-byval-memcpy -always-inline -promote-dbg-pointer -interface-preproc -mem2reg -scalarrepl -mem2reg -keep-read-access -instcombine -dce -promote-dbg-pointer -bitop-raise -loop-simplify -indvarspre -indvars -loop-simplify -xunroll -constprop -instcombine -simplifycfg -indvars -simplifycfg -dce -globaldce -basicaa -simplifycfg -mem2reg -globalopt -global-constprop -deadargelim -instcombine -simplifycfg -scalarrepl -instcombine -reassociate -licm -simplifycfg -loop-simplify -indvars -instcombine -simplifycfg -mem2reg -loop-simplify -indvars -instcombine -gvn -gvn -instcombine -adce -break-crit-edges -simplifycfg -loop-delete -global-array-opt -dce -dse -adce -find-syn-modules -top Filter_HW -deadargelim -mem2reg -instcombine -dce -presyn-prepare -auto-rom-infer -interface-preproc -syn-check -check-rec-only -find-region -simplifycfg -func-extr -function-inline -globaldce -mem2reg -instcombine -dce -gvn -globaldce -adce -adse -constprop -instcombine -bit-constprop -instcombine -dce -simplifycfg -bitop-raise -simplifycfg -dce -loop-delete -reassociate -globalopt -global-privatize -mem2reg -dce -global-constprop -pointer-simplify -constprop -dce -func-inst -deadargelim -auto-shift-reg-idiom -promote-dbg-pointer -norm-name /mnt/castor/seas_home/c/chihan/chihan/ese532_hw7/hw7/ese532_hw7/P3b/.autopilot/db/a.g.0.bc -o /mnt/castor/seas_home/c/chihan/chihan/ese532_hw7/hw7/ese532_hw7/P3b/.autopilot/db/a.g.1.bc -f -phase std-opt 
INFO: [HLS 200-111] Finished Standard Transforms: CPU user time: 0.03 seconds. CPU system time: 0 seconds. Elapsed time: 0.05 seconds; current allocated memory: 212.614 MB.
INFO: [HLS 200-10] Checking synthesizability ...
INFO-FLOW: Checking Synthesizability 1/2..
Execute         transform -hls -syn-check -check-rec-only -disaggr -scalarrepl -norm-name -dce -mem2reg -instcombine -function-uniquify -directive-preproc -mem2reg -dse -dce -auto-rom-infer -dce -pag -array-normalize -instcombine -dce -array-seg-normalize -instcombine -dce -data-pack -instcombine -dce -inst-simplify -array-flatten -instcombine -dce -array-burst -dce -deadargelim -promote-global-argument -simplifycfg -mem2reg -globaldce -dce -deadargelim -dce -instcombine -function-inline -globaldce -dce -doublePtrSimplify -doublePtrElim -dce -doublePtrSimplify -promote-dbg-pointer -dce -scalarrepl -dse -adse -instcombine -ptrLegalization -simplifycfg -dce -instcombine -pointer-simplify -ptrArgReplace -dce -instcombine -resolve-double-ptr -disaggr -scalarrepl -norm-name -dce -mem2reg -instcombine -ptrLegalization -simplifycfg -deadargelim -instcombine -dce -inst-simplify -function-uniquify -directive-preproc -mem2reg -dse -dce -globaldce -check-dspbuiltin /mnt/castor/seas_home/c/chihan/chihan/ese532_hw7/hw7/ese532_hw7/P3b/.autopilot/db/a.g.1.bc -o /mnt/castor/seas_home/c/chihan/chihan/ese532_hw7/hw7/ese532_hw7/P3b/.autopilot/db/a.g.2.prechk.bc -f 
INFO-FLOW: Checking Synthesizability 2/2..
Execute         transform -syn-check /mnt/castor/seas_home/c/chihan/chihan/ese532_hw7/hw7/ese532_hw7/P3b/.autopilot/db/a.g.2.prechk.bc -o /mnt/castor/seas_home/c/chihan/chihan/ese532_hw7/hw7/ese532_hw7/P3b/.autopilot/db/a.g.2.bc -f -phase syn-check 
INFO: [HLS 200-111] Finished Checking Synthesizability: CPU user time: 0.02 seconds. CPU system time: 0.01 seconds. Elapsed time: 0.05 seconds; current allocated memory: 211.819 MB.
INFO-FLOW: Compiler optimizing ...
INFO-FLOW: Share syncheck's 1.bc for syn flow: copy /mnt/castor/seas_home/c/chihan/chihan/ese532_hw7/hw7/ese532_hw7/P3b/.autopilot/db/a.g.1.bc to /mnt/castor/seas_home/c/chihan/chihan/ese532_hw7/hw7/ese532_hw7/P3b/.autopilot/db/a.o.1.bc
INFO-FLOW: Presyn 1...
Execute         transform -hls -tmp /mnt/castor/seas_home/c/chihan/chihan/ese532_hw7/hw7/ese532_hw7/P3b/.autopilot/db -interface-port-rename -function-uniquify -directive-preproc -mem2reg -dse -dce -disaggr -scalarrepl -norm-name -deadargelim -mem2reg -instcombine -dce -simplifycfg -auto-rom-infer -dce -function-uniquify -resource-proc -clib-intrinsic-prepare -dce -func-buffer -dce -pag -array-normalize -func-legal -instcombine -gvn -constprop -dce -simplifycfg -mem2reg -globaldce -resolve-double-ptr -dce -deadargelim -dce -instcombine -ptrArgReplace -mem2reg -dce -array-seg-normalize -deadargelim -instcombine -dce -function-uniquify -directive-preproc -mem2reg -dse -dce -pointer-simplify -dce -port-alignment -dce -interface-preproc -data-pack -instcombine -dce -basicaa -aggr-aa -aggrmodref-aa -aggr-aa -gvn -gvn -basicaa -aggr-aa -aggrmodref-aa -aggr-aa -dse -adse -adce -loop-simplify -indvars -instcombine -gvn -loop-simplify -mem2reg -dce -find-region -instcombine -auto-loop-pipeline -inst-simplify -interface-preproc -cfgopt -instcombine -indvars -auto-loop-unroll -loop-simplify -loop-bound -xunroll -constprop -instcombine -simplifycfg -indvars -simplifycfg -dce -globaldce -clean-region -attach-range -gvn -inst-simplify -constprop -simplifycfg -dce -pointer-simplify -dce -globalopt -constprop -dce -array-promote -constprop -dce -ptrArgReplace -mem2reg -simplifycfg -dce -instcombine -dce -array-transform-check -array-reshape -instcombine -simplifycfg -dce -ptrArgReplace -deadargelim -mem2reg -instcombine -simplifycfg -dce -indvars -loop-simplify -loop-bound -xunroll -constprop -instcombine -simplifycfg -indvars -simplifycfg -dce -globaldce -basicaa -aggr-aa -aggrmodref-aa -aggr-aa -dse -duplicate-dataflow-processes -globaldce -instcombine -array-partition -instcombine -simplifycfg -dce -ptrArgReplace -global-constprop -deadargelim -mem2reg -func-legal -dce -global-constprop -deadargelim -mem2reg -simplifycfg -dce -merge-param -deadargelim -globalopt -constprop -dce -array-promote -constprop -dce -ptrArgReplace -mem2reg -simplifycfg -dce -mem-intrinsic-preproc -dce -global-internalize -global-privatize -mem2reg -globaldce -promote-global-argument -ptrArgReplace -mem2reg -dce -globalopt -mergereturn -simplify-global-access -mem2reg -dce -pointer-simplify -dce -functionattrs -basicaa -aggr-aa -aggrmodref-aa -aggr-aa -gvn -gvn -basicaa -aggr-aa -aggrmodref-aa -aggr-aa -dse -adse -adce -dce -norm-name -basicaa -aggr-aa -aggrmodref-aa -aggr-aa -accesses-merge -function-inline -complex-op-raise -inst-simplify -globaldce -func-inst -constprop -instcombine -simplifycfg -dce -func-legal -dce -loop-bound -arraycheck -bitwidthmin2 -bitwidthmin2 -on-by-dataflow -loop-delete -instcombine -simplifycfg -globaldce -dce -gvn -deadargelim -dce -loop-simplify -clean-region -simplifycfg -propagate-stable-arguments -loop-stream -instcombine -simplifycfg -dce -globaldce -duplicate-dataflow-processes -stream-intrinsic-preproc -dce -check-ap-stream -loop-simplify -eliminate-keepreads -extract-dataflow-in-loop -loop-simplify -dce -gvn -deadargelim -dse -check-dataflow-syntax -legalize-stream-variable -legalize-global -extract-subproc -dce -dead-channel-elimination -canonicalize-gep -globaldce -dce -gvn -hls-dead-arg-elim -deadargelim -directive-preproc -annotate-dataflow-channels -scalar-propagation -deadargelim -globaldce -mem2reg -check-dataflow-channels -function-stream -dce -globaldce -prop-fifo-spec -internal-stream-gen -canonicalize-gep -globaldce -dce -gvn -deadargelim -mergereturn -indvars -loop-simplify -instcombine -array-stream -array-seg-normalize -array-partition -func-legal -instcombine -simplifycfg -dce -bundle-memfifo-ops -deadargelim -function-uniquify -directive-preproc -mem2reg -dse -dce -group-axi-access -licm -simplifycfg -dce -loop-delete -norm-name /mnt/castor/seas_home/c/chihan/chihan/ese532_hw7/hw7/ese532_hw7/P3b/.autopilot/db/a.o.1.bc -o /mnt/castor/seas_home/c/chihan/chihan/ese532_hw7/hw7/ese532_hw7/P3b/.autopilot/db/a.o.1.tmp.bc -f 
INFO: [XFORM 203-510] Pipelining loop 'VITIS_LOOP_45_3' (Filter.cpp:27) in function 'Filter_horizontal_HW' automatically.
INFO: [XFORM 203-101] Partitioning array 'Input_local' (Filter.cpp:36) in dimension 1 completely.
INFO-FLOW: Presyn 2...
Execute         transform -hls -keep-callgraph -scalarrepl -mem2reg -port-alignment -attach-range -dce -pipe-mux-gen -indvars -loop-bound -inst-simplify -instcombine -dce -merge-array-access -mem2reg -dce -clean-region -mergereturn -if-conv -instcombine -dce -constprop -basicaa -aggr-aa -aggrmodref-aa -aggr-aa -gvn -gvn -basicaa -aggr-aa -aggrmodref-aa -aggr-aa -dse -adse -adce -scalarrepl -mem2reg -global-constprop -deadargelim -deadargelim -instcombine -dce -simplifycfg -ptrArgReplace -mem2reg -function-inline -globaldce -mem2reg -instcombine -dce -expr-balance -instcombine -dce -bitwidthmin2 -bitwidthmin2 -interface-preproc -directive-preproc -inst-rectify -instcombine -dce -functionattrs -constprop -instcombine -bit-constprop -simplify-global-access -globalopt -globaldce -inst-simplify -instcombine -elimdeaddata -dce -loop-delete -simplifycfg -loop-simplify -auto-burst -barrier -norm-name /mnt/castor/seas_home/c/chihan/chihan/ese532_hw7/hw7/ese532_hw7/P3b/.autopilot/db/a.o.1.tmp.bc -o /mnt/castor/seas_home/c/chihan/chihan/ese532_hw7/hw7/ese532_hw7/P3b/.autopilot/db/a.o.2.bc -f -phase presyn 
INFO: [XFORM 203-401] Performing if-conversion on hyperblock from (Filter.cpp:45:82) in function 'Filter_horizontal_HW'... converting 7 basic blocks.
INFO: [XFORM 203-11] Balancing expressions in function 'Filter_horizontal_HW' (Filter.cpp:24)...3 expression(s) balanced.
INFO: [HLS 200-111] Finished Loop, function and other optimizations: CPU user time: 0.1 seconds. CPU system time: 0.01 seconds. Elapsed time: 0.15 seconds; current allocated memory: 232.568 MB.
Execute         get_config_compile -enable_loop_extract 
Execute         get_config_compile -disable_auto_rewind 
Execute         get_config_compile -enable_auto_rewind 
INFO-FLOW: Building ssdm...
Execute         transform -hls -function-uniquify -auto-function-inline -globaldce -ptrArgReplace -mem2reg -dce -reset-lda -loop-simplify -indvars -aggr-aa -licm -loop-dep -loop-bound -licm -loop-simplify -flattenloopnest -array-flatten -gvn -instcombine -dce -array-map -dce -func-legal -gvn -adce -instcombine -cfgopt -simplifycfg -loop-simplify -array-burst -promote-global-argument -dce -array-seg-normalize -basicaa -aggrmodref-aa -globalsmodref-aa -aggr-aa -gvn -gvn -basicaa -aggrmodref-aa -globalsmodref-aa -aggr-aa -dse -adse -adce -licm -inst-simplify -dce -globaldce -instcombine -array-stream -eliminate-keepreads -instcombine -dce -deadargelim -doublePtrSimplify -doublePtrElim -dce -doublePtrSimplify -promote-dbg-pointer -dce -scalarrepl -mem2reg -disaggr -norm-name -mem2reg -instcombine -dse -adse -adce -ptrLegalization -dce -auto-rom-infer -array-flatten -dce -instcombine -check-doubleptr -loop-rot -constprop -cfgopt -simplifycfg -loop-simplify -indvars -pointer-simplify -dce -loop-bound -loop-simplify -loop-preproc -constprop -global-constprop -gvn -mem2reg -instcombine -dce -loop-bound -loop-merge -dce -bitwidthmin2 -bitwidthmin2 -deadargelim -dce -canonicalize-dataflow -dce -scalar-propagation -deadargelim -globaldce -mem2reg -read-loop-dep -interface-preproc -directive-preproc -interface-gen -bram-byte-enable -deadargelim -inst-simplify -dce -gvn -mem2reg -instcombine -dce -adse -loop-bound -instcombine -cfgopt -simplifycfg -loop-simplify -clean-region -io-protocol -find-region -mem2reg -bitop-raise -complex-op-raise -inst-simplify -inst-rectify -instcombine -adce -deadargelim -loop-simplify -phi-opt -bitop-raise -cfgopt -simplifycfg -strip-dead-prototypes -interface-lower -bitop-lower -intrinsic-lower -auto-function-inline -basicaa -aggrmodref-aa -globalsmodref-aa -aggr-aa -inst-simplify -simplifycfg -loop-simplify -mergereturn -inst-simplify -inst-rectify -dce -load-elim -bitop-lower -float-op-raise -loop-rewind -pointer-simplify -dce -cfgopt -dce -loop-bound -loop-dep -read-loop-dep -dce -dyn-mem-reuse -dce -check-stream -norm-name -legalize -validate-dataflow -inst-clarity -bitwidth -dump-loop-dep-to-ir -check-all-ssdm -cdfg-build /mnt/castor/seas_home/c/chihan/chihan/ese532_hw7/hw7/ese532_hw7/P3b/.autopilot/db/a.o.2.bc -o /mnt/castor/seas_home/c/chihan/chihan/ese532_hw7/hw7/ese532_hw7/P3b/.autopilot/db/a.o.3.bc -f -phase build-ssdm 
WARNING: [HLS 200-960] Cannot flatten loop 'VITIS_LOOP_44_2' (Filter.cpp:27:10) in function 'Filter_horizontal_HW' more than one sub loop.
INFO: [HLS 200-111] Finished Architecture Synthesis: CPU user time: 0.06 seconds. CPU system time: 0 seconds. Elapsed time: 0.07 seconds; current allocated memory: 225.481 MB.
INFO-FLOW: Finish building internal data model.
Command       opt_and_import_c done; 0.54 sec.
Command     elaborate done; 3.15 sec.
Execute     autosyn -from_csynth_design=1 
INFO: [HLS 200-10] Starting hardware synthesis ...
INFO-FLOW: Synthesizing C/C++ design ...
INFO: [HLS 200-10] Synthesizing 'Filter_HW' ...
Execute       ap_set_top_model Filter_HW 
ERROR: [SYN 201-102] Cannot find function 'Filter_HW' in design source files. Please check the design sources.
Command       ap_set_top_model done; error code: 1; 
Command     autosyn done; error code: 2; 
Command   csynth_design done; error code: 2; 3.19 sec.
INFO: [HLS 200-111] Finished Command csynth_design CPU user time: 2.17 seconds. CPU system time: 0.22 seconds. Elapsed time: 3.19 seconds; current allocated memory: 225.534 MB.
Command ap_source done; error code: 1; 4.67 sec.
Execute cleanup_all 
INFO-FLOW: Workspace /mnt/castor/seas_home/c/chihan/chihan/ese532_hw7/hw7/ese532_hw7/P3b opened at Thu Oct 26 20:59:52 EDT 2023
Execute     ap_set_clock -name default -period 6.667 -unit ns -default=false 
INFO: [SYN 201-201] Setting up clock 'default' with a period of 6.667ns.
Execute     import_lib /mnt/pollux/software/xilinx/2020.2/Vitis_HLS/2020.2/common/technology/xilinx/zynquplus/zynquplus 
Execute       source /mnt/pollux/software/xilinx/2020.2/Vitis_HLS/2020.2/common/technology/xilinx/interface/xilinx_interface.hlp 
Execute         source /mnt/pollux/software/xilinx/2020.2/Vitis_HLS/2020.2/common/technology/xilinx/interface/maxi.hlp 
Execute         source /mnt/pollux/software/xilinx/2020.2/Vitis_HLS/2020.2/common/technology/xilinx/interface/saxilite.hlp 
Execute       source /mnt/pollux/software/xilinx/2020.2/Vitis_HLS/2020.2/common/technology/xilinx/DSP48/dsp48.hlp 
Execute     source /mnt/pollux/software/xilinx/2020.2/Vitis_HLS/2020.2/common/technology/xilinx/common/xilinx.gen 
Execute       source /mnt/pollux/software/xilinx/2020.2/Vitis_HLS/2020.2/common/technology/xilinx/interface/plb46.gen 
Execute       source /mnt/pollux/software/xilinx/2020.2/Vitis_HLS/2020.2/common/technology/xilinx/interface/axi4.gen 
Execute       source /mnt/pollux/software/xilinx/2020.2/Vitis_HLS/2020.2/common/technology/xilinx/interface/nativeAXI4.gen 
Execute         source /mnt/pollux/software/xilinx/2020.2/Vitis_HLS/2020.2/common/technology/xilinx/interface/saxilite.gen 
Execute         source /mnt/pollux/software/xilinx/2020.2/Vitis_HLS/2020.2/common/technology/xilinx/interface/maxi.gen 
Execute       source /mnt/pollux/software/xilinx/2020.2/Vitis_HLS/2020.2/common/technology/xilinx/scripts/xilinxcoregen.gen 
Execute       source /mnt/pollux/software/xilinx/2020.2/Vitis_HLS/2020.2/common/technology/xilinx/interface/XilEDKCoreGen.gen 
Execute       source /mnt/pollux/software/xilinx/2020.2/Vitis_HLS/2020.2/common/technology/xilinx/ip/dds_compiler.gen 
Execute       source /mnt/pollux/software/xilinx/2020.2/Vitis_HLS/2020.2/common/technology/xilinx/ip/util.gen 
Execute       source /mnt/pollux/software/xilinx/2020.2/Vitis_HLS/2020.2/common/technology/xilinx/ip/xfft.gen 
Execute       source /mnt/pollux/software/xilinx/2020.2/Vitis_HLS/2020.2/common/technology/xilinx/ip/xfir.gen 
Execute       source /mnt/pollux/software/xilinx/2020.2/Vitis_HLS/2020.2/common/technology/xilinx/DSP48/dsp48.gen 
Execute     import_lib /mnt/pollux/software/xilinx/2020.2/Vitis_HLS/2020.2/common/technology/xilinx/zynquplus/zynquplus_fpv7 
Execute       source /mnt/pollux/software/xilinx/2020.2/Vitis_HLS/2020.2/common/technology/xilinx/interface/xilinx_interface.hlp 
Execute         source /mnt/pollux/software/xilinx/2020.2/Vitis_HLS/2020.2/common/technology/xilinx/interface/maxi.hlp 
Execute         source /mnt/pollux/software/xilinx/2020.2/Vitis_HLS/2020.2/common/technology/xilinx/interface/saxilite.hlp 
Execute       source /mnt/pollux/software/xilinx/2020.2/Vitis_HLS/2020.2/common/technology/xilinx/DSP48/dsp48.hlp 
Execute     source /mnt/pollux/software/xilinx/2020.2/Vitis_HLS/2020.2/common/technology/xilinx/common/xilinx.gen 
Execute       source /mnt/pollux/software/xilinx/2020.2/Vitis_HLS/2020.2/common/technology/xilinx/interface/plb46.gen 
Execute       source /mnt/pollux/software/xilinx/2020.2/Vitis_HLS/2020.2/common/technology/xilinx/interface/axi4.gen 
Execute       source /mnt/pollux/software/xilinx/2020.2/Vitis_HLS/2020.2/common/technology/xilinx/interface/nativeAXI4.gen 
Execute         source /mnt/pollux/software/xilinx/2020.2/Vitis_HLS/2020.2/common/technology/xilinx/interface/saxilite.gen 
Execute         source /mnt/pollux/software/xilinx/2020.2/Vitis_HLS/2020.2/common/technology/xilinx/interface/maxi.gen 
Execute       source /mnt/pollux/software/xilinx/2020.2/Vitis_HLS/2020.2/common/technology/xilinx/scripts/xilinxcoregen.gen 
Execute       source /mnt/pollux/software/xilinx/2020.2/Vitis_HLS/2020.2/common/technology/xilinx/interface/XilEDKCoreGen.gen 
Execute       source /mnt/pollux/software/xilinx/2020.2/Vitis_HLS/2020.2/common/technology/xilinx/ip/dds_compiler.gen 
Execute       source /mnt/pollux/software/xilinx/2020.2/Vitis_HLS/2020.2/common/technology/xilinx/ip/util.gen 
Execute       source /mnt/pollux/software/xilinx/2020.2/Vitis_HLS/2020.2/common/technology/xilinx/ip/xfft.gen 
Execute       source /mnt/pollux/software/xilinx/2020.2/Vitis_HLS/2020.2/common/technology/xilinx/ip/xfir.gen 
Execute       source /mnt/pollux/software/xilinx/2020.2/Vitis_HLS/2020.2/common/technology/xilinx/DSP48/dsp48.gen 
Execute     set_part xczu3eg-sbva484-1-i 
INFO-FLOW: DBG:set_part: XILINX_VIVADO=/mnt/pollux/software/xilinx/2020.2/Vivado/2020.2
INFO-FLOW: DBG:set_part: RDI_DATADIR=/mnt/pollux/software/xilinx/2020.2/Vivado/2020.2/data:/mnt/pollux/software/xilinx/2020.2/Vitis_HLS/2020.2/data
Execute       ap_part_info -name xczu3eg-sbva484-1-i -data single -quiet 
DBG:HLSDevice: Trying to load device library: /mnt/pollux/software/xilinx/2020.2/Vitis_HLS/2020.2/lib/lnx64.o/librdi_hlsvwrap.so
DBG:HLSDevice: first parts/arch.xml in RDI_DATADIR: /mnt/pollux/software/xilinx/2020.2/Vivado/2020.2/data/parts/arch.xml
Command       ap_part_info done; 1.43 sec.
Execute       ap_part_info -name xczu3eg-sbva484-1-i -data info 
Execute       add_library xilinx/zynquplus/zynquplus:xczu3eg:-sbva484:-1-i 
Execute         get_default_platform 
Execute         open_platform DefaultPlatform 
Execute         ap_part_info -data single -name xczu3eg-sbva484-1-i 
Execute         ap_part_info -name xczu3eg-sbva484-1-i -data resources 
Execute         config_chip_info -resource {SLICE 8820} {LUT 70560} {FF 141120} {DSP 360} {BRAM 432} {URAM 0} 
Execute         ap_part_info -name xczu3eg-sbva484-1-i -data info 
Execute         config_chip_info -speed slow 
Execute         ap_part_info -name xczu3eg-sbva484-1-i -data info 
Execute         config_library_info -library zynquplus_slow 
Execute         config_library_info -family zynquplus 
Execute         config_library_info -part xczu3eg:-sbva484:-1-i 
Execute         import_lib /mnt/pollux/software/xilinx/2020.2/Vitis_HLS/2020.2/common/technology/xilinx/zynquplus/zynquplus 
Execute           source /mnt/pollux/software/xilinx/2020.2/Vitis_HLS/2020.2/common/technology/xilinx/interface/xilinx_interface.hlp 
Execute             source /mnt/pollux/software/xilinx/2020.2/Vitis_HLS/2020.2/common/technology/xilinx/interface/maxi.hlp 
Execute             source /mnt/pollux/software/xilinx/2020.2/Vitis_HLS/2020.2/common/technology/xilinx/interface/saxilite.hlp 
Execute           source /mnt/pollux/software/xilinx/2020.2/Vitis_HLS/2020.2/common/technology/xilinx/DSP48/dsp48.hlp 
Execute           source /mnt/pollux/software/xilinx/2020.2/Vitis_HLS/2020.2/common/technology/xilinx/DSP48/zynquplus_dsp48e2.hlp 
Command         import_lib done; 0.17 sec.
Execute         source /mnt/pollux/software/xilinx/2020.2/Vitis_HLS/2020.2/common/technology/xilinx/common/xilinx.gen 
Execute           source /mnt/pollux/software/xilinx/2020.2/Vitis_HLS/2020.2/common/technology/xilinx/interface/plb46.gen 
Execute           source /mnt/pollux/software/xilinx/2020.2/Vitis_HLS/2020.2/common/technology/xilinx/interface/axi4.gen 
Execute           source /mnt/pollux/software/xilinx/2020.2/Vitis_HLS/2020.2/common/technology/xilinx/interface/nativeAXI4.gen 
Execute             source /mnt/pollux/software/xilinx/2020.2/Vitis_HLS/2020.2/common/technology/xilinx/interface/saxilite.gen 
Execute             source /mnt/pollux/software/xilinx/2020.2/Vitis_HLS/2020.2/common/technology/xilinx/interface/maxi.gen 
Execute           source /mnt/pollux/software/xilinx/2020.2/Vitis_HLS/2020.2/common/technology/xilinx/scripts/xilinxcoregen.gen 
Execute           source /mnt/pollux/software/xilinx/2020.2/Vitis_HLS/2020.2/common/technology/xilinx/interface/XilEDKCoreGen.gen 
Execute           source /mnt/pollux/software/xilinx/2020.2/Vitis_HLS/2020.2/common/technology/xilinx/ip/dds_compiler.gen 
Execute           source /mnt/pollux/software/xilinx/2020.2/Vitis_HLS/2020.2/common/technology/xilinx/ip/util.gen 
Execute           source /mnt/pollux/software/xilinx/2020.2/Vitis_HLS/2020.2/common/technology/xilinx/ip/xfft.gen 
Execute           source /mnt/pollux/software/xilinx/2020.2/Vitis_HLS/2020.2/common/technology/xilinx/ip/xfir.gen 
Execute           source /mnt/pollux/software/xilinx/2020.2/Vitis_HLS/2020.2/common/technology/xilinx/DSP48/dsp48.gen 
Command       add_library done; 0.27 sec.
INFO: [HLS 200-10] Setting target device to 'xczu3eg-sbva484-1-i'
Execute       ap_part_info -name xczu3eg-sbva484-1-i -data info 
Execute       config_compile -quiet -complex-mul-dsp=0 
Command     set_part done; 1.73 sec.
Execute     ap_part_info -data single -name xczu3eg-sbva484-1-i 
Execute     ap_part_info -name xczu3eg-sbva484-1-i -data resources 
Execute     config_chip_info -resource {SLICE 8820} {LUT 70560} {FF 141120} {DSP 360} {BRAM 432} {URAM 0} 
Execute     ap_part_info -name xczu3eg-sbva484-1-i -data info 
Execute     config_chip_info -speed slow 
Execute     send_msg_by_id INFO @200-1505@%s%s  vitis 
INFO: [HLS 200-1505] Using flow_target 'vitis'
Execute     get_config_interface -m_axi_latency 
Execute     get_config_interface -m_axi_alignment_byte_size 
Execute     get_config_interface -m_axi_max_widen_bitwidth 
Execute     get_config_interface -default_interface 
Execute     get_config_interface -m_axi_offset 
Execute     get_config_rtl -register_reset_num 
Execute     send_msg_by_id INFO @200-1464@%s config_interface -default_interface=kernel 
INFO: [HLS 200-1464] Running solution command: config_interface -default_interface=kernel
Execute     config_interface -default_interface=kernel 
Execute     send_msg_by_id INFO @200-1464@%s config_interface -m_axi_alignment_byte_size=64 
INFO: [HLS 200-1464] Running solution command: config_interface -m_axi_alignment_byte_size=64
Execute     config_interface -m_axi_alignment_byte_size=64 
Execute     send_msg_by_id INFO @200-1464@%s config_interface -m_axi_latency=64 
INFO: [HLS 200-1464] Running solution command: config_interface -m_axi_latency=64
Execute     config_interface -m_axi_latency=64 
Execute     send_msg_by_id INFO @200-1464@%s config_interface -m_axi_max_widen_bitwidth=512 
INFO: [HLS 200-1464] Running solution command: config_interface -m_axi_max_widen_bitwidth=512
Execute     config_interface -m_axi_max_widen_bitwidth=512 
Execute     send_msg_by_id INFO @200-1464@%s config_interface -m_axi_offset=slave 
INFO: [HLS 200-1464] Running solution command: config_interface -m_axi_offset=slave
Execute     config_interface -m_axi_offset=slave 
Execute     send_msg_by_id INFO @200-1464@%s config_rtl -register_reset_num=3 
INFO: [HLS 200-1464] Running solution command: config_rtl -register_reset_num=3
Execute     config_rtl -register_reset_num=3 
Command   open_solution done; 1.91 sec.
Execute   set_part xczu3eg-sbva484-1-i 
INFO: [HLS 200-1510] Running: set_part xczu3eg-sbva484-1-i 
INFO-FLOW: DBG:set_part: XILINX_VIVADO=/mnt/pollux/software/xilinx/2020.2/Vivado/2020.2
INFO-FLOW: DBG:set_part: RDI_DATADIR=/mnt/pollux/software/xilinx/2020.2/Vivado/2020.2/data:/mnt/pollux/software/xilinx/2020.2/Vitis_HLS/2020.2/data
Execute     ap_part_info -name xczu3eg-sbva484-1-i -data single -quiet 
Execute     ap_part_info -name xczu3eg-sbva484-1-i -data info 
Execute     add_library xilinx/zynquplus/zynquplus:xczu3eg:-sbva484:-1-i 
Execute       get_default_platform 
Execute       open_platform DefaultPlatform 
Execute       ap_part_info -data single -name xczu3eg-sbva484-1-i 
Execute       ap_part_info -name xczu3eg-sbva484-1-i -data resources 
Execute       config_chip_info -resource {SLICE 8820} {LUT 70560} {FF 141120} {DSP 360} {BRAM 432} {URAM 0} 
Execute       ap_part_info -name xczu3eg-sbva484-1-i -data info 
Execute       config_chip_info -speed slow 
Execute       ap_part_info -name xczu3eg-sbva484-1-i -data info 
Execute       config_library_info -library zynquplus_slow 
Execute       config_library_info -family zynquplus 
Execute       config_library_info -part xczu3eg:-sbva484:-1-i 
Execute       import_lib /mnt/pollux/software/xilinx/2020.2/Vitis_HLS/2020.2/common/technology/xilinx/zynquplus/zynquplus 
Execute         source /mnt/pollux/software/xilinx/2020.2/Vitis_HLS/2020.2/common/technology/xilinx/interface/xilinx_interface.hlp 
Execute           source /mnt/pollux/software/xilinx/2020.2/Vitis_HLS/2020.2/common/technology/xilinx/interface/maxi.hlp 
Execute           source /mnt/pollux/software/xilinx/2020.2/Vitis_HLS/2020.2/common/technology/xilinx/interface/saxilite.hlp 
Execute         source /mnt/pollux/software/xilinx/2020.2/Vitis_HLS/2020.2/common/technology/xilinx/DSP48/dsp48.hlp 
Execute         source /mnt/pollux/software/xilinx/2020.2/Vitis_HLS/2020.2/common/technology/xilinx/DSP48/zynquplus_dsp48e2.hlp 
Execute       source /mnt/pollux/software/xilinx/2020.2/Vitis_HLS/2020.2/common/technology/xilinx/common/xilinx.gen 
Execute         source /mnt/pollux/software/xilinx/2020.2/Vitis_HLS/2020.2/common/technology/xilinx/interface/plb46.gen 
Execute         source /mnt/pollux/software/xilinx/2020.2/Vitis_HLS/2020.2/common/technology/xilinx/interface/axi4.gen 
Execute         source /mnt/pollux/software/xilinx/2020.2/Vitis_HLS/2020.2/common/technology/xilinx/interface/nativeAXI4.gen 
Execute           source /mnt/pollux/software/xilinx/2020.2/Vitis_HLS/2020.2/common/technology/xilinx/interface/saxilite.gen 
Execute           source /mnt/pollux/software/xilinx/2020.2/Vitis_HLS/2020.2/common/technology/xilinx/interface/maxi.gen 
Execute         source /mnt/pollux/software/xilinx/2020.2/Vitis_HLS/2020.2/common/technology/xilinx/scripts/xilinxcoregen.gen 
Execute         source /mnt/pollux/software/xilinx/2020.2/Vitis_HLS/2020.2/common/technology/xilinx/interface/XilEDKCoreGen.gen 
Execute         source /mnt/pollux/software/xilinx/2020.2/Vitis_HLS/2020.2/common/technology/xilinx/ip/dds_compiler.gen 
Execute         source /mnt/pollux/software/xilinx/2020.2/Vitis_HLS/2020.2/common/technology/xilinx/ip/util.gen 
Execute         source /mnt/pollux/software/xilinx/2020.2/Vitis_HLS/2020.2/common/technology/xilinx/ip/xfft.gen 
Execute         source /mnt/pollux/software/xilinx/2020.2/Vitis_HLS/2020.2/common/technology/xilinx/ip/xfir.gen 
Execute         source /mnt/pollux/software/xilinx/2020.2/Vitis_HLS/2020.2/common/technology/xilinx/DSP48/dsp48.gen 
Execute     ap_part_info -name xczu3eg-sbva484-1-i -data info 
Execute     config_compile -quiet -complex-mul-dsp=0 
Command   set_part done; 0.13 sec.
Execute   create_clock -period 150MHz -name default 
INFO: [HLS 200-1510] Running: create_clock -period 150MHz -name default 
Execute   config_interface -m_axi_alignment_byte_size 64 -m_axi_latency 64 -m_axi_max_widen_bitwidth 512 -m_axi_offset slave 
INFO: [HLS 200-1510] Running: config_interface -m_axi_alignment_byte_size 64 -m_axi_latency 64 -m_axi_max_widen_bitwidth 512 -m_axi_offset slave 
Execute   config_rtl -register_reset_num 3 
INFO: [HLS 200-1510] Running: config_rtl -register_reset_num 3 
Execute   source ./ese532_hw7/P3b/directives.tcl 
Execute     set_directive_top -name Filter_horizontal_HW Filter_horizontal_HW 
INFO: [HLS 200-1510] Running: set_directive_top -name Filter_horizontal_HW Filter_horizontal_HW 
INFO-FLOW: Setting directive 'TOP' name=Filter_horizontal_HW 
Execute   csim_design -quiet 
INFO: [HLS 200-1510] Running: csim_design -quiet 
INFO: [SIM 211-2] *************** CSIM start ***************
INFO: [SIM 211-4] CSIM will launch GCC as the compiler.
Execute     ap_part_info -name xczu3eg-sbva484-1-i -data info 
Execute     source run_sim.tcl 
Command     ap_source done; error code: 1; 0.74 sec.
ERROR: [SIM 211-100] CSim failed with errors.
INFO: [SIM 211-3] *************** CSIM finish ***************
Command   csim_design done; error code: 2; 3.53 sec.
INFO: [HLS 200-111] Finished Command csim_design CPU user time: 1.36 seconds. CPU system time: 0.17 seconds. Elapsed time: 3.53 seconds; current allocated memory: 208.344 MB.
Command ap_source done; error code: 1; 5.65 sec.
Execute cleanup_all 
INFO-FLOW: Workspace /mnt/castor/seas_home/c/chihan/chihan/ese532_hw7/hw7/ese532_hw7/P3b opened at Thu Oct 26 21:00:10 EDT 2023
Execute     ap_set_clock -name default -period 6.667 -unit ns -default=false 
INFO: [SYN 201-201] Setting up clock 'default' with a period of 6.667ns.
Execute     import_lib /mnt/pollux/software/xilinx/2020.2/Vitis_HLS/2020.2/common/technology/xilinx/zynquplus/zynquplus 
Execute       source /mnt/pollux/software/xilinx/2020.2/Vitis_HLS/2020.2/common/technology/xilinx/interface/xilinx_interface.hlp 
Execute         source /mnt/pollux/software/xilinx/2020.2/Vitis_HLS/2020.2/common/technology/xilinx/interface/maxi.hlp 
Execute         source /mnt/pollux/software/xilinx/2020.2/Vitis_HLS/2020.2/common/technology/xilinx/interface/saxilite.hlp 
Execute       source /mnt/pollux/software/xilinx/2020.2/Vitis_HLS/2020.2/common/technology/xilinx/DSP48/dsp48.hlp 
Execute     source /mnt/pollux/software/xilinx/2020.2/Vitis_HLS/2020.2/common/technology/xilinx/common/xilinx.gen 
Execute       source /mnt/pollux/software/xilinx/2020.2/Vitis_HLS/2020.2/common/technology/xilinx/interface/plb46.gen 
Execute       source /mnt/pollux/software/xilinx/2020.2/Vitis_HLS/2020.2/common/technology/xilinx/interface/axi4.gen 
Execute       source /mnt/pollux/software/xilinx/2020.2/Vitis_HLS/2020.2/common/technology/xilinx/interface/nativeAXI4.gen 
Execute         source /mnt/pollux/software/xilinx/2020.2/Vitis_HLS/2020.2/common/technology/xilinx/interface/saxilite.gen 
Execute         source /mnt/pollux/software/xilinx/2020.2/Vitis_HLS/2020.2/common/technology/xilinx/interface/maxi.gen 
Execute       source /mnt/pollux/software/xilinx/2020.2/Vitis_HLS/2020.2/common/technology/xilinx/scripts/xilinxcoregen.gen 
Execute       source /mnt/pollux/software/xilinx/2020.2/Vitis_HLS/2020.2/common/technology/xilinx/interface/XilEDKCoreGen.gen 
Execute       source /mnt/pollux/software/xilinx/2020.2/Vitis_HLS/2020.2/common/technology/xilinx/ip/dds_compiler.gen 
Execute       source /mnt/pollux/software/xilinx/2020.2/Vitis_HLS/2020.2/common/technology/xilinx/ip/util.gen 
Execute       source /mnt/pollux/software/xilinx/2020.2/Vitis_HLS/2020.2/common/technology/xilinx/ip/xfft.gen 
Execute       source /mnt/pollux/software/xilinx/2020.2/Vitis_HLS/2020.2/common/technology/xilinx/ip/xfir.gen 
Execute       source /mnt/pollux/software/xilinx/2020.2/Vitis_HLS/2020.2/common/technology/xilinx/DSP48/dsp48.gen 
Execute     import_lib /mnt/pollux/software/xilinx/2020.2/Vitis_HLS/2020.2/common/technology/xilinx/zynquplus/zynquplus_fpv7 
Execute       source /mnt/pollux/software/xilinx/2020.2/Vitis_HLS/2020.2/common/technology/xilinx/interface/xilinx_interface.hlp 
Execute         source /mnt/pollux/software/xilinx/2020.2/Vitis_HLS/2020.2/common/technology/xilinx/interface/maxi.hlp 
Execute         source /mnt/pollux/software/xilinx/2020.2/Vitis_HLS/2020.2/common/technology/xilinx/interface/saxilite.hlp 
Execute       source /mnt/pollux/software/xilinx/2020.2/Vitis_HLS/2020.2/common/technology/xilinx/DSP48/dsp48.hlp 
Execute     source /mnt/pollux/software/xilinx/2020.2/Vitis_HLS/2020.2/common/technology/xilinx/common/xilinx.gen 
Execute       source /mnt/pollux/software/xilinx/2020.2/Vitis_HLS/2020.2/common/technology/xilinx/interface/plb46.gen 
Execute       source /mnt/pollux/software/xilinx/2020.2/Vitis_HLS/2020.2/common/technology/xilinx/interface/axi4.gen 
Execute       source /mnt/pollux/software/xilinx/2020.2/Vitis_HLS/2020.2/common/technology/xilinx/interface/nativeAXI4.gen 
Execute         source /mnt/pollux/software/xilinx/2020.2/Vitis_HLS/2020.2/common/technology/xilinx/interface/saxilite.gen 
Execute         source /mnt/pollux/software/xilinx/2020.2/Vitis_HLS/2020.2/common/technology/xilinx/interface/maxi.gen 
Execute       source /mnt/pollux/software/xilinx/2020.2/Vitis_HLS/2020.2/common/technology/xilinx/scripts/xilinxcoregen.gen 
Execute       source /mnt/pollux/software/xilinx/2020.2/Vitis_HLS/2020.2/common/technology/xilinx/interface/XilEDKCoreGen.gen 
Execute       source /mnt/pollux/software/xilinx/2020.2/Vitis_HLS/2020.2/common/technology/xilinx/ip/dds_compiler.gen 
Execute       source /mnt/pollux/software/xilinx/2020.2/Vitis_HLS/2020.2/common/technology/xilinx/ip/util.gen 
Execute       source /mnt/pollux/software/xilinx/2020.2/Vitis_HLS/2020.2/common/technology/xilinx/ip/xfft.gen 
Execute       source /mnt/pollux/software/xilinx/2020.2/Vitis_HLS/2020.2/common/technology/xilinx/ip/xfir.gen 
Execute       source /mnt/pollux/software/xilinx/2020.2/Vitis_HLS/2020.2/common/technology/xilinx/DSP48/dsp48.gen 
Execute     set_part xczu3eg-sbva484-1-i 
INFO-FLOW: DBG:set_part: XILINX_VIVADO=/mnt/pollux/software/xilinx/2020.2/Vivado/2020.2
INFO-FLOW: DBG:set_part: RDI_DATADIR=/mnt/pollux/software/xilinx/2020.2/Vivado/2020.2/data:/mnt/pollux/software/xilinx/2020.2/Vitis_HLS/2020.2/data
Execute       ap_part_info -name xczu3eg-sbva484-1-i -data single -quiet 
DBG:HLSDevice: Trying to load device library: /mnt/pollux/software/xilinx/2020.2/Vitis_HLS/2020.2/lib/lnx64.o/librdi_hlsvwrap.so
DBG:HLSDevice: first parts/arch.xml in RDI_DATADIR: /mnt/pollux/software/xilinx/2020.2/Vivado/2020.2/data/parts/arch.xml
Command       ap_part_info done; 0.85 sec.
Execute       ap_part_info -name xczu3eg-sbva484-1-i -data info 
Execute       add_library xilinx/zynquplus/zynquplus:xczu3eg:-sbva484:-1-i 
Execute         get_default_platform 
Execute         open_platform DefaultPlatform 
Execute         ap_part_info -data single -name xczu3eg-sbva484-1-i 
Execute         ap_part_info -name xczu3eg-sbva484-1-i -data resources 
Execute         config_chip_info -resource {SLICE 8820} {LUT 70560} {FF 141120} {DSP 360} {BRAM 432} {URAM 0} 
Execute         ap_part_info -name xczu3eg-sbva484-1-i -data info 
Execute         config_chip_info -speed slow 
Execute         ap_part_info -name xczu3eg-sbva484-1-i -data info 
Execute         config_library_info -library zynquplus_slow 
Execute         config_library_info -family zynquplus 
Execute         config_library_info -part xczu3eg:-sbva484:-1-i 
Execute         import_lib /mnt/pollux/software/xilinx/2020.2/Vitis_HLS/2020.2/common/technology/xilinx/zynquplus/zynquplus 
Execute           source /mnt/pollux/software/xilinx/2020.2/Vitis_HLS/2020.2/common/technology/xilinx/interface/xilinx_interface.hlp 
Execute             source /mnt/pollux/software/xilinx/2020.2/Vitis_HLS/2020.2/common/technology/xilinx/interface/maxi.hlp 
Execute             source /mnt/pollux/software/xilinx/2020.2/Vitis_HLS/2020.2/common/technology/xilinx/interface/saxilite.hlp 
Execute           source /mnt/pollux/software/xilinx/2020.2/Vitis_HLS/2020.2/common/technology/xilinx/DSP48/dsp48.hlp 
Execute           source /mnt/pollux/software/xilinx/2020.2/Vitis_HLS/2020.2/common/technology/xilinx/DSP48/zynquplus_dsp48e2.hlp 
Execute         source /mnt/pollux/software/xilinx/2020.2/Vitis_HLS/2020.2/common/technology/xilinx/common/xilinx.gen 
Execute           source /mnt/pollux/software/xilinx/2020.2/Vitis_HLS/2020.2/common/technology/xilinx/interface/plb46.gen 
Execute           source /mnt/pollux/software/xilinx/2020.2/Vitis_HLS/2020.2/common/technology/xilinx/interface/axi4.gen 
Execute           source /mnt/pollux/software/xilinx/2020.2/Vitis_HLS/2020.2/common/technology/xilinx/interface/nativeAXI4.gen 
Execute             source /mnt/pollux/software/xilinx/2020.2/Vitis_HLS/2020.2/common/technology/xilinx/interface/saxilite.gen 
Execute             source /mnt/pollux/software/xilinx/2020.2/Vitis_HLS/2020.2/common/technology/xilinx/interface/maxi.gen 
Execute           source /mnt/pollux/software/xilinx/2020.2/Vitis_HLS/2020.2/common/technology/xilinx/scripts/xilinxcoregen.gen 
Execute           source /mnt/pollux/software/xilinx/2020.2/Vitis_HLS/2020.2/common/technology/xilinx/interface/XilEDKCoreGen.gen 
Execute           source /mnt/pollux/software/xilinx/2020.2/Vitis_HLS/2020.2/common/technology/xilinx/ip/dds_compiler.gen 
Execute           source /mnt/pollux/software/xilinx/2020.2/Vitis_HLS/2020.2/common/technology/xilinx/ip/util.gen 
Execute           source /mnt/pollux/software/xilinx/2020.2/Vitis_HLS/2020.2/common/technology/xilinx/ip/xfft.gen 
Execute           source /mnt/pollux/software/xilinx/2020.2/Vitis_HLS/2020.2/common/technology/xilinx/ip/xfir.gen 
Execute           source /mnt/pollux/software/xilinx/2020.2/Vitis_HLS/2020.2/common/technology/xilinx/DSP48/dsp48.gen 
Command       add_library done; 0.19 sec.
INFO: [HLS 200-10] Setting target device to 'xczu3eg-sbva484-1-i'
Execute       ap_part_info -name xczu3eg-sbva484-1-i -data info 
Execute       config_compile -quiet -complex-mul-dsp=0 
Command     set_part done; 1.06 sec.
Execute     ap_part_info -data single -name xczu3eg-sbva484-1-i 
Execute     ap_part_info -name xczu3eg-sbva484-1-i -data resources 
Execute     config_chip_info -resource {SLICE 8820} {LUT 70560} {FF 141120} {DSP 360} {BRAM 432} {URAM 0} 
Execute     ap_part_info -name xczu3eg-sbva484-1-i -data info 
Execute     config_chip_info -speed slow 
Execute     send_msg_by_id INFO @200-1505@%s%s  vitis 
INFO: [HLS 200-1505] Using flow_target 'vitis'
Execute     get_config_interface -m_axi_latency 
Execute     get_config_interface -m_axi_alignment_byte_size 
Execute     get_config_interface -m_axi_max_widen_bitwidth 
Execute     get_config_interface -default_interface 
Execute     get_config_interface -m_axi_offset 
Execute     get_config_rtl -register_reset_num 
Execute     send_msg_by_id INFO @200-1464@%s config_interface -default_interface=kernel 
INFO: [HLS 200-1464] Running solution command: config_interface -default_interface=kernel
Execute     config_interface -default_interface=kernel 
Execute     send_msg_by_id INFO @200-1464@%s config_interface -m_axi_alignment_byte_size=64 
INFO: [HLS 200-1464] Running solution command: config_interface -m_axi_alignment_byte_size=64
Execute     config_interface -m_axi_alignment_byte_size=64 
Execute     send_msg_by_id INFO @200-1464@%s config_interface -m_axi_latency=64 
INFO: [HLS 200-1464] Running solution command: config_interface -m_axi_latency=64
Execute     config_interface -m_axi_latency=64 
Execute     send_msg_by_id INFO @200-1464@%s config_interface -m_axi_max_widen_bitwidth=512 
INFO: [HLS 200-1464] Running solution command: config_interface -m_axi_max_widen_bitwidth=512
Execute     config_interface -m_axi_max_widen_bitwidth=512 
Execute     send_msg_by_id INFO @200-1464@%s config_interface -m_axi_offset=slave 
INFO: [HLS 200-1464] Running solution command: config_interface -m_axi_offset=slave
Execute     config_interface -m_axi_offset=slave 
Execute     send_msg_by_id INFO @200-1464@%s config_rtl -register_reset_num=3 
INFO: [HLS 200-1464] Running solution command: config_rtl -register_reset_num=3
Execute     config_rtl -register_reset_num=3 
Command   open_solution done; 1.24 sec.
Execute   set_part xczu3eg-sbva484-1-i 
INFO: [HLS 200-1510] Running: set_part xczu3eg-sbva484-1-i 
INFO-FLOW: DBG:set_part: XILINX_VIVADO=/mnt/pollux/software/xilinx/2020.2/Vivado/2020.2
INFO-FLOW: DBG:set_part: RDI_DATADIR=/mnt/pollux/software/xilinx/2020.2/Vivado/2020.2/data:/mnt/pollux/software/xilinx/2020.2/Vitis_HLS/2020.2/data
Execute     ap_part_info -name xczu3eg-sbva484-1-i -data single -quiet 
Execute     ap_part_info -name xczu3eg-sbva484-1-i -data info 
Execute     add_library xilinx/zynquplus/zynquplus:xczu3eg:-sbva484:-1-i 
Execute       get_default_platform 
Execute       open_platform DefaultPlatform 
Execute       ap_part_info -data single -name xczu3eg-sbva484-1-i 
Execute       ap_part_info -name xczu3eg-sbva484-1-i -data resources 
Execute       config_chip_info -resource {SLICE 8820} {LUT 70560} {FF 141120} {DSP 360} {BRAM 432} {URAM 0} 
Execute       ap_part_info -name xczu3eg-sbva484-1-i -data info 
Execute       config_chip_info -speed slow 
Execute       ap_part_info -name xczu3eg-sbva484-1-i -data info 
Execute       config_library_info -library zynquplus_slow 
Execute       config_library_info -family zynquplus 
Execute       config_library_info -part xczu3eg:-sbva484:-1-i 
Execute       import_lib /mnt/pollux/software/xilinx/2020.2/Vitis_HLS/2020.2/common/technology/xilinx/zynquplus/zynquplus 
Execute         source /mnt/pollux/software/xilinx/2020.2/Vitis_HLS/2020.2/common/technology/xilinx/interface/xilinx_interface.hlp 
Execute           source /mnt/pollux/software/xilinx/2020.2/Vitis_HLS/2020.2/common/technology/xilinx/interface/maxi.hlp 
Execute           source /mnt/pollux/software/xilinx/2020.2/Vitis_HLS/2020.2/common/technology/xilinx/interface/saxilite.hlp 
Execute         source /mnt/pollux/software/xilinx/2020.2/Vitis_HLS/2020.2/common/technology/xilinx/DSP48/dsp48.hlp 
Execute         source /mnt/pollux/software/xilinx/2020.2/Vitis_HLS/2020.2/common/technology/xilinx/DSP48/zynquplus_dsp48e2.hlp 
Execute       source /mnt/pollux/software/xilinx/2020.2/Vitis_HLS/2020.2/common/technology/xilinx/common/xilinx.gen 
Execute         source /mnt/pollux/software/xilinx/2020.2/Vitis_HLS/2020.2/common/technology/xilinx/interface/plb46.gen 
Execute         source /mnt/pollux/software/xilinx/2020.2/Vitis_HLS/2020.2/common/technology/xilinx/interface/axi4.gen 
Execute         source /mnt/pollux/software/xilinx/2020.2/Vitis_HLS/2020.2/common/technology/xilinx/interface/nativeAXI4.gen 
Execute           source /mnt/pollux/software/xilinx/2020.2/Vitis_HLS/2020.2/common/technology/xilinx/interface/saxilite.gen 
Execute           source /mnt/pollux/software/xilinx/2020.2/Vitis_HLS/2020.2/common/technology/xilinx/interface/maxi.gen 
Execute         source /mnt/pollux/software/xilinx/2020.2/Vitis_HLS/2020.2/common/technology/xilinx/scripts/xilinxcoregen.gen 
Execute         source /mnt/pollux/software/xilinx/2020.2/Vitis_HLS/2020.2/common/technology/xilinx/interface/XilEDKCoreGen.gen 
Execute         source /mnt/pollux/software/xilinx/2020.2/Vitis_HLS/2020.2/common/technology/xilinx/ip/dds_compiler.gen 
Execute         source /mnt/pollux/software/xilinx/2020.2/Vitis_HLS/2020.2/common/technology/xilinx/ip/util.gen 
Execute         source /mnt/pollux/software/xilinx/2020.2/Vitis_HLS/2020.2/common/technology/xilinx/ip/xfft.gen 
Execute         source /mnt/pollux/software/xilinx/2020.2/Vitis_HLS/2020.2/common/technology/xilinx/ip/xfir.gen 
Execute         source /mnt/pollux/software/xilinx/2020.2/Vitis_HLS/2020.2/common/technology/xilinx/DSP48/dsp48.gen 
Execute     ap_part_info -name xczu3eg-sbva484-1-i -data info 
Execute     config_compile -quiet -complex-mul-dsp=0 
Command   set_part done; 0.11 sec.
Execute   create_clock -period 150MHz -name default 
INFO: [HLS 200-1510] Running: create_clock -period 150MHz -name default 
Execute   config_interface -m_axi_alignment_byte_size 64 -m_axi_latency 64 -m_axi_max_widen_bitwidth 512 -m_axi_offset slave 
INFO: [HLS 200-1510] Running: config_interface -m_axi_alignment_byte_size 64 -m_axi_latency 64 -m_axi_max_widen_bitwidth 512 -m_axi_offset slave 
Execute   config_rtl -register_reset_num 3 
INFO: [HLS 200-1510] Running: config_rtl -register_reset_num 3 
Execute   source ./ese532_hw7/P3b/directives.tcl 
Execute     set_directive_top -name Filter_horizontal_HW Filter_horizontal_HW 
INFO: [HLS 200-1510] Running: set_directive_top -name Filter_horizontal_HW Filter_horizontal_HW 
INFO-FLOW: Setting directive 'TOP' name=Filter_horizontal_HW 
Execute   csim_design -quiet 
INFO: [HLS 200-1510] Running: csim_design -quiet 
INFO: [SIM 211-2] *************** CSIM start ***************
INFO: [SIM 211-4] CSIM will launch GCC as the compiler.
Execute     source csim/.lst_opt.tcl 
Execute     ap_part_info -name xczu3eg-sbva484-1-i -data info 
Execute     source run_sim.tcl 
Command     ap_source done; error code: 1; 1.03 sec.
ERROR: [SIM 211-100] CSim failed with errors.
INFO: [SIM 211-3] *************** CSIM finish ***************
Command   csim_design done; error code: 2; 2.88 sec.
INFO: [HLS 200-111] Finished Command csim_design CPU user time: 1.05 seconds. CPU system time: 0.17 seconds. Elapsed time: 2.88 seconds; current allocated memory: 208.344 MB.
Command ap_source done; error code: 1; 4.32 sec.
Execute cleanup_all 
INFO-FLOW: Workspace /mnt/castor/seas_home/c/chihan/chihan/ese532_hw7/hw7/ese532_hw7/P3b opened at Thu Oct 26 21:00:30 EDT 2023
Execute     ap_set_clock -name default -period 6.667 -unit ns -default=false 
INFO: [SYN 201-201] Setting up clock 'default' with a period of 6.667ns.
Execute     import_lib /mnt/pollux/software/xilinx/2020.2/Vitis_HLS/2020.2/common/technology/xilinx/zynquplus/zynquplus 
Execute       source /mnt/pollux/software/xilinx/2020.2/Vitis_HLS/2020.2/common/technology/xilinx/interface/xilinx_interface.hlp 
Execute         source /mnt/pollux/software/xilinx/2020.2/Vitis_HLS/2020.2/common/technology/xilinx/interface/maxi.hlp 
Execute         source /mnt/pollux/software/xilinx/2020.2/Vitis_HLS/2020.2/common/technology/xilinx/interface/saxilite.hlp 
Execute       source /mnt/pollux/software/xilinx/2020.2/Vitis_HLS/2020.2/common/technology/xilinx/DSP48/dsp48.hlp 
Execute     source /mnt/pollux/software/xilinx/2020.2/Vitis_HLS/2020.2/common/technology/xilinx/common/xilinx.gen 
Execute       source /mnt/pollux/software/xilinx/2020.2/Vitis_HLS/2020.2/common/technology/xilinx/interface/plb46.gen 
Execute       source /mnt/pollux/software/xilinx/2020.2/Vitis_HLS/2020.2/common/technology/xilinx/interface/axi4.gen 
Execute       source /mnt/pollux/software/xilinx/2020.2/Vitis_HLS/2020.2/common/technology/xilinx/interface/nativeAXI4.gen 
Execute         source /mnt/pollux/software/xilinx/2020.2/Vitis_HLS/2020.2/common/technology/xilinx/interface/saxilite.gen 
Execute         source /mnt/pollux/software/xilinx/2020.2/Vitis_HLS/2020.2/common/technology/xilinx/interface/maxi.gen 
Execute       source /mnt/pollux/software/xilinx/2020.2/Vitis_HLS/2020.2/common/technology/xilinx/scripts/xilinxcoregen.gen 
Execute       source /mnt/pollux/software/xilinx/2020.2/Vitis_HLS/2020.2/common/technology/xilinx/interface/XilEDKCoreGen.gen 
Execute       source /mnt/pollux/software/xilinx/2020.2/Vitis_HLS/2020.2/common/technology/xilinx/ip/dds_compiler.gen 
Execute       source /mnt/pollux/software/xilinx/2020.2/Vitis_HLS/2020.2/common/technology/xilinx/ip/util.gen 
Execute       source /mnt/pollux/software/xilinx/2020.2/Vitis_HLS/2020.2/common/technology/xilinx/ip/xfft.gen 
Execute       source /mnt/pollux/software/xilinx/2020.2/Vitis_HLS/2020.2/common/technology/xilinx/ip/xfir.gen 
Execute       source /mnt/pollux/software/xilinx/2020.2/Vitis_HLS/2020.2/common/technology/xilinx/DSP48/dsp48.gen 
Execute     import_lib /mnt/pollux/software/xilinx/2020.2/Vitis_HLS/2020.2/common/technology/xilinx/zynquplus/zynquplus_fpv7 
Execute       source /mnt/pollux/software/xilinx/2020.2/Vitis_HLS/2020.2/common/technology/xilinx/interface/xilinx_interface.hlp 
Execute         source /mnt/pollux/software/xilinx/2020.2/Vitis_HLS/2020.2/common/technology/xilinx/interface/maxi.hlp 
Execute         source /mnt/pollux/software/xilinx/2020.2/Vitis_HLS/2020.2/common/technology/xilinx/interface/saxilite.hlp 
Execute       source /mnt/pollux/software/xilinx/2020.2/Vitis_HLS/2020.2/common/technology/xilinx/DSP48/dsp48.hlp 
Execute     source /mnt/pollux/software/xilinx/2020.2/Vitis_HLS/2020.2/common/technology/xilinx/common/xilinx.gen 
Execute       source /mnt/pollux/software/xilinx/2020.2/Vitis_HLS/2020.2/common/technology/xilinx/interface/plb46.gen 
Execute       source /mnt/pollux/software/xilinx/2020.2/Vitis_HLS/2020.2/common/technology/xilinx/interface/axi4.gen 
Execute       source /mnt/pollux/software/xilinx/2020.2/Vitis_HLS/2020.2/common/technology/xilinx/interface/nativeAXI4.gen 
Execute         source /mnt/pollux/software/xilinx/2020.2/Vitis_HLS/2020.2/common/technology/xilinx/interface/saxilite.gen 
Execute         source /mnt/pollux/software/xilinx/2020.2/Vitis_HLS/2020.2/common/technology/xilinx/interface/maxi.gen 
Execute       source /mnt/pollux/software/xilinx/2020.2/Vitis_HLS/2020.2/common/technology/xilinx/scripts/xilinxcoregen.gen 
Execute       source /mnt/pollux/software/xilinx/2020.2/Vitis_HLS/2020.2/common/technology/xilinx/interface/XilEDKCoreGen.gen 
Execute       source /mnt/pollux/software/xilinx/2020.2/Vitis_HLS/2020.2/common/technology/xilinx/ip/dds_compiler.gen 
Execute       source /mnt/pollux/software/xilinx/2020.2/Vitis_HLS/2020.2/common/technology/xilinx/ip/util.gen 
Execute       source /mnt/pollux/software/xilinx/2020.2/Vitis_HLS/2020.2/common/technology/xilinx/ip/xfft.gen 
Execute       source /mnt/pollux/software/xilinx/2020.2/Vitis_HLS/2020.2/common/technology/xilinx/ip/xfir.gen 
Execute       source /mnt/pollux/software/xilinx/2020.2/Vitis_HLS/2020.2/common/technology/xilinx/DSP48/dsp48.gen 
Execute     set_part xczu3eg-sbva484-1-i 
INFO-FLOW: DBG:set_part: XILINX_VIVADO=/mnt/pollux/software/xilinx/2020.2/Vivado/2020.2
INFO-FLOW: DBG:set_part: RDI_DATADIR=/mnt/pollux/software/xilinx/2020.2/Vivado/2020.2/data:/mnt/pollux/software/xilinx/2020.2/Vitis_HLS/2020.2/data
Execute       ap_part_info -name xczu3eg-sbva484-1-i -data single -quiet 
DBG:HLSDevice: Trying to load device library: /mnt/pollux/software/xilinx/2020.2/Vitis_HLS/2020.2/lib/lnx64.o/librdi_hlsvwrap.so
DBG:HLSDevice: first parts/arch.xml in RDI_DATADIR: /mnt/pollux/software/xilinx/2020.2/Vivado/2020.2/data/parts/arch.xml
Command       ap_part_info done; 0.86 sec.
Execute       ap_part_info -name xczu3eg-sbva484-1-i -data info 
Execute       add_library xilinx/zynquplus/zynquplus:xczu3eg:-sbva484:-1-i 
Execute         get_default_platform 
Execute         open_platform DefaultPlatform 
Execute         ap_part_info -data single -name xczu3eg-sbva484-1-i 
Execute         ap_part_info -name xczu3eg-sbva484-1-i -data resources 
Execute         config_chip_info -resource {SLICE 8820} {LUT 70560} {FF 141120} {DSP 360} {BRAM 432} {URAM 0} 
Execute         ap_part_info -name xczu3eg-sbva484-1-i -data info 
Execute         config_chip_info -speed slow 
Execute         ap_part_info -name xczu3eg-sbva484-1-i -data info 
Execute         config_library_info -library zynquplus_slow 
Execute         config_library_info -family zynquplus 
Execute         config_library_info -part xczu3eg:-sbva484:-1-i 
Execute         import_lib /mnt/pollux/software/xilinx/2020.2/Vitis_HLS/2020.2/common/technology/xilinx/zynquplus/zynquplus 
Execute           source /mnt/pollux/software/xilinx/2020.2/Vitis_HLS/2020.2/common/technology/xilinx/interface/xilinx_interface.hlp 
Execute             source /mnt/pollux/software/xilinx/2020.2/Vitis_HLS/2020.2/common/technology/xilinx/interface/maxi.hlp 
Execute             source /mnt/pollux/software/xilinx/2020.2/Vitis_HLS/2020.2/common/technology/xilinx/interface/saxilite.hlp 
Execute           source /mnt/pollux/software/xilinx/2020.2/Vitis_HLS/2020.2/common/technology/xilinx/DSP48/dsp48.hlp 
Execute           source /mnt/pollux/software/xilinx/2020.2/Vitis_HLS/2020.2/common/technology/xilinx/DSP48/zynquplus_dsp48e2.hlp 
Command         import_lib done; 0.11 sec.
Execute         source /mnt/pollux/software/xilinx/2020.2/Vitis_HLS/2020.2/common/technology/xilinx/common/xilinx.gen 
Execute           source /mnt/pollux/software/xilinx/2020.2/Vitis_HLS/2020.2/common/technology/xilinx/interface/plb46.gen 
Execute           source /mnt/pollux/software/xilinx/2020.2/Vitis_HLS/2020.2/common/technology/xilinx/interface/axi4.gen 
Execute           source /mnt/pollux/software/xilinx/2020.2/Vitis_HLS/2020.2/common/technology/xilinx/interface/nativeAXI4.gen 
Execute             source /mnt/pollux/software/xilinx/2020.2/Vitis_HLS/2020.2/common/technology/xilinx/interface/saxilite.gen 
Execute             source /mnt/pollux/software/xilinx/2020.2/Vitis_HLS/2020.2/common/technology/xilinx/interface/maxi.gen 
Execute           source /mnt/pollux/software/xilinx/2020.2/Vitis_HLS/2020.2/common/technology/xilinx/scripts/xilinxcoregen.gen 
Execute           source /mnt/pollux/software/xilinx/2020.2/Vitis_HLS/2020.2/common/technology/xilinx/interface/XilEDKCoreGen.gen 
Execute           source /mnt/pollux/software/xilinx/2020.2/Vitis_HLS/2020.2/common/technology/xilinx/ip/dds_compiler.gen 
Execute           source /mnt/pollux/software/xilinx/2020.2/Vitis_HLS/2020.2/common/technology/xilinx/ip/util.gen 
Execute           source /mnt/pollux/software/xilinx/2020.2/Vitis_HLS/2020.2/common/technology/xilinx/ip/xfft.gen 
Execute           source /mnt/pollux/software/xilinx/2020.2/Vitis_HLS/2020.2/common/technology/xilinx/ip/xfir.gen 
Execute           source /mnt/pollux/software/xilinx/2020.2/Vitis_HLS/2020.2/common/technology/xilinx/DSP48/dsp48.gen 
Command       add_library done; 0.2 sec.
INFO: [HLS 200-10] Setting target device to 'xczu3eg-sbva484-1-i'
Execute       ap_part_info -name xczu3eg-sbva484-1-i -data info 
Execute       config_compile -quiet -complex-mul-dsp=0 
Command     set_part done; 1.08 sec.
Execute     ap_part_info -data single -name xczu3eg-sbva484-1-i 
Execute     ap_part_info -name xczu3eg-sbva484-1-i -data resources 
Execute     config_chip_info -resource {SLICE 8820} {LUT 70560} {FF 141120} {DSP 360} {BRAM 432} {URAM 0} 
Execute     ap_part_info -name xczu3eg-sbva484-1-i -data info 
Execute     config_chip_info -speed slow 
Execute     send_msg_by_id INFO @200-1505@%s%s  vitis 
INFO: [HLS 200-1505] Using flow_target 'vitis'
Execute     get_config_interface -m_axi_latency 
Execute     get_config_interface -m_axi_alignment_byte_size 
Execute     get_config_interface -m_axi_max_widen_bitwidth 
Execute     get_config_interface -default_interface 
Execute     get_config_interface -m_axi_offset 
Execute     get_config_rtl -register_reset_num 
Execute     send_msg_by_id INFO @200-1464@%s config_interface -default_interface=kernel 
INFO: [HLS 200-1464] Running solution command: config_interface -default_interface=kernel
Execute     config_interface -default_interface=kernel 
Execute     send_msg_by_id INFO @200-1464@%s config_interface -m_axi_alignment_byte_size=64 
INFO: [HLS 200-1464] Running solution command: config_interface -m_axi_alignment_byte_size=64
Execute     config_interface -m_axi_alignment_byte_size=64 
Execute     send_msg_by_id INFO @200-1464@%s config_interface -m_axi_latency=64 
INFO: [HLS 200-1464] Running solution command: config_interface -m_axi_latency=64
Execute     config_interface -m_axi_latency=64 
Execute     send_msg_by_id INFO @200-1464@%s config_interface -m_axi_max_widen_bitwidth=512 
INFO: [HLS 200-1464] Running solution command: config_interface -m_axi_max_widen_bitwidth=512
Execute     config_interface -m_axi_max_widen_bitwidth=512 
Execute     send_msg_by_id INFO @200-1464@%s config_interface -m_axi_offset=slave 
INFO: [HLS 200-1464] Running solution command: config_interface -m_axi_offset=slave
Execute     config_interface -m_axi_offset=slave 
Execute     send_msg_by_id INFO @200-1464@%s config_rtl -register_reset_num=3 
INFO: [HLS 200-1464] Running solution command: config_rtl -register_reset_num=3
Execute     config_rtl -register_reset_num=3 
Command   open_solution done; 1.28 sec.
Execute   set_part xczu3eg-sbva484-1-i 
INFO: [HLS 200-1510] Running: set_part xczu3eg-sbva484-1-i 
INFO-FLOW: DBG:set_part: XILINX_VIVADO=/mnt/pollux/software/xilinx/2020.2/Vivado/2020.2
INFO-FLOW: DBG:set_part: RDI_DATADIR=/mnt/pollux/software/xilinx/2020.2/Vivado/2020.2/data:/mnt/pollux/software/xilinx/2020.2/Vitis_HLS/2020.2/data
Execute     ap_part_info -name xczu3eg-sbva484-1-i -data single -quiet 
Execute     ap_part_info -name xczu3eg-sbva484-1-i -data info 
Execute     add_library xilinx/zynquplus/zynquplus:xczu3eg:-sbva484:-1-i 
Execute       get_default_platform 
Execute       open_platform DefaultPlatform 
Execute       ap_part_info -data single -name xczu3eg-sbva484-1-i 
Execute       ap_part_info -name xczu3eg-sbva484-1-i -data resources 
Execute       config_chip_info -resource {SLICE 8820} {LUT 70560} {FF 141120} {DSP 360} {BRAM 432} {URAM 0} 
Execute       ap_part_info -name xczu3eg-sbva484-1-i -data info 
Execute       config_chip_info -speed slow 
Execute       ap_part_info -name xczu3eg-sbva484-1-i -data info 
Execute       config_library_info -library zynquplus_slow 
Execute       config_library_info -family zynquplus 
Execute       config_library_info -part xczu3eg:-sbva484:-1-i 
Execute       import_lib /mnt/pollux/software/xilinx/2020.2/Vitis_HLS/2020.2/common/technology/xilinx/zynquplus/zynquplus 
Execute         source /mnt/pollux/software/xilinx/2020.2/Vitis_HLS/2020.2/common/technology/xilinx/interface/xilinx_interface.hlp 
Execute           source /mnt/pollux/software/xilinx/2020.2/Vitis_HLS/2020.2/common/technology/xilinx/interface/maxi.hlp 
Execute           source /mnt/pollux/software/xilinx/2020.2/Vitis_HLS/2020.2/common/technology/xilinx/interface/saxilite.hlp 
Execute         source /mnt/pollux/software/xilinx/2020.2/Vitis_HLS/2020.2/common/technology/xilinx/DSP48/dsp48.hlp 
Execute         source /mnt/pollux/software/xilinx/2020.2/Vitis_HLS/2020.2/common/technology/xilinx/DSP48/zynquplus_dsp48e2.hlp 
Execute       source /mnt/pollux/software/xilinx/2020.2/Vitis_HLS/2020.2/common/technology/xilinx/common/xilinx.gen 
Execute         source /mnt/pollux/software/xilinx/2020.2/Vitis_HLS/2020.2/common/technology/xilinx/interface/plb46.gen 
Execute         source /mnt/pollux/software/xilinx/2020.2/Vitis_HLS/2020.2/common/technology/xilinx/interface/axi4.gen 
Execute         source /mnt/pollux/software/xilinx/2020.2/Vitis_HLS/2020.2/common/technology/xilinx/interface/nativeAXI4.gen 
Execute           source /mnt/pollux/software/xilinx/2020.2/Vitis_HLS/2020.2/common/technology/xilinx/interface/saxilite.gen 
Execute           source /mnt/pollux/software/xilinx/2020.2/Vitis_HLS/2020.2/common/technology/xilinx/interface/maxi.gen 
Execute         source /mnt/pollux/software/xilinx/2020.2/Vitis_HLS/2020.2/common/technology/xilinx/scripts/xilinxcoregen.gen 
Execute         source /mnt/pollux/software/xilinx/2020.2/Vitis_HLS/2020.2/common/technology/xilinx/interface/XilEDKCoreGen.gen 
Execute         source /mnt/pollux/software/xilinx/2020.2/Vitis_HLS/2020.2/common/technology/xilinx/ip/dds_compiler.gen 
Execute         source /mnt/pollux/software/xilinx/2020.2/Vitis_HLS/2020.2/common/technology/xilinx/ip/util.gen 
Execute         source /mnt/pollux/software/xilinx/2020.2/Vitis_HLS/2020.2/common/technology/xilinx/ip/xfft.gen 
Execute         source /mnt/pollux/software/xilinx/2020.2/Vitis_HLS/2020.2/common/technology/xilinx/ip/xfir.gen 
Execute         source /mnt/pollux/software/xilinx/2020.2/Vitis_HLS/2020.2/common/technology/xilinx/DSP48/dsp48.gen 
Execute     ap_part_info -name xczu3eg-sbva484-1-i -data info 
Execute     config_compile -quiet -complex-mul-dsp=0 
Command   set_part done; 0.13 sec.
Execute   create_clock -period 150MHz -name default 
INFO: [HLS 200-1510] Running: create_clock -period 150MHz -name default 
Execute   config_interface -m_axi_alignment_byte_size 64 -m_axi_latency 64 -m_axi_max_widen_bitwidth 512 -m_axi_offset slave 
INFO: [HLS 200-1510] Running: config_interface -m_axi_alignment_byte_size 64 -m_axi_latency 64 -m_axi_max_widen_bitwidth 512 -m_axi_offset slave 
Execute   config_rtl -register_reset_num 3 
INFO: [HLS 200-1510] Running: config_rtl -register_reset_num 3 
Execute   source ./ese532_hw7/P3b/directives.tcl 
Execute     set_directive_top -name Filter_horizontal_HW Filter_horizontal_HW 
INFO: [HLS 200-1510] Running: set_directive_top -name Filter_horizontal_HW Filter_horizontal_HW 
INFO-FLOW: Setting directive 'TOP' name=Filter_horizontal_HW 
Execute   csim_design -quiet 
INFO: [HLS 200-1510] Running: csim_design -quiet 
INFO: [SIM 211-2] *************** CSIM start ***************
INFO: [SIM 211-4] CSIM will launch GCC as the compiler.
Execute     source csim/.lst_opt.tcl 
Execute     ap_part_info -name xczu3eg-sbva484-1-i -data info 
Execute     source run_sim.tcl 
Command     ap_source done; error code: 1; 0.99 sec.
ERROR: [SIM 211-100] CSim failed with errors.
INFO: [SIM 211-3] *************** CSIM finish ***************
Command   csim_design done; error code: 2; 3.23 sec.
INFO: [HLS 200-111] Finished Command csim_design CPU user time: 1.23 seconds. CPU system time: 0.26 seconds. Elapsed time: 3.23 seconds; current allocated memory: 208.344 MB.
Command ap_source done; error code: 1; 4.75 sec.
Execute cleanup_all 
