Copyright 1986-2020 Xilinx, Inc. All Rights Reserved.
---------------------------------------------------------------------------------------------------------------------------------------------------
| Tool Version : Vivado v.2020.2 (lin64) Build 3064766 Wed Nov 18 09:12:47 MST 2020
| Date         : Sun Oct 29 13:03:01 2023
| Host         : big11.seas.upenn.edu running 64-bit openSUSE Leap 15.5
| Command      : report_utilization -file u96v2_sbc_base_Filter_HW_1_0_utilization_synth.rpt -pb u96v2_sbc_base_Filter_HW_1_0_utilization_synth.pb
| Design       : u96v2_sbc_base_Filter_HW_1_0
| Device       : xczu3egsbva484-1
| Design State : Synthesized
---------------------------------------------------------------------------------------------------------------------------------------------------

Utilization Design Information

Table of Contents
-----------------
1. CLB Logic
1.1 Summary of Registers by Type
2. BLOCKRAM
3. ARITHMETIC
4. I/O
5. CLOCK
6. ADVANCED
7. CONFIGURATION
8. Primitives
9. Black Boxes
10. Instantiated Netlists

1. CLB Logic
------------

+----------------------------+------+-------+-----------+-------+
|          Site Type         | Used | Fixed | Available | Util% |
+----------------------------+------+-------+-----------+-------+
| CLB LUTs*                  | 5318 |     0 |     70560 |  7.54 |
|   LUT as Logic             | 3926 |     0 |     70560 |  5.56 |
|   LUT as Memory            | 1392 |     0 |     28800 |  4.83 |
|     LUT as Distributed RAM |  936 |     0 |           |       |
|     LUT as Shift Register  |  456 |     0 |           |       |
| CLB Registers              | 8598 |     0 |    141120 |  6.09 |
|   Register as Flip Flop    | 8598 |     0 |    141120 |  6.09 |
|   Register as Latch        |    0 |     0 |    141120 |  0.00 |
| CARRY8                     |  102 |     0 |      8820 |  1.16 |
| F7 Muxes                   |  441 |     0 |     35280 |  1.25 |
| F8 Muxes                   |  104 |     0 |     17640 |  0.59 |
| F9 Muxes                   |    0 |     0 |      8820 |  0.00 |
+----------------------------+------+-------+-----------+-------+
* Warning! The Final LUT count, after physical optimizations and full implementation, is typically lower. Run opt_design after synthesis, if not already completed, for a more realistic count.


1.1 Summary of Registers by Type
--------------------------------

+-------+--------------+-------------+--------------+
| Total | Clock Enable | Synchronous | Asynchronous |
+-------+--------------+-------------+--------------+
| 0     |            _ |           - |            - |
| 0     |            _ |           - |          Set |
| 0     |            _ |           - |        Reset |
| 0     |            _ |         Set |            - |
| 0     |            _ |       Reset |            - |
| 0     |          Yes |           - |            - |
| 0     |          Yes |           - |          Set |
| 0     |          Yes |           - |        Reset |
| 29    |          Yes |         Set |            - |
| 8569  |          Yes |       Reset |            - |
+-------+--------------+-------------+--------------+


2. BLOCKRAM
-----------

+-------------------+------+-------+-----------+-------+
|     Site Type     | Used | Fixed | Available | Util% |
+-------------------+------+-------+-----------+-------+
| Block RAM Tile    | 15.5 |     0 |       216 |  7.18 |
|   RAMB36/FIFO*    |   15 |     0 |       216 |  6.94 |
|     RAMB36E2 only |   15 |       |           |       |
|   RAMB18          |    1 |     0 |       432 |  0.23 |
|     RAMB18E2 only |    1 |       |           |       |
+-------------------+------+-------+-----------+-------+
* Note: Each Block RAM Tile only has one FIFO logic available and therefore can accommodate only one FIFO36E2 or one FIFO18E2. However, if a FIFO18E2 occupies a Block RAM Tile, that tile can still accommodate a RAMB18E2


3. ARITHMETIC
-------------

+----------------+------+-------+-----------+-------+
|    Site Type   | Used | Fixed | Available | Util% |
+----------------+------+-------+-----------+-------+
| DSPs           |    2 |     0 |       360 |  0.56 |
|   DSP48E2 only |    2 |       |           |       |
+----------------+------+-------+-----------+-------+


4. I/O
------

+------------+------+-------+-----------+-------+
|  Site Type | Used | Fixed | Available | Util% |
+------------+------+-------+-----------+-------+
| Bonded IOB |    0 |     0 |        82 |  0.00 |
+------------+------+-------+-----------+-------+


5. CLOCK
--------

+----------------------+------+-------+-----------+-------+
|       Site Type      | Used | Fixed | Available | Util% |
+----------------------+------+-------+-----------+-------+
| GLOBAL CLOCK BUFFERs |    0 |     0 |       196 |  0.00 |
|   BUFGCE             |    0 |     0 |        88 |  0.00 |
|   BUFGCE_DIV         |    0 |     0 |        12 |  0.00 |
|   BUFG_PS            |    0 |     0 |        72 |  0.00 |
|   BUFGCTRL*          |    0 |     0 |        24 |  0.00 |
| PLL                  |    0 |     0 |         6 |  0.00 |
| MMCM                 |    0 |     0 |         3 |  0.00 |
+----------------------+------+-------+-----------+-------+
* Note: Each used BUFGCTRL counts as two GLOBAL CLOCK BUFFERs. This table does not include global clocking resources, only buffer cell usage. See the Clock Utilization Report (report_clock_utilization) for detailed accounting of global clocking resource availability.


6. ADVANCED
-----------

+-----------+------+-------+-----------+-------+
| Site Type | Used | Fixed | Available | Util% |
+-----------+------+-------+-----------+-------+
| PS8       |    0 |     0 |         1 |  0.00 |
| SYSMONE4  |    0 |     0 |         1 |  0.00 |
+-----------+------+-------+-----------+-------+


7. CONFIGURATION
----------------

+-------------+------+-------+-----------+-------+
|  Site Type  | Used | Fixed | Available | Util% |
+-------------+------+-------+-----------+-------+
| BSCANE2     |    0 |     0 |         4 |  0.00 |
| DNA_PORTE2  |    0 |     0 |         1 |  0.00 |
| EFUSE_USR   |    0 |     0 |         1 |  0.00 |
| FRAME_ECCE4 |    0 |     0 |         1 |  0.00 |
| ICAPE3      |    0 |     0 |         2 |  0.00 |
| MASTER_JTAG |    0 |     0 |         1 |  0.00 |
| STARTUPE3   |    0 |     0 |         1 |  0.00 |
+-------------+------+-------+-----------+-------+


8. Primitives
-------------

+----------+------+---------------------+
| Ref Name | Used | Functional Category |
+----------+------+---------------------+
| FDRE     | 8569 |            Register |
| LUT3     | 2195 |                 CLB |
| LUT4     | 1267 |                 CLB |
| LUT6     |  859 |                 CLB |
| RAMD64E  |  672 |                 CLB |
| LUT5     |  518 |                 CLB |
| MUXF7    |  441 |                 CLB |
| SRLC32E  |  390 |                 CLB |
| LUT2     |  259 |                 CLB |
| RAMD32   |  192 |                 CLB |
| MUXF8    |  104 |                 CLB |
| CARRY8   |  102 |                 CLB |
| SRL16E   |   66 |                 CLB |
| LUT1     |   64 |                 CLB |
| RAMS64E  |   56 |                 CLB |
| FDSE     |   29 |            Register |
| RAMS32   |   16 |                 CLB |
| RAMB36E2 |   15 |            BLOCKRAM |
| DSP48E2  |    2 |          Arithmetic |
| RAMB18E2 |    1 |            BLOCKRAM |
+----------+------+---------------------+


9. Black Boxes
--------------

+----------+------+
| Ref Name | Used |
+----------+------+


10. Instantiated Netlists
-------------------------

+----------+------+
| Ref Name | Used |
+----------+------+


