

================================================================
== Vitis HLS Report for 'Filter_vertical_HW'
================================================================
* Date:           Thu Oct 26 22:48:22 2023

* Version:        2020.2 (Build 3064766 on Wed Nov 18 09:12:47 MST 2020)
* Project:        ese532_hw7
* Solution:       P3e (Vitis Kernel Flow Target)
* Product family: zynquplus
* Target device:  xczu3eg-sbva484-1-i


================================================================
== Performance Estimates
================================================================
+ Timing: 
    * Summary: 
    +--------+---------+----------+------------+
    |  Clock |  Target | Estimated| Uncertainty|
    +--------+---------+----------+------------+
    |ap_clk  |  6.67 ns|  4.867 ns|     1.80 ns|
    +--------+---------+----------+------------+

+ Latency: 
    * Summary: 
    +---------+---------+-----------+----------+------+--------+---------+
    |  Latency (cycles) |  Latency (absolute)  |    Interval   | Pipeline|
    |   min   |   max   |    min    |    max   |  min |   max  |   Type  |
    +---------+---------+-----------+----------+------+--------+---------+
    |     4346|   273992|  28.975 us|  1.827 ms|  4346|  273992|     none|
    +---------+---------+-----------+----------+------+--------+---------+

    + Detail: 
        * Instance: 
        N/A

        * Loop: 
        +-----------------------------------+---------+---------+----------+-----------+-----------+---------+----------+
        |                                   |  Latency (cycles) | Iteration|  Initiation Interval  |   Trip  |          |
        |             Loop Name             |   min   |   max   |  Latency |  achieved |   target  |  Count  | Pipelined|
        +-----------------------------------+---------+---------+----------+-----------+-----------+---------+----------+
        |- VITIS_LOOP_97_2_VITIS_LOOP_98_3  |     3318|     3318|         2|          1|          1|     3318|       yes|
        |- VITIS_LOOP_103_4                 |     1025|   270670|      1025|          -|          -|  1 ~ 264|        no|
        | + VITIS_LOOP_104_5                |      478|      478|         6|          1|          1|      474|       yes|
        | + VITIS_LOOP_118_7                |      474|      474|         2|          1|          1|      474|       yes|
        +-----------------------------------+---------+---------+----------+-----------+-----------+---------+----------+



================================================================
== Utilization Estimates
================================================================
* Summary: 
+-----------------+---------+-----+--------+-------+-----+
|       Name      | BRAM_18K| DSP |   FF   |  LUT  | URAM|
+-----------------+---------+-----+--------+-------+-----+
|DSP              |        -|    1|       -|      -|    -|
|Expression       |        -|    -|       0|    439|    -|
|FIFO             |        -|    -|       -|      -|    -|
|Instance         |        -|    -|       -|      -|    -|
|Memory           |        7|    -|       0|      0|    -|
|Multiplexer      |        -|    -|       -|    822|    -|
|Register         |        -|    -|     632|     96|    -|
+-----------------+---------+-----+--------+-------+-----+
|Total            |        7|    1|     632|   1357|    0|
+-----------------+---------+-----+--------+-------+-----+
|Available        |      432|  360|  141120|  70560|    0|
+-----------------+---------+-----+--------+-------+-----+
|Utilization (%)  |        1|   ~0|      ~0|      1|    0|
+-----------------+---------+-----+--------+-------+-----+

+ Detail: 
    * Instance: 
    N/A

    * DSP: 
    +-----------------------------------+--------------------------------+--------------+
    |              Instance             |             Module             |  Expression  |
    +-----------------------------------+--------------------------------+--------------+
    |mac_muladd_8ns_8ns_16ns_16_4_1_U8  |mac_muladd_8ns_8ns_16ns_16_4_1  |  i0 + i1 * i2|
    +-----------------------------------+--------------------------------+--------------+

    * Memory: 
    +-----------------+----------------------------------+---------+---+----+-----+------+-----+------+-------------+
    |      Memory     |              Module              | BRAM_18K| FF| LUT| URAM| Words| Bits| Banks| W*Bits*Banks|
    +-----------------+----------------------------------+---------+---+----+-----+------+-----+------+-------------+
    |Input_local_0_U  |Filter_vertical_HW_Input_local_0  |        1|  0|   0|    0|   474|    8|     1|         3792|
    |Input_local_1_U  |Filter_vertical_HW_Input_local_1  |        1|  0|   0|    0|   474|    8|     1|         3792|
    |Input_local_2_U  |Filter_vertical_HW_Input_local_1  |        1|  0|   0|    0|   474|    8|     1|         3792|
    |Input_local_3_U  |Filter_vertical_HW_Input_local_1  |        1|  0|   0|    0|   474|    8|     1|         3792|
    |Input_local_4_U  |Filter_vertical_HW_Input_local_1  |        1|  0|   0|    0|   474|    8|     1|         3792|
    |Input_local_5_U  |Filter_vertical_HW_Input_local_1  |        1|  0|   0|    0|   474|    8|     1|         3792|
    |Input_local_6_U  |Filter_vertical_HW_Input_local_1  |        1|  0|   0|    0|   474|    8|     1|         3792|
    +-----------------+----------------------------------+---------+---+----+-----+------+-----+------+-------------+
    |Total            |                                  |        7|  0|   0|    0|  3318|   56|     7|        26544|
    +-----------------+----------------------------------+---------+---+----+-----+------+-----+------+-------------+

    * FIFO: 
    N/A

    * Expression: 
    +-----------------------------------+----------+----+---+----+------------+------------+
    |           Variable Name           | Operation| DSP| FF| LUT| Bitwidth P0| Bitwidth P1|
    +-----------------------------------+----------+----+---+----+------------+------------+
    |Sum_fu_749_p2                      |         +|   0|  0|  23|          16|          16|
    |add_ln103_1_fu_559_p2              |         +|   0|  0|  24|          17|           9|
    |add_ln103_fu_571_p2                |         +|   0|  0|  16|           9|           1|
    |add_ln104_fu_606_p2                |         +|   0|  0|  16|           9|           1|
    |add_ln112_1_fu_739_p2              |         +|   0|  0|  22|          15|          15|
    |add_ln118_fu_785_p2                |         +|   0|  0|  16|           9|           1|
    |add_ln97_1_fu_529_p2               |         +|   0|  0|  10|           3|           1|
    |add_ln97_fu_503_p2                 |         +|   0|  0|  19|          12|           1|
    |add_ln98_fu_543_p2                 |         +|   0|  0|  16|           9|           1|
    |empty_49_fu_581_p2                 |         +|   0|  0|  71|          64|          64|
    |tmp2_i_i_fu_683_p2                 |         +|   0|  0|  16|           9|           9|
    |tmp41_i_i_fu_721_p2                |         +|   0|  0|  16|           9|           9|
    |tmp_i_i_fu_647_p2                  |         +|   0|  0|  16|           9|           9|
    |grp_fu_807_p2                      |         -|   0|  0|  23|          16|          16|
    |tmp3_i_i_fu_703_p2                 |         -|   0|  0|  21|          14|          14|
    |ap_block_pp0_stage0_11001          |       and|   0|  0|   2|           1|           1|
    |ap_block_pp1_stage0_11001          |       and|   0|  0|   2|           1|           1|
    |ap_block_pp2_stage0_11001          |       and|   0|  0|   2|           1|           1|
    |ap_block_state12_io                |       and|   0|  0|   2|           1|           1|
    |ap_block_state3_pp0_stage0_iter1   |       and|   0|  0|   2|           1|           1|
    |ap_block_state80                   |       and|   0|  0|   2|           1|           1|
    |ap_block_state82_pp2_stage0_iter1  |       and|   0|  0|   2|           1|           1|
    |icmp_ln103_fu_565_p2               |      icmp|   0|  0|  11|           9|           9|
    |icmp_ln104_fu_612_p2               |      icmp|   0|  0|  11|           9|           7|
    |icmp_ln117_fu_779_p2               |      icmp|   0|  0|  11|           9|           9|
    |icmp_ln118_fu_791_p2               |      icmp|   0|  0|  11|           9|           7|
    |icmp_ln97_fu_509_p2                |      icmp|   0|  0|  12|          12|          11|
    |icmp_ln98_fu_515_p2                |      icmp|   0|  0|  11|           9|           7|
    |ap_block_state1                    |        or|   0|  0|   2|           1|           1|
    |select_ln114_fu_772_p3             |    select|   0|  0|   8|           1|           1|
    |select_ln87_fu_521_p3              |    select|   0|  0|   8|           1|           1|
    |select_ln97_fu_535_p3              |    select|   0|  0|   3|           1|           3|
    |ap_enable_pp0                      |       xor|   0|  0|   2|           1|           2|
    |ap_enable_pp1                      |       xor|   0|  0|   2|           1|           2|
    |ap_enable_pp2                      |       xor|   0|  0|   2|           1|           2|
    |ap_enable_reg_pp0_iter1            |       xor|   0|  0|   2|           2|           1|
    |ap_enable_reg_pp1_iter1            |       xor|   0|  0|   2|           2|           1|
    |ap_enable_reg_pp2_iter1            |       xor|   0|  0|   2|           2|           1|
    +-----------------------------------+----------+----+---+----+------------+------------+
    |Total                              |          |   0|  0| 439|         297|         239|
    +-----------------------------------+----------+----+---+----+------------+------------+

    * Multiplexer: 
    +------------------------------------+-----+-----------+-----+-----------+
    |                Name                | LUT | Input Size| Bits| Total Bits|
    +------------------------------------+-----+-----------+-----+-----------+
    |Input_local_0_address0              |   20|          4|    9|         36|
    |Input_local_0_d0                    |   14|          3|    8|         24|
    |Input_local_1_address0              |   20|          4|    9|         36|
    |Input_local_1_d0                    |   14|          3|    8|         24|
    |Input_local_2_address0              |   20|          4|    9|         36|
    |Input_local_2_d0                    |   14|          3|    8|         24|
    |Input_local_3_address0              |   20|          4|    9|         36|
    |Input_local_3_d0                    |   14|          3|    8|         24|
    |Input_local_4_address0              |   20|          4|    9|         36|
    |Input_local_4_d0                    |   14|          3|    8|         24|
    |Input_local_5_address0              |   20|          4|    9|         36|
    |Input_local_5_d0                    |   14|          3|    8|         24|
    |Input_local_6_address0              |   20|          4|    9|         36|
    |Output_r_blk_n                      |    9|          2|    1|          2|
    |X_reg_469                           |    9|          2|    9|         18|
    |Y_reg_446                           |    9|          2|    9|         18|
    |ap_NS_fsm                           |  408|         77|    1|         77|
    |ap_done                             |    9|          2|    1|          2|
    |ap_enable_reg_pp0_iter1             |   14|          3|    1|          3|
    |ap_enable_reg_pp1_iter1             |    9|          2|    1|          2|
    |ap_enable_reg_pp1_iter5             |    9|          2|    1|          2|
    |ap_enable_reg_pp2_iter1             |   14|          3|    1|          3|
    |ap_phi_mux_j_phi_fu_428_p4          |    9|          2|    3|          6|
    |ap_phi_mux_phi_ln114_phi_fu_484_p4  |    9|          2|    8|         16|
    |gmem_blk_n_AW                       |    9|          2|    1|          2|
    |gmem_blk_n_B                        |    9|          2|    1|          2|
    |gmem_blk_n_W                        |    9|          2|    1|          2|
    |i_1_reg_492                         |    9|          2|    9|         18|
    |i_reg_435                           |    9|          2|    9|         18|
    |indvar_flatten_reg_413              |    9|          2|   12|         24|
    |j_reg_424                           |    9|          2|    3|          6|
    |phi_ln114_reg_480                   |    9|          2|    8|         16|
    |phi_mul_reg_458                     |    9|          2|   17|         34|
    |tempStream_blk_n                    |    9|          2|    1|          2|
    +------------------------------------+-----+-----------+-----+-----------+
    |Total                               |  822|        165|  209|        669|
    +------------------------------------+-----+-----------+-----+-----------+

    * Register: 
    +------------------------------+----+----+-----+-----------+
    |             Name             | FF | LUT| Bits| Const Bits|
    +------------------------------+----+----+-----+-----------+
    |Input_local_1_addr_2_reg_968  |   9|   0|    9|          0|
    |Input_local_2_addr_2_reg_974  |   9|   0|    9|          0|
    |Input_local_3_addr_2_reg_980  |   9|   0|    9|          0|
    |Input_local_4_addr_2_reg_986  |   9|   0|    9|          0|
    |Input_local_5_addr_2_reg_992  |   9|   0|    9|          0|
    |Input_local_6_addr_2_reg_998  |   9|   0|    9|          0|
    |Output_read_reg_816           |  64|   0|   64|          0|
    |X_reg_469                     |   9|   0|    9|          0|
    |Y_reg_446                     |   9|   0|    9|          0|
    |add_ln103_1_reg_845           |  17|   0|   17|          0|
    |add_ln103_reg_854             |   9|   0|    9|          0|
    |ap_CS_fsm                     |  76|   0|   76|          0|
    |ap_done_reg                   |   1|   0|    1|          0|
    |ap_enable_reg_pp0_iter0       |   1|   0|    1|          0|
    |ap_enable_reg_pp0_iter1       |   1|   0|    1|          0|
    |ap_enable_reg_pp1_iter0       |   1|   0|    1|          0|
    |ap_enable_reg_pp1_iter1       |   1|   0|    1|          0|
    |ap_enable_reg_pp1_iter2       |   1|   0|    1|          0|
    |ap_enable_reg_pp1_iter3       |   1|   0|    1|          0|
    |ap_enable_reg_pp1_iter4       |   1|   0|    1|          0|
    |ap_enable_reg_pp1_iter5       |   1|   0|    1|          0|
    |ap_enable_reg_pp2_iter0       |   1|   0|    1|          0|
    |ap_enable_reg_pp2_iter1       |   1|   0|    1|          0|
    |gmem_addr_reg_859             |  64|   0|   64|          0|
    |i_1_reg_492                   |   9|   0|    9|          0|
    |i_reg_435                     |   9|   0|    9|          0|
    |icmp_ln103_reg_850            |   1|   0|    1|          0|
    |icmp_ln104_reg_870            |   1|   0|    1|          0|
    |icmp_ln117_reg_950            |   1|   0|    1|          0|
    |icmp_ln118_reg_959            |   1|   0|    1|          0|
    |icmp_ln97_reg_826             |   1|   0|    1|          0|
    |indvar_flatten_reg_413        |  12|   0|   12|          0|
    |j_reg_424                     |   3|   0|    3|          0|
    |or_ln_reg_940                 |  16|   0|   16|          0|
    |phi_ln114_reg_480             |   8|   0|    8|          0|
    |phi_mul_reg_458               |  17|   0|   17|          0|
    |select_ln114_reg_945          |   8|   0|    8|          0|
    |select_ln87_reg_830           |   9|   0|    9|          0|
    |select_ln97_reg_835           |   3|   0|    3|          0|
    |tmp2_i_i_reg_934              |   9|   0|    9|          0|
    |trunc_ln104_reg_884           |   1|   0|    1|          0|
    |zext_ln104_reg_874            |   9|   0|   64|         55|
    |zext_ln118_reg_963            |   9|   0|   64|         55|
    |icmp_ln104_reg_870            |  64|  32|    1|          0|
    |trunc_ln104_reg_884           |  64|  32|    1|          0|
    |zext_ln104_reg_874            |  64|  32|   64|         55|
    +------------------------------+----+----+-----+-----------+
    |Total                         | 632|  96|  616|        165|
    +------------------------------+----+----+-----+-----------+



================================================================
== Interface
================================================================
* Summary: 
+---------------------+-----+-----+------------+--------------------+--------------+
|      RTL Ports      | Dir | Bits|  Protocol  |    Source Object   |    C Type    |
+---------------------+-----+-----+------------+--------------------+--------------+
|ap_clk               |   in|    1|  ap_ctrl_hs|  Filter_vertical_HW|  return value|
|ap_rst               |   in|    1|  ap_ctrl_hs|  Filter_vertical_HW|  return value|
|ap_start             |   in|    1|  ap_ctrl_hs|  Filter_vertical_HW|  return value|
|ap_done              |  out|    1|  ap_ctrl_hs|  Filter_vertical_HW|  return value|
|ap_continue          |   in|    1|  ap_ctrl_hs|  Filter_vertical_HW|  return value|
|ap_idle              |  out|    1|  ap_ctrl_hs|  Filter_vertical_HW|  return value|
|ap_ready             |  out|    1|  ap_ctrl_hs|  Filter_vertical_HW|  return value|
|m_axi_gmem_AWVALID   |  out|    1|       m_axi|                gmem|       pointer|
|m_axi_gmem_AWREADY   |   in|    1|       m_axi|                gmem|       pointer|
|m_axi_gmem_AWADDR    |  out|   64|       m_axi|                gmem|       pointer|
|m_axi_gmem_AWID      |  out|    1|       m_axi|                gmem|       pointer|
|m_axi_gmem_AWLEN     |  out|   32|       m_axi|                gmem|       pointer|
|m_axi_gmem_AWSIZE    |  out|    3|       m_axi|                gmem|       pointer|
|m_axi_gmem_AWBURST   |  out|    2|       m_axi|                gmem|       pointer|
|m_axi_gmem_AWLOCK    |  out|    2|       m_axi|                gmem|       pointer|
|m_axi_gmem_AWCACHE   |  out|    4|       m_axi|                gmem|       pointer|
|m_axi_gmem_AWPROT    |  out|    3|       m_axi|                gmem|       pointer|
|m_axi_gmem_AWQOS     |  out|    4|       m_axi|                gmem|       pointer|
|m_axi_gmem_AWREGION  |  out|    4|       m_axi|                gmem|       pointer|
|m_axi_gmem_AWUSER    |  out|    1|       m_axi|                gmem|       pointer|
|m_axi_gmem_WVALID    |  out|    1|       m_axi|                gmem|       pointer|
|m_axi_gmem_WREADY    |   in|    1|       m_axi|                gmem|       pointer|
|m_axi_gmem_WDATA     |  out|   16|       m_axi|                gmem|       pointer|
|m_axi_gmem_WSTRB     |  out|    2|       m_axi|                gmem|       pointer|
|m_axi_gmem_WLAST     |  out|    1|       m_axi|                gmem|       pointer|
|m_axi_gmem_WID       |  out|    1|       m_axi|                gmem|       pointer|
|m_axi_gmem_WUSER     |  out|    1|       m_axi|                gmem|       pointer|
|m_axi_gmem_ARVALID   |  out|    1|       m_axi|                gmem|       pointer|
|m_axi_gmem_ARREADY   |   in|    1|       m_axi|                gmem|       pointer|
|m_axi_gmem_ARADDR    |  out|   64|       m_axi|                gmem|       pointer|
|m_axi_gmem_ARID      |  out|    1|       m_axi|                gmem|       pointer|
|m_axi_gmem_ARLEN     |  out|   32|       m_axi|                gmem|       pointer|
|m_axi_gmem_ARSIZE    |  out|    3|       m_axi|                gmem|       pointer|
|m_axi_gmem_ARBURST   |  out|    2|       m_axi|                gmem|       pointer|
|m_axi_gmem_ARLOCK    |  out|    2|       m_axi|                gmem|       pointer|
|m_axi_gmem_ARCACHE   |  out|    4|       m_axi|                gmem|       pointer|
|m_axi_gmem_ARPROT    |  out|    3|       m_axi|                gmem|       pointer|
|m_axi_gmem_ARQOS     |  out|    4|       m_axi|                gmem|       pointer|
|m_axi_gmem_ARREGION  |  out|    4|       m_axi|                gmem|       pointer|
|m_axi_gmem_ARUSER    |  out|    1|       m_axi|                gmem|       pointer|
|m_axi_gmem_RVALID    |   in|    1|       m_axi|                gmem|       pointer|
|m_axi_gmem_RREADY    |  out|    1|       m_axi|                gmem|       pointer|
|m_axi_gmem_RDATA     |   in|   16|       m_axi|                gmem|       pointer|
|m_axi_gmem_RLAST     |   in|    1|       m_axi|                gmem|       pointer|
|m_axi_gmem_RID       |   in|    1|       m_axi|                gmem|       pointer|
|m_axi_gmem_RUSER     |   in|    1|       m_axi|                gmem|       pointer|
|m_axi_gmem_RRESP     |   in|    2|       m_axi|                gmem|       pointer|
|m_axi_gmem_BVALID    |   in|    1|       m_axi|                gmem|       pointer|
|m_axi_gmem_BREADY    |  out|    1|       m_axi|                gmem|       pointer|
|m_axi_gmem_BRESP     |   in|    2|       m_axi|                gmem|       pointer|
|m_axi_gmem_BID       |   in|    1|       m_axi|                gmem|       pointer|
|m_axi_gmem_BUSER     |   in|    1|       m_axi|                gmem|       pointer|
|Output_r_dout        |   in|   64|     ap_fifo|            Output_r|       pointer|
|Output_r_empty_n     |   in|    1|     ap_fifo|            Output_r|       pointer|
|Output_r_read        |  out|    1|     ap_fifo|            Output_r|       pointer|
|tempStream_dout      |   in|    8|     ap_fifo|          tempStream|       pointer|
|tempStream_empty_n   |   in|    1|     ap_fifo|          tempStream|       pointer|
|tempStream_read      |  out|    1|     ap_fifo|          tempStream|       pointer|
+---------------------+-----+-----+------------+--------------------+--------------+

