

================================================================
== Vitis HLS Report for 'Filter_HW'
================================================================
* Date:           Thu Oct 26 22:24:17 2023

* Version:        2020.2 (Build 3064766 on Wed Nov 18 09:12:47 MST 2020)
* Project:        ese532_hw7
* Solution:       P3e (Vitis Kernel Flow Target)
* Product family: zynquplus
* Target device:  xczu3eg-sbva484-1-i


================================================================
== Performance Estimates
================================================================
+ Timing: 
    * Summary: 
    +--------+---------+----------+------------+
    |  Clock |  Target | Estimated| Uncertainty|
    +--------+---------+----------+------------+
    |ap_clk  |  6.67 ns|  4.867 ns|     1.80 ns|
    +--------+---------+----------+------------+

+ Latency: 
    * Summary: 
    +---------+---------+----------+----------+--------+--------+----------+
    |  Latency (cycles) |  Latency (absolute) |     Interval    | Pipeline |
    |   min   |   max   |    min   |    max   |   min  |   max  |   Type   |
    +---------+---------+----------+----------+--------+--------+----------+
    |   175810|   445724|  1.172 ms|  2.972 ms|  170372|  275913|  dataflow|
    +---------+---------+----------+----------+--------+--------+----------+

    + Detail: 
        * Instance: 
        N/A

        * Loop: 
        N/A

============================================================
+ Verbose Summary: Synthesis Manager
============================================================
InlineROM: 1
ExposeGlobal: 0
============================================================
+ Verbose Summary: CDFG Model
============================================================
IsTopModel: 1
ResetActiveHigh: 1
IsCombinational: 2
IsDatapathOnly: 0
HasWiredReturn: 1
HasMFsm: 0
HasVarLatency: 1
IsPipeline: 0
IsRtlPipelined: 0
IsInstanceOverlapped: 0
IsDontTouch: 0
HasImplIP: 0
IsGatedGlobalClock: 0


============================================================
+ Verbose Summary: Schedule
============================================================
* Number of FSM states : 4
* Pipeline : 0
* Dataflow Pipeline: 1
  DF-Pipeline-0: Size = 4, States = { 1 2 3 4 }

* FSM state transitions: 
1 --> 2 
2 --> 3 
3 --> 4 
4 --> 

* FSM state operations: 

State 1 <SV = 0> <Delay = 3.16>
ST_1 : Operation 5 [1/1] (1.00ns)   --->   "%Output_read = read i64 @_ssdm_op_Read.s_axilite.i64, i64 %Output_r" [Filter.cpp:141]   --->   Operation 5 'read' 'Output_read' <Predicate = true> <Delay = 1.00> <CoreInst = "s_axilite">   --->   Core 122 's_axilite' <Latency = 0> <II = 1> <Delay = 1.00> <Adapter> <Opcode : 'read' 'write'>
ST_1 : Operation 6 [1/1] (1.00ns)   --->   "%Input_read = read i64 @_ssdm_op_Read.s_axilite.i64, i64 %Input_r" [Filter.cpp:141]   --->   Operation 6 'read' 'Input_read' <Predicate = true> <Delay = 1.00> <CoreInst = "s_axilite">   --->   Core 122 's_axilite' <Latency = 0> <II = 1> <Delay = 1.00> <Adapter> <Opcode : 'read' 'write'>
ST_1 : Operation 7 [1/1] (0.00ns)   --->   "%Output_c = alloca i64 1" [Filter.cpp:141]   --->   Operation 7 'alloca' 'Output_c' <Predicate = true> <Delay = 0.00> <CoreInst = "FIFO_SRL">   --->   Core 81 'FIFO_SRL' <Latency = 0> <II = 1> <Delay = 2.16> <Storage> <Opcode : 'read' 'write' 'nbread' 'nbwrite'> <Ports = 0> <Width = 64> <Depth = 2> <FIFO>
ST_1 : Operation 8 [2/2] (2.16ns)   --->   "%call_ln148 = call void @Filter_horizontal_HW3, i16 %aximm1, i64 %Input_read, i64 %Output_read, i64 %Output_c, i8 %tempStream" [Filter.cpp:148]   --->   Operation 8 'call' 'call_ln148' <Predicate = true> <Delay = 2.16> <CoreType = "Generic">   --->   Core 0 '' <Latency = 0> <II = 1> <Delay = 1.00> <Generic> <Opcode : >

State 2 <SV = 1> <Delay = 0.00>
ST_2 : Operation 9 [1/2] (0.00ns)   --->   "%call_ln148 = call void @Filter_horizontal_HW3, i16 %aximm1, i64 %Input_read, i64 %Output_read, i64 %Output_c, i8 %tempStream" [Filter.cpp:148]   --->   Operation 9 'call' 'call_ln148' <Predicate = true> <Delay = 0.00> <CoreType = "Generic">   --->   Core 0 '' <Latency = 0> <II = 1> <Delay = 1.00> <Generic> <Opcode : >

State 3 <SV = 2> <Delay = 0.00>
ST_3 : Operation 10 [2/2] (0.00ns)   --->   "%call_ln149 = call void @Filter_vertical_HW, i16 %aximm2, i64 %Output_c, i8 %tempStream" [Filter.cpp:149]   --->   Operation 10 'call' 'call_ln149' <Predicate = true> <Delay = 0.00> <CoreType = "Generic">   --->   Core 0 '' <Latency = 0> <II = 1> <Delay = 1.00> <Generic> <Opcode : >

State 4 <SV = 3> <Delay = 0.00>
ST_4 : Operation 11 [1/1] (0.00ns)   --->   "%specdataflowpipeline_ln0 = specdataflowpipeline void @_ssdm_op_SpecDataflowPipeline, i32 4294967295, i32 0, void @empty_11"   --->   Operation 11 'specdataflowpipeline' 'specdataflowpipeline_ln0' <Predicate = true> <Delay = 0.00>
ST_4 : Operation 12 [1/1] (0.00ns)   --->   "%empty = specchannel i32 @_ssdm_op_SpecChannel, void @tempStream_str, i32 1, void @p_str, void @p_str, i32 2, i32 2, i8 %tempStream, i8 %tempStream"   --->   Operation 12 'specchannel' 'empty' <Predicate = true> <Delay = 0.00>
ST_4 : Operation 13 [1/1] (0.00ns)   --->   "%spectopmodule_ln0 = spectopmodule void @_ssdm_op_SpecTopModule, void @empty_15"   --->   Operation 13 'spectopmodule' 'spectopmodule_ln0' <Predicate = true> <Delay = 0.00>
ST_4 : Operation 14 [1/1] (0.00ns)   --->   "%specinterface_ln0 = specinterface void @_ssdm_op_SpecInterface, i32 0, void @empty, i32 0, i32 0, void @empty_11, i32 0, i32 0, void @empty_11, void @empty_11, void @empty_11, i32 0, i32 0, i32 0, i32 0, void @empty_11, void @empty_11"   --->   Operation 14 'specinterface' 'specinterface_ln0' <Predicate = true> <Delay = 0.00>
ST_4 : Operation 15 [1/1] (0.00ns)   --->   "%specinterface_ln0 = specinterface void @_ssdm_op_SpecInterface, i16 %aximm1, void @empty_9, i32 0, i32 0, void @empty_11, i32 64, i32 0, void @empty_0, void @empty_1, void @empty_11, i32 16, i32 16, i32 16, i32 16, void @empty_11, void @empty_11"   --->   Operation 15 'specinterface' 'specinterface_ln0' <Predicate = true> <Delay = 0.00>
ST_4 : Operation 16 [1/1] (0.00ns)   --->   "%specbitsmap_ln0 = specbitsmap void @_ssdm_op_SpecBitsMap, i16 %aximm1"   --->   Operation 16 'specbitsmap' 'specbitsmap_ln0' <Predicate = true> <Delay = 0.00>
ST_4 : Operation 17 [1/1] (0.00ns)   --->   "%specinterface_ln0 = specinterface void @_ssdm_op_SpecInterface, i16 %aximm2, void @empty_9, i32 0, i32 0, void @empty_11, i32 64, i32 0, void @empty_2, void @empty_1, void @empty_11, i32 16, i32 16, i32 16, i32 16, void @empty_11, void @empty_11"   --->   Operation 17 'specinterface' 'specinterface_ln0' <Predicate = true> <Delay = 0.00>
ST_4 : Operation 18 [1/1] (0.00ns)   --->   "%specbitsmap_ln0 = specbitsmap void @_ssdm_op_SpecBitsMap, i16 %aximm2"   --->   Operation 18 'specbitsmap' 'specbitsmap_ln0' <Predicate = true> <Delay = 0.00>
ST_4 : Operation 19 [1/1] (0.00ns)   --->   "%specinterface_ln0 = specinterface void @_ssdm_op_SpecInterface, i64 %Input_r, void @empty_3, i32 0, i32 0, void @empty_11, i32 0, i32 0, void @empty_17, void @empty_13, void @empty_11, i32 0, i32 0, i32 0, i32 0, void @empty_11, void @empty_4"   --->   Operation 19 'specinterface' 'specinterface_ln0' <Predicate = true> <Delay = 0.00>
ST_4 : Operation 20 [1/1] (0.00ns)   --->   "%specinterface_ln0 = specinterface void @_ssdm_op_SpecInterface, i64 %Input_r, void @empty_14, i32 0, i32 0, void @empty_11, i32 0, i32 0, void @empty_11, void @empty_11, void @empty_11, i32 0, i32 0, i32 0, i32 0, void @empty_11, void @empty_4"   --->   Operation 20 'specinterface' 'specinterface_ln0' <Predicate = true> <Delay = 0.00>
ST_4 : Operation 21 [1/1] (0.00ns)   --->   "%specinterface_ln0 = specinterface void @_ssdm_op_SpecInterface, i64 %Output_r, void @empty_3, i32 0, i32 0, void @empty_11, i32 0, i32 0, void @empty_17, void @empty_10, void @empty_11, i32 0, i32 0, i32 0, i32 0, void @empty_11, void @empty_4"   --->   Operation 21 'specinterface' 'specinterface_ln0' <Predicate = true> <Delay = 0.00>
ST_4 : Operation 22 [1/1] (0.00ns)   --->   "%specinterface_ln0 = specinterface void @_ssdm_op_SpecInterface, i64 %Output_r, void @empty_14, i32 0, i32 0, void @empty_11, i32 0, i32 0, void @empty_11, void @empty_11, void @empty_11, i32 0, i32 0, i32 0, i32 0, void @empty_11, void @empty_4"   --->   Operation 22 'specinterface' 'specinterface_ln0' <Predicate = true> <Delay = 0.00>
ST_4 : Operation 23 [1/1] (0.00ns)   --->   "%specinterface_ln0 = specinterface void @_ssdm_op_SpecInterface, i32 0, void @empty_3, i32 0, i32 0, void @empty_11, i32 0, i32 0, void @empty_17, void @empty_11, void @empty_11, i32 0, i32 0, i32 0, i32 0, void @empty_11, void @empty_11"   --->   Operation 23 'specinterface' 'specinterface_ln0' <Predicate = true> <Delay = 0.00>
ST_4 : Operation 24 [1/1] (0.00ns)   --->   "%specinterface_ln0 = specinterface void @_ssdm_op_SpecInterface, i8 %tempStream, void @empty_8, i32 0, i32 0, void @empty_11, i32 0, i32 0, void @empty_11, void @empty_11, void @empty_11, i32 0, i32 0, i32 0, i32 0, void @empty_11, void @empty_11"   --->   Operation 24 'specinterface' 'specinterface_ln0' <Predicate = true> <Delay = 0.00>
ST_4 : Operation 25 [1/1] (0.00ns)   --->   "%empty_66 = specchannel i32 @_ssdm_op_SpecChannel, void @Output_c_str, i32 1, void @p_str, void @p_str, i32 2, i32 0, i64 %Output_c, i64 %Output_c" [Filter.cpp:141]   --->   Operation 25 'specchannel' 'empty_66' <Predicate = true> <Delay = 0.00>
ST_4 : Operation 26 [1/1] (0.00ns)   --->   "%specinterface_ln141 = specinterface void @_ssdm_op_SpecInterface, i64 %Output_c, void @ap_fifo_str, i32 0, i32 0, void @p_str, i32 0, i32 0, void @p_str, void @p_str, void @p_str, i32 2, i32 2, i32 16, i32 16, void @p_str, void @p_str" [Filter.cpp:141]   --->   Operation 26 'specinterface' 'specinterface_ln141' <Predicate = true> <Delay = 0.00>
ST_4 : Operation 27 [1/2] (0.00ns)   --->   "%call_ln149 = call void @Filter_vertical_HW, i16 %aximm2, i64 %Output_c, i8 %tempStream" [Filter.cpp:149]   --->   Operation 27 'call' 'call_ln149' <Predicate = true> <Delay = 0.00> <CoreType = "Generic">   --->   Core 0 '' <Latency = 0> <II = 1> <Delay = 1.00> <Generic> <Opcode : >
ST_4 : Operation 28 [1/1] (0.00ns)   --->   "%ret_ln151 = ret" [Filter.cpp:151]   --->   Operation 28 'ret' 'ret_ln151' <Predicate = true> <Delay = 0.00>


============================================================
+ Verbose Summary: Timing violations
============================================================
Target clock period: 6.67ns, clock uncertainty: 1.8ns.

 <State 1>: 3.17ns
The critical path consists of the following:
	s_axi read on port 'Output_r' (Filter.cpp:141) [7]  (1 ns)
	'call' operation ('call_ln148', Filter.cpp:148) to 'Filter_horizontal_HW3' [26]  (2.17 ns)

 <State 2>: 0ns
The critical path consists of the following:

 <State 3>: 0ns
The critical path consists of the following:

 <State 4>: 0ns
The critical path consists of the following:


============================================================
+ Verbose Summary: Binding
============================================================
N/A
* FSMD analyzer results:
  - Output states:
 - Input state : 
  - Chain level:
	State 1
	State 2
	State 3
	State 4


============================================================
+ Verbose Summary: Datapath Resource usage 
============================================================
N/A
